#
# A fatal error has been detected by the Java Runtime Environment:
#
#  EXCEPTION_UNCAUGHT_CXX_EXCEPTION (0xe06d7363) at pc=0x00007ff8a2cd1f28, pid=36804, tid=37216
#
# JRE version: Java(TM) SE Runtime Environment (8.0_45-b15) (build 1.8.0_45-b15)
# Java VM: Java HotSpot(TM) 64-Bit Server VM (25.45-b02 mixed mode windows-amd64 compressed oops)
# Problematic frame:
# C  [KERNELBASE.dll+0x71f28]
#
# Failed to write core dump. Minidumps are not enabled by default on client versions of Windows
#
# If you would like to submit a bug report, please visit:
#   http://bugreport.java.com/bugreport/crash.jsp
#

---------------  T H R E A D  ---------------

Current thread (0x0000000014029000):  VMThread [stack: 0x0000000015d20000,0x0000000015e20000] [id=37216]

siginfo: ExceptionCode=0xe06d7363, ExceptionInformation=0x0000000019930520 0x0000000015e1f388 0x00007ff893372cb8 0x00007ff8932c0000 

Registers:
RAX=0x0000000000000000, RBX=0x00007ff893372cb8, RCX=0x0000000000000000, RDX=0x0000000000000000
RSP=0x0000000015e1f1d0, RBP=0x0000000015e1f310, RSI=0x00000000ffffffff, RDI=0x00000000272d2750
R8 =0x0000000000000000, R9 =0x0000000000000000, R10=0x0000000000000000, R11=0x0000000000000000
R12=0x0000000000000001, R13=0x0000000000000008, R14=0x0000000000000000, R15=0xffffffffffffffff
RIP=0x00007ff8a2cd1f28, EFLAGS=0x0000000000000202

Top of Stack: (sp=0x0000000015e1f1d0)
0x0000000015e1f1d0:   0000000000000007 00007ff893372cb8
0x0000000015e1f1e0:   00000000ffffffff 00000000272d2750
0x0000000015e1f1f0:   00000001e06d7363 0000000000000000
0x0000000015e1f200:   00007ff8a2cd1f28 00007ff800000004
0x0000000015e1f210:   0000000019930520 0000000015e1f388
0x0000000015e1f220:   00007ff893372cb8 00007ff8932c0000
0x0000000015e1f230:   0000000000000001 00000000272d2750
0x0000000015e1f240:   00000000ffffffff 0000000015e1f320
0x0000000015e1f250:   0000000015e1f310 00007ff8a5b3782f
0x0000000015e1f260:   0000000000000008 0000000000000000
0x0000000015e1f270:   0000000000002000 0000000000000008
0x0000000015e1f280:   00007ff893389000 00007ff8932c0000
0x0000000015e1f290:   00008db40ba4890f 00000000000003ff
0x0000000015e1f2a0:   00007ff893372cb8 00007ff89331e92c
0x0000000015e1f2b0:   00000000c0000001 0000000000000008
0x0000000015e1f2c0:   0000000000000001 00000000272d2750 

Instructions: (pc=0x00007ff8a2cd1f28)
0x00007ff8a2cd1f08:   49 8b d1 44 0f 47 c0 44 89 44 24 38 49 c1 e0 03
0x00007ff8a2cd1f18:   e8 27 b2 00 00 48 8d 4c 24 20 ff 15 c8 a7 05 00
0x00007ff8a2cd1f28:   48 8b 8c 24 c0 00 00 00 48 33 cc e8 98 7a 00 00
0x00007ff8a2cd1f38:   48 81 c4 d8 00 00 00 c3 83 64 24 38 00 eb d6 cc 


Register to memory mapping:

RAX=0x0000000000000000 is an unknown value
RBX=0x00007ff893372cb8 is an unknown value
RCX=0x0000000000000000 is an unknown value
RDX=0x0000000000000000 is an unknown value
RSP=0x0000000015e1f1d0 is an unknown value
RBP=0x0000000015e1f310 is an unknown value
RSI=0x00000000ffffffff is an unallocated location in the heap
RDI=0x00000000272d2750 is an unknown value
R8 =0x0000000000000000 is an unknown value
R9 =0x0000000000000000 is an unknown value
R10=0x0000000000000000 is an unknown value
R11=0x0000000000000000 is an unknown value
R12=0x0000000000000001 is an unknown value
R13=0x0000000000000008 is an unknown value
R14=0x0000000000000000 is an unknown value
R15=0xffffffffffffffff is an unknown value


Stack: [0x0000000015d20000,0x0000000015e20000],  sp=0x0000000015e1f1d0,  free space=1020k
Native frames: (J=compiled Java code, j=interpreted, Vv=VM code, C=native code)
C  [KERNELBASE.dll+0x71f28]
C  [MSVCR110.dll+0x5e92c]
C  [MSVCR110.dll+0x1315c]
C  [MSVCR110.dll+0x136a9]
C  [MSVCR110.dll+0x13e9c]
C  [MSVCR110.dll+0x239e]
C  [MSVCR110.dll+0xaf9e]
C  [MSVCP110.dll+0x397b9]
C  [librdi_common.dll+0x14283e]
C  [librdi_common.dll+0x141449]
C  0x00007ff89d412400
C  0x00007ff89d412682
C  [ntdll.dll+0x152c8]
C  [ntdll.dll+0x5b2ea]
C  [ntdll.dll+0x5b17a]
C  [KERNEL32.DLL+0x24d8a]
C  [MSVCR100.dll+0x20ccd]
V  [jvm.dll+0x20f135]
V  [jvm.dll+0x247ef7]
V  [jvm.dll+0x247196]
V  [jvm.dll+0x247631]
V  [jvm.dll+0x24784e]
V  [jvm.dll+0x29853a]
C  [MSVCR100.dll+0x21d9f]
C  [MSVCR100.dll+0x21e3b]
C  [KERNEL32.DLL+0x18102]
C  [ntdll.dll+0x5c5b4]

VM_Operation (0x000000000014f500): Exit, mode: safepoint, requested by thread 0x0000000002642800


---------------  P R O C E S S  ---------------

Java Threads: ( => current thread )
  0x000000001cf8f000 JavaThread "Spawner Reaper" daemon [_thread_in_native, id=38144, stack(0x000000007fc90000,0x000000007fd90000)]
  0x000000001cf95000 JavaThread "Thread-1658" [_thread_in_native, id=32000, stack(0x000000007ea90000,0x000000007eb90000)]
  0x0000000022a98800 JavaThread "pool-2-thread-10" [_thread_blocked, id=34420, stack(0x000000007ac90000,0x000000007ad90000)]
  0x0000000022a94000 JavaThread "pool-2-thread-9" [_thread_blocked, id=38884, stack(0x00000000715b0000,0x00000000716b0000)]
  0x0000000022a97800 JavaThread "pool-2-thread-8" [_thread_blocked, id=31968, stack(0x00000000680a0000,0x00000000681a0000)]
  0x0000000022a97000 JavaThread "pool-2-thread-7" [_thread_blocked, id=32104, stack(0x0000000062fa0000,0x00000000630a0000)]
  0x000000001c952800 JavaThread "pool-2-thread-6" [_thread_blocked, id=35936, stack(0x000000005e0a0000,0x000000005e1a0000)]
  0x000000001c94f800 JavaThread "pool-2-thread-5" [_thread_blocked, id=34828, stack(0x000000005c8a0000,0x000000005c9a0000)]
  0x000000001ad09000 JavaThread "pool-2-thread-4" [_thread_blocked, id=34732, stack(0x000000005b2a0000,0x000000005b3a0000)]
  0x000000001ad09800 JavaThread "pool-2-thread-3" [_thread_blocked, id=32808, stack(0x00000000599a0000,0x0000000059aa0000)]
  0x000000001ad0e000 JavaThread "pool-2-thread-2" [_thread_blocked, id=36076, stack(0x00000000580a0000,0x00000000581a0000)]
  0x00000000239b8800 JavaThread "pool-2-thread-1" [_thread_blocked, id=33860, stack(0x00000000562a0000,0x00000000563a0000)]
  0x00000000239b8000 JavaThread "Thread-262" daemon [_thread_blocked, id=37944, stack(0x0000000056da0000,0x0000000056ea0000)]
  0x000000001aac3800 JavaThread "TCF Locator DNS Lookup" daemon [_thread_blocked, id=34176, stack(0x00000000254f0000,0x00000000255f0000)]
  0x000000001be91800 JavaThread "TCF Locator Timer" daemon [_thread_blocked, id=32296, stack(0x00000000253f0000,0x00000000254f0000)]
  0x000000001be90000 JavaThread "TCF Locator Receiver" daemon [_thread_in_native, id=23660, stack(0x00000000252f0000,0x00000000253f0000)]
  0x000000001be90800 JavaThread "TCF Timer Dispatcher" daemon [_thread_blocked, id=35124, stack(0x00000000250f0000,0x00000000251f0000)]
  0x0000000017c7b000 JavaThread "EMF Reference Cleaner" daemon [_thread_blocked, id=31000, stack(0x0000000019400000,0x0000000019500000)]
  0x00000000160dc800 JavaThread "Service Thread" daemon [_thread_blocked, id=35912, stack(0x0000000016a20000,0x0000000016b20000)]
  0x000000001605e800 JavaThread "C1 CompilerThread3" daemon [_thread_blocked, id=26376, stack(0x0000000016920000,0x0000000016a20000)]
  0x0000000016058800 JavaThread "C2 CompilerThread2" daemon [_thread_blocked, id=37664, stack(0x0000000016820000,0x0000000016920000)]
  0x0000000016050800 JavaThread "C2 CompilerThread1" daemon [_thread_blocked, id=35832, stack(0x0000000016720000,0x0000000016820000)]
  0x000000001604e800 JavaThread "C2 CompilerThread0" daemon [_thread_blocked, id=34860, stack(0x0000000016620000,0x0000000016720000)]
  0x000000001604c800 JavaThread "Attach Listener" daemon [_thread_blocked, id=36760, stack(0x0000000016520000,0x0000000016620000)]
  0x000000001604b000 JavaThread "Signal Dispatcher" daemon [_thread_blocked, id=31816, stack(0x0000000016420000,0x0000000016520000)]
  0x000000000273e000 JavaThread "Finalizer" daemon [_thread_blocked, id=36776, stack(0x0000000015f20000,0x0000000016020000)]
  0x0000000002737800 JavaThread "Reference Handler" daemon [_thread_blocked, id=33168, stack(0x0000000015e20000,0x0000000015f20000)]
  0x0000000002642800 JavaThread "main" [_thread_blocked, id=34880, stack(0x0000000000050000,0x0000000000150000)]

Other Threads:
=>0x0000000014029000 VMThread [stack: 0x0000000015d20000,0x0000000015e20000] [id=37216]

VM state:at safepoint (shutting down)

VM Mutex/Monitor currently owned by a thread:  ([mutex/lock_event])
[0x00000000027be9c0] Threads_lock - owner thread: 0x0000000014029000

Heap:
 PSYoungGen      total 35840K, used 15755K [0x00000000f5580000, 0x00000000f7d00000, 0x0000000100000000)
  eden space 31232K, 45% used [0x00000000f5580000,0x00000000f6359cc0,0x00000000f7400000)
  from space 4608K, 34% used [0x00000000f7880000,0x00000000f7a091c8,0x00000000f7d00000)
  to   space 4608K, 0% used [0x00000000f7400000,0x00000000f7400000,0x00000000f7880000)
 ParOldGen       total 109056K, used 81109K [0x00000000e0000000, 0x00000000e6a80000, 0x00000000f5580000)
  object space 109056K, 74% used [0x00000000e0000000,0x00000000e4f35480,0x00000000e6a80000)
 Metaspace       used 109394K, capacity 116518K, committed 116864K, reserved 1150976K
  class space    used 12670K, capacity 14927K, committed 14976K, reserved 1048576K

Card table byte_map: [0x0000000011b80000,0x0000000011c90000] byte_map_base: 0x0000000011480000

Marking Bits: (ParMarkBitMap*) 0x0000000073784040
 Begin Bits: [0x0000000012540000, 0x0000000012d40000)
 End Bits:   [0x0000000012d40000, 0x0000000013540000)

Polling page: 0x00000000020c0000

CodeCache: size=245760Kb used=95959Kb max_used=95977Kb free=149800Kb
 bounds [0x00000000027c0000, 0x0000000008640000, 0x00000000117c0000]
 total_blobs=24267 nmethods=23378 adapters=796
 compilation: enabled

Compilation events (10 events):
Event: 9091.431 Thread 0x000000001605e800 31422  s    3       org.eclipse.osgi.baseadaptor.BaseData::close (68 bytes)
Event: 9091.432 Thread 0x000000001605e800 nmethod 31422 0x000000000861fe90 code [0x00000000086200c0, 0x0000000008620f68]
Event: 9091.432 Thread 0x000000001605e800 31423       3       org.eclipse.osgi.framework.internal.core.BundleHost::refresh (83 bytes)
Event: 9091.433 Thread 0x000000001605e800 nmethod 31423 0x000000000861e8d0 code [0x000000000861eb20, 0x000000000861f8f8]
Event: 9091.458 Thread 0x000000001604e800 nmethod 31410 0x000000000862b9d0 code [0x000000000862bcc0, 0x000000000862ed38]
Event: 9091.492 Thread 0x000000001605e800 31424   !   3       org.eclipse.osgi.internal.baseadaptor.BaseStorage::compact (215 bytes)
Event: 9091.494 Thread 0x000000001605e800 nmethod 31424 0x0000000008627bd0 code [0x0000000008628020, 0x000000000862a4e8]
Event: 9091.497 Thread 0x0000000016058800 nmethod 31405 0x0000000008636950 code [0x0000000008636ca0, 0x0000000008639b00]
Event: 9091.554 Thread 0x000000001605e800 31425       3       org.eclipse.osgi.framework.internal.core.AbstractBundle::close (52 bytes)
Event: 9091.555 Thread 0x000000001605e800 nmethod 31425 0x000000000861d410 code [0x000000000861d640, 0x000000000861e348]

GC Heap History (10 events):
Event: 8861.817 GC heap before
{Heap before GC invocations=313 (full 69):
 PSYoungGen      total 35840K, used 32754K [0x00000000f5580000, 0x00000000f7d00000, 0x0000000100000000)
  eden space 31232K, 100% used [0x00000000f5580000,0x00000000f7400000,0x00000000f7400000)
  from space 4608K, 33% used [0x00000000f7400000,0x00000000f757c948,0x00000000f7880000)
  to   space 4608K, 0% used [0x00000000f7880000,0x00000000f7880000,0x00000000f7d00000)
 ParOldGen       total 109056K, used 80837K [0x00000000e0000000, 0x00000000e6a80000, 0x00000000f5580000)
  object space 109056K, 74% used [0x00000000e0000000,0x00000000e4ef1480,0x00000000e6a80000)
 Metaspace       used 108825K, capacity 116166K, committed 116352K, reserved 1150976K
  class space    used 12608K, capacity 14895K, committed 14976K, reserved 1048576K
Event: 8861.821 GC heap after
Heap after GC invocations=313 (full 69):
 PSYoungGen      total 35840K, used 2692K [0x00000000f5580000, 0x00000000f7d00000, 0x0000000100000000)
  eden space 31232K, 0% used [0x00000000f5580000,0x00000000f5580000,0x00000000f7400000)
  from space 4608K, 58% used [0x00000000f7880000,0x00000000f7b212d8,0x00000000f7d00000)
  to   space 4608K, 0% used [0x00000000f7400000,0x00000000f7400000,0x00000000f7880000)
 ParOldGen       total 109056K, used 80885K [0x00000000e0000000, 0x00000000e6a80000, 0x00000000f5580000)
  object space 109056K, 74% used [0x00000000e0000000,0x00000000e4efd480,0x00000000e6a80000)
 Metaspace       used 108825K, capacity 116166K, committed 116352K, reserved 1150976K
  class space    used 12608K, capacity 14895K, committed 14976K, reserved 1048576K
}
Event: 8953.647 GC heap before
{Heap before GC invocations=314 (full 69):
 PSYoungGen      total 35840K, used 33924K [0x00000000f5580000, 0x00000000f7d00000, 0x0000000100000000)
  eden space 31232K, 100% used [0x00000000f5580000,0x00000000f7400000,0x00000000f7400000)
  from space 4608K, 58% used [0x00000000f7880000,0x00000000f7b212d8,0x00000000f7d00000)
  to   space 4608K, 0% used [0x00000000f7400000,0x00000000f7400000,0x00000000f7880000)
 ParOldGen       total 109056K, used 80885K [0x00000000e0000000, 0x00000000e6a80000, 0x00000000f5580000)
  object space 109056K, 74% used [0x00000000e0000000,0x00000000e4efd480,0x00000000e6a80000)
 Metaspace       used 108842K, capacity 116166K, committed 116352K, reserved 1150976K
  class space    used 12608K, capacity 14895K, committed 14976K, reserved 1048576K
Event: 8953.652 GC heap after
Heap after GC invocations=314 (full 69):
 PSYoungGen      total 35840K, used 3057K [0x00000000f5580000, 0x00000000f7d00000, 0x0000000100000000)
  eden space 31232K, 0% used [0x00000000f5580000,0x00000000f5580000,0x00000000f7400000)
  from space 4608K, 66% used [0x00000000f7400000,0x00000000f76fc4a8,0x00000000f7880000)
  to   space 4608K, 0% used [0x00000000f7880000,0x00000000f7880000,0x00000000f7d00000)
 ParOldGen       total 109056K, used 80933K [0x00000000e0000000, 0x00000000e6a80000, 0x00000000f5580000)
  object space 109056K, 74% used [0x00000000e0000000,0x00000000e4f09480,0x00000000e6a80000)
 Metaspace       used 108842K, capacity 116166K, committed 116352K, reserved 1150976K
  class space    used 12608K, capacity 14895K, committed 14976K, reserved 1048576K
}
Event: 9024.455 GC heap before
{Heap before GC invocations=315 (full 69):
 PSYoungGen      total 35840K, used 34289K [0x00000000f5580000, 0x00000000f7d00000, 0x0000000100000000)
  eden space 31232K, 100% used [0x00000000f5580000,0x00000000f7400000,0x00000000f7400000)
  from space 4608K, 66% used [0x00000000f7400000,0x00000000f76fc4a8,0x00000000f7880000)
  to   space 4608K, 0% used [0x00000000f7880000,0x00000000f7880000,0x00000000f7d00000)
 ParOldGen       total 109056K, used 80933K [0x00000000e0000000, 0x00000000e6a80000, 0x00000000f5580000)
  object space 109056K, 74% used [0x00000000e0000000,0x00000000e4f09480,0x00000000e6a80000)
 Metaspace       used 108845K, capacity 116166K, committed 116352K, reserved 1150976K
  class space    used 12608K, capacity 14895K, committed 14976K, reserved 1048576K
Event: 9024.461 GC heap after
Heap after GC invocations=315 (full 69):
 PSYoungGen      total 35840K, used 3188K [0x00000000f5580000, 0x00000000f7d00000, 0x0000000100000000)
  eden space 31232K, 0% used [0x00000000f5580000,0x00000000f5580000,0x00000000f7400000)
  from space 4608K, 69% used [0x00000000f7880000,0x00000000f7b9d1d8,0x00000000f7d00000)
  to   space 4608K, 0% used [0x00000000f7400000,0x00000000f7400000,0x00000000f7880000)
 ParOldGen       total 109056K, used 80997K [0x00000000e0000000, 0x00000000e6a80000, 0x00000000f5580000)
  object space 109056K, 74% used [0x00000000e0000000,0x00000000e4f19480,0x00000000e6a80000)
 Metaspace       used 108845K, capacity 116166K, committed 116352K, reserved 1150976K
  class space    used 12608K, capacity 14895K, committed 14976K, reserved 1048576K
}
Event: 9088.431 GC heap before
{Heap before GC invocations=316 (full 69):
 PSYoungGen      total 35840K, used 34420K [0x00000000f5580000, 0x00000000f7d00000, 0x0000000100000000)
  eden space 31232K, 100% used [0x00000000f5580000,0x00000000f7400000,0x00000000f7400000)
  from space 4608K, 69% used [0x00000000f7880000,0x00000000f7b9d1d8,0x00000000f7d00000)
  to   space 4608K, 0% used [0x00000000f7400000,0x00000000f7400000,0x00000000f7880000)
 ParOldGen       total 109056K, used 80997K [0x00000000e0000000, 0x00000000e6a80000, 0x00000000f5580000)
  object space 109056K, 74% used [0x00000000e0000000,0x00000000e4f19480,0x00000000e6a80000)
 Metaspace       used 108997K, capacity 116326K, committed 116608K, reserved 1150976K
  class space    used 12629K, capacity 14927K, committed 14976K, reserved 1048576K
Event: 9088.435 GC heap after
Heap after GC invocations=316 (full 69):
 PSYoungGen      total 35840K, used 3153K [0x00000000f5580000, 0x00000000f7d00000, 0x0000000100000000)
  eden space 31232K, 0% used [0x00000000f5580000,0x00000000f5580000,0x00000000f7400000)
  from space 4608K, 68% used [0x00000000f7400000,0x00000000f77144a8,0x00000000f7880000)
  to   space 4608K, 0% used [0x00000000f7880000,0x00000000f7880000,0x00000000f7d00000)
 ParOldGen       total 109056K, used 81053K [0x00000000e0000000, 0x00000000e6a80000, 0x00000000f5580000)
  object space 109056K, 74% used [0x00000000e0000000,0x00000000e4f27480,0x00000000e6a80000)
 Metaspace       used 108997K, capacity 116326K, committed 116608K, reserved 1150976K
  class space    used 12629K, capacity 14927K, committed 14976K, reserved 1048576K
}
Event: 9089.981 GC heap before
{Heap before GC invocations=317 (full 69):
 PSYoungGen      total 35840K, used 34385K [0x00000000f5580000, 0x00000000f7d00000, 0x0000000100000000)
  eden space 31232K, 100% used [0x00000000f5580000,0x00000000f7400000,0x00000000f7400000)
  from space 4608K, 68% used [0x00000000f7400000,0x00000000f77144a8,0x00000000f7880000)
  to   space 4608K, 0% used [0x00000000f7880000,0x00000000f7880000,0x00000000f7d00000)
 ParOldGen       total 109056K, used 81053K [0x00000000e0000000, 0x00000000e6a80000, 0x00000000f5580000)
  object space 109056K, 74% used [0x00000000e0000000,0x00000000e4f27480,0x00000000e6a80000)
 Metaspace       used 109024K, capacity 116326K, committed 116608K, reserved 1150976K
  class space    used 12631K, capacity 14927K, committed 14976K, reserved 1048576K
Event: 9089.985 GC heap after
Heap after GC invocations=317 (full 69):
 PSYoungGen      total 35840K, used 1572K [0x00000000f5580000, 0x00000000f7d00000, 0x0000000100000000)
  eden space 31232K, 0% used [0x00000000f5580000,0x00000000f5580000,0x00000000f7400000)
  from space 4608K, 34% used [0x00000000f7880000,0x00000000f7a091c8,0x00000000f7d00000)
  to   space 4608K, 0% used [0x00000000f7400000,0x00000000f7400000,0x00000000f7880000)
 ParOldGen       total 109056K, used 81109K [0x00000000e0000000, 0x00000000e6a80000, 0x00000000f5580000)
  object space 109056K, 74% used [0x00000000e0000000,0x00000000e4f35480,0x00000000e6a80000)
 Metaspace       used 109024K, capacity 116326K, committed 116608K, reserved 1150976K
  class space    used 12631K, capacity 14927K, committed 14976K, reserved 1048576K
}

Deoptimization events (10 events):
Event: 9091.407 Thread 0x000000001cf93800 Uncommon trap: reason=unstable_if action=reinterpret pc=0x0000000005ea87d4 method=org.eclipse.core.internal.jobs.WorkerPool.startJob(Lorg/eclipse/core/internal/jobs/Worker;)Lorg/eclipse/core/internal/jobs/InternalJob; @ 177
Event: 9091.415 Thread 0x0000000022a9f000 Uncommon trap: reason=unstable_if action=reinterpret pc=0x0000000005ea87d4 method=org.eclipse.core.internal.jobs.WorkerPool.startJob(Lorg/eclipse/core/internal/jobs/Worker;)Lorg/eclipse/core/internal/jobs/InternalJob; @ 177
Event: 9091.415 Thread 0x000000001c94a000 Uncommon trap: reason=unstable_if action=reinterpret pc=0x0000000005ea87d4 method=org.eclipse.core.internal.jobs.WorkerPool.startJob(Lorg/eclipse/core/internal/jobs/Worker;)Lorg/eclipse/core/internal/jobs/InternalJob; @ 177
Event: 9091.419 Thread 0x0000000022a93000 Uncommon trap: reason=unstable_if action=reinterpret pc=0x0000000005ea87d4 method=org.eclipse.core.internal.jobs.WorkerPool.startJob(Lorg/eclipse/core/internal/jobs/Worker;)Lorg/eclipse/core/internal/jobs/InternalJob; @ 177
Event: 9091.420 Thread 0x000000001cf92000 Uncommon trap: reason=unstable_if action=reinterpret pc=0x0000000005ea87d4 method=org.eclipse.core.internal.jobs.WorkerPool.startJob(Lorg/eclipse/core/internal/jobs/Worker;)Lorg/eclipse/core/internal/jobs/InternalJob; @ 177
Event: 9091.420 Thread 0x000000001cf8c800 Uncommon trap: reason=unstable_if action=reinterpret pc=0x0000000005ea87d4 method=org.eclipse.core.internal.jobs.WorkerPool.startJob(Lorg/eclipse/core/internal/jobs/Worker;)Lorg/eclipse/core/internal/jobs/InternalJob; @ 177
Event: 9091.421 Thread 0x000000001cf8d800 Uncommon trap: reason=unstable_if action=reinterpret pc=0x0000000005ea87d4 method=org.eclipse.core.internal.jobs.WorkerPool.startJob(Lorg/eclipse/core/internal/jobs/Worker;)Lorg/eclipse/core/internal/jobs/InternalJob; @ 177
Event: 9091.421 Thread 0x000000001ec4b800 Uncommon trap: reason=unstable_if action=reinterpret pc=0x0000000005ea87d4 method=org.eclipse.core.internal.jobs.WorkerPool.startJob(Lorg/eclipse/core/internal/jobs/Worker;)Lorg/eclipse/core/internal/jobs/InternalJob; @ 177
Event: 9091.422 Thread 0x000000001cf94000 Uncommon trap: reason=unstable_if action=reinterpret pc=0x0000000005ea87d4 method=org.eclipse.core.internal.jobs.WorkerPool.startJob(Lorg/eclipse/core/internal/jobs/Worker;)Lorg/eclipse/core/internal/jobs/InternalJob; @ 177
Event: 9091.554 Thread 0x0000000002642800 Uncommon trap: reason=unstable_if action=reinterpret pc=0x00000000045ab3dc method=sun.reflect.UnsafeStaticObjectFieldAccessorImpl.set(Ljava/lang/Object;Ljava/lang/Object;)V @ 13

Internal exceptions (10 events):
Event: 9090.148 Thread 0x0000000002642800 Implicit null exception at 0x00000000053e8a68 to 0x00000000053e93ad
Event: 9090.153 Thread 0x0000000002642800 Implicit null exception at 0x0000000006748c26 to 0x0000000006749005
Event: 9090.724 Thread 0x000000001aac5000 Exception <a 'java/lang/InterruptedException'> (0x00000000f5e57960) thrown at [C:\re\workspace\8-2-build-windows-amd64-cygwin\jdk8u45\3627\hotspot\src\share\vm\runtime\objectMonitor.cpp, line 1683]
Event: 9091.349 Thread 0x0000000002642800 Exception <a 'java/lang/NullPointerException'> (0x00000000f6000948) thrown at [C:\re\workspace\8-2-build-windows-amd64-cygwin\jdk8u45\3627\hotspot\src\share\vm\prims\jvm.cpp, line 1386]
Event: 9091.435 Thread 0x0000000016f6c800 Exception <a 'java/lang/InterruptedException': sleep interrupted> (0x00000000f619d778) thrown at [C:\re\workspace\8-2-build-windows-amd64-cygwin\jdk8u45\3627\hotspot\src\share\vm\prims\jvm.cpp, line 3211]
Event: 9091.437 Thread 0x0000000023184800 Exception <a 'java/lang/InterruptedException'> (0x00000000f619df50) thrown at [C:\re\workspace\8-2-build-windows-amd64-cygwin\jdk8u45\3627\hotspot\src\share\vm\runtime\objectMonitor.cpp, line 1683]
Event: 9091.437 Thread 0x00000000171d5000 Exception <a 'java/lang/InterruptedException'> (0x00000000f61a6360) thrown at [C:\re\workspace\8-2-build-windows-amd64-cygwin\jdk8u45\3627\hotspot\src\share\vm\runtime\objectMonitor.cpp, line 1683]
Event: 9091.554 Thread 0x0000000017205800 Exception <a 'java/lang/InterruptedException'> (0x00000000f613ecf0) thrown at [C:\re\workspace\8-2-build-windows-amd64-cygwin\jdk8u45\3627\hotspot\src\share\vm\runtime\objectMonitor.cpp, line 1683]
Event: 9091.554 Thread 0x0000000002642800 Implicit null exception at 0x00000000045aafd7 to 0x00000000045ab3c9
Event: 9091.556 Thread 0x000000001cf92800 Exception <a 'java/io/IOException'> (0x00000000f63501d8) thrown at [C:\re\workspace\8-2-build-windows-amd64-cygwin\jdk8u45\3627\hotspot\src\share\vm\prims\jni.cpp, line 709]

Events (10 events):
Event: 9091.555 loading class java/util/IdentityHashMap$IdentityHashMapIterator
Event: 9091.555 loading class java/util/IdentityHashMap$IdentityHashMapIterator done
Event: 9091.555 loading class java/util/IdentityHashMap$KeyIterator done
Event: 9091.555 Thread 0x000000001cf92800 Thread added: 0x000000001cf92800
Event: 9091.555 Executing VM operation: RevokeBias
Event: 9091.555 Executing VM operation: RevokeBias done
Event: 9091.555 Executing VM operation: RevokeBias
Event: 9091.555 Executing VM operation: RevokeBias done
Event: 9091.556 Thread 0x000000001cf92800 Thread exited: 0x000000001cf92800
Event: 9091.556 Executing VM operation: Exit


Dynamic libraries:
0x0000000000400000 - 0x000000000044f000 	C:\Logiciels\Xilinx\SDK\2015.4\eclipse\win64.o\eclipse.exe
0x00007ff8a5b00000 - 0x00007ff8a5cc1000 	C:\Windows\SYSTEM32\ntdll.dll
0x00007ff8a53f0000 - 0x00007ff8a549d000 	C:\Windows\system32\KERNEL32.DLL
0x00007ff8a2c60000 - 0x00007ff8a2e48000 	C:\Windows\system32\KERNELBASE.dll
0x00007ff8a4f70000 - 0x00007ff8a50c6000 	C:\Windows\system32\USER32.dll
0x00007ff8a5970000 - 0x00007ff8a5af6000 	C:\Windows\system32\GDI32.dll
0x00007ff8a2fd0000 - 0x00007ff8a306d000 	C:\Windows\system32\msvcrt.dll
0x00007ff899c80000 - 0x00007ff899ef4000 	C:\Windows\WinSxS\amd64_microsoft.windows.common-controls_6595b64144ccf1df_6.0.10586.589_none_a2ddb3caa539acce\COMCTL32.dll
0x00007ff8a54a0000 - 0x00007ff8a571d000 	C:\Windows\system32\combase.dll
0x00007ff8a4d80000 - 0x00007ff8a4e9c000 	C:\Windows\system32\RPCRT4.dll
0x00007ff8a21b0000 - 0x00007ff8a221a000 	C:\Windows\system32\bcryptPrimitives.dll
0x00007ff8a5720000 - 0x00007ff8a575b000 	C:\Windows\system32\IMM32.DLL
0x0000000072000000 - 0x0000000072012000 	C:\Logiciels\Xilinx\SDK\2015.4\eclipse\win64.o\plugins\org.eclipse.equinox.launcher.win32.win32.x86_64_1.1.200.v20140116-2212\eclipse_1503.dll
0x00007ff8a34b0000 - 0x00007ff8a3557000 	C:\Windows\system32\ADVAPI32.dll
0x00007ff8a2f00000 - 0x00007ff8a2f5b000 	C:\Windows\system32\sechost.dll
0x00007ff8a1130000 - 0x00007ff8a113a000 	C:\Windows\SYSTEM32\VERSION.dll
0x00007ff8a07f0000 - 0x00007ff8a0886000 	C:\Windows\system32\uxtheme.dll
0x00007ff8a5290000 - 0x00007ff8a53ea000 	C:\Windows\system32\MSCTF.dll
0x0000000072f80000 - 0x0000000073803000 	C:\Logiciels\Xilinx\SDK\2015.4\tps\win64\jre\bin\server\jvm.dll
0x00007ff8a3740000 - 0x00007ff8a3748000 	C:\Windows\system32\PSAPI.DLL
0x00007ff8a12e0000 - 0x00007ff8a1303000 	C:\Windows\SYSTEM32\WINMM.dll
0x00007ff890b60000 - 0x00007ff890b69000 	C:\Windows\SYSTEM32\WSOCK32.dll
0x0000000074840000 - 0x0000000074912000 	C:\Windows\SYSTEM32\MSVCR100.dll
0x00007ff8a5220000 - 0x00007ff8a528b000 	C:\Windows\system32\WS2_32.dll
0x0000000002090000 - 0x00000000020bc000 	C:\Windows\SYSTEM32\WINMMBASE.dll
0x00007ff8a2560000 - 0x00007ff8a25a3000 	C:\Windows\system32\cfgmgr32.dll
0x0000000075050000 - 0x000000007505f000 	C:\Logiciels\Xilinx\SDK\2015.4\tps\win64\jre\bin\verify.dll
0x0000000075020000 - 0x0000000075049000 	C:\Logiciels\Xilinx\SDK\2015.4\tps\win64\jre\bin\java.dll
0x0000000075000000 - 0x0000000075016000 	C:\Logiciels\Xilinx\SDK\2015.4\tps\win64\jre\bin\zip.dll
0x00007ff8a3820000 - 0x00007ff8a4d7c000 	C:\Windows\system32\SHELL32.dll
0x00007ff8a25b0000 - 0x00007ff8a2bf5000 	C:\Windows\system32\windows.storage.dll
0x00007ff8a5760000 - 0x00007ff8a57b2000 	C:\Windows\system32\shlwapi.dll
0x00007ff8a21a0000 - 0x00007ff8a21af000 	C:\Windows\system32\kernel.appcore.dll
0x00007ff8a23f0000 - 0x00007ff8a24a5000 	C:\Windows\system32\shcore.dll
0x00007ff8a2140000 - 0x00007ff8a218b000 	C:\Windows\system32\powrprof.dll
0x00007ff8a2120000 - 0x00007ff8a2134000 	C:\Windows\system32\profapi.dll
0x00007ff8a1b00000 - 0x00007ff8a1b17000 	C:\Windows\SYSTEM32\CRYPTSP.dll
0x00007ff8a1790000 - 0x00007ff8a17c4000 	C:\Windows\system32\rsaenh.dll
0x00007ff8a1fb0000 - 0x00007ff8a1fd9000 	C:\Windows\SYSTEM32\bcrypt.dll
0x00007ff8a18e0000 - 0x00007ff8a18ff000 	C:\Windows\SYSTEM32\USERENV.dll
0x00007ff8a1c20000 - 0x00007ff8a1c2b000 	C:\Windows\SYSTEM32\CRYPTBASE.dll
0x0000000074fe0000 - 0x0000000074ffa000 	C:\Logiciels\Xilinx\SDK\2015.4\tps\win64\jre\bin\net.dll
0x00007ff8a1a50000 - 0x00007ff8a1aac000 	C:\Windows\system32\mswsock.dll
0x00007ff89e0a0000 - 0x00007ff89e0d8000 	C:\Windows\SYSTEM32\IPHLPAPI.DLL
0x00007ff8a2fc0000 - 0x00007ff8a2fc8000 	C:\Windows\system32\NSI.dll
0x00007ff89c290000 - 0x00007ff89c2a6000 	C:\Windows\SYSTEM32\dhcpcsvc6.DLL
0x00007ff89c270000 - 0x00007ff89c28a000 	C:\Windows\SYSTEM32\dhcpcsvc.DLL
0x0000000074fc0000 - 0x0000000074fd1000 	C:\Logiciels\Xilinx\SDK\2015.4\tps\win64\jre\bin\nio.dll
0x00007ff894b70000 - 0x00007ff894b86000 	C:\Windows\system32\napinsp.dll
0x00007ff894d20000 - 0x00007ff894d3a000 	C:\Windows\system32\pnrpnsp.dll
0x00007ff89e910000 - 0x00007ff89e928000 	C:\Windows\system32\NLAapi.dll
0x00007ff8a0570000 - 0x00007ff8a061a000 	C:\Windows\SYSTEM32\DNSAPI.dll
0x00007ff895790000 - 0x00007ff89579d000 	C:\Windows\System32\winrnr.dll
0x00007ff896d00000 - 0x00007ff896d0a000 	C:\Windows\System32\rasadhlp.dll
0x00007ff89c3d0000 - 0x00007ff89c437000 	C:\Windows\System32\fwpuclnt.dll
0x0000000019100000 - 0x00000000191a8000 	C:\Users\guvacc\.Xilinx\SDK\2015.4\org.eclipse.osgi\bundles\303\1\.cp\swt-win32-4335.dll
0x00007ff8a50d0000 - 0x00007ff8a5213000 	C:\Windows\system32\ole32.dll
0x00007ff8a3560000 - 0x00007ff8a3626000 	C:\Windows\system32\OLEAUT32.dll
0x00007ff8a3630000 - 0x00007ff8a373b000 	C:\Windows\system32\comdlg32.dll
0x00007ff8a24d0000 - 0x00007ff8a2556000 	C:\Windows\system32\FirewallAPI.dll
0x00007ff8a24b0000 - 0x00007ff8a24c7000 	C:\Windows\system32\NETAPI32.dll
0x00007ff8a2220000 - 0x00007ff8a23e8000 	C:\Windows\system32\CRYPT32.dll
0x00007ff8a2190000 - 0x00007ff8a21a0000 	C:\Windows\system32\MSASN1.dll
0x00007ff89aea0000 - 0x00007ff89af24000 	C:\Windows\SYSTEM32\WINSPOOL.DRV
0x00007ff8a0270000 - 0x00007ff8a0288000 	C:\Windows\SYSTEM32\USP10.dll
0x00007ff894db0000 - 0x00007ff8950a7000 	C:\Windows\SYSTEM32\WININET.dll
0x00007ff89f8d0000 - 0x00007ff89f8dc000 	C:\Windows\SYSTEM32\DAVHLPR.DLL
0x00007ff8a09c0000 - 0x00007ff8a09f2000 	C:\Windows\SYSTEM32\fwbase.dll
0x00007ff89fa10000 - 0x00007ff89fa32000 	C:\Windows\system32\dwmapi.dll
0x00007ff89dec0000 - 0x00007ff89e046000 	C:\Windows\SYSTEM32\propsys.dll
0x00007ff8a3750000 - 0x00007ff8a37f7000 	C:\Windows\system32\clbcatq.dll
0x0000000019740000 - 0x000000001975e000 	C:\Users\guvacc\.Xilinx\SDK\2015.4\org.eclipse.osgi\bundles\303\1\.cp\swt-gdip-win32-4335.dll
0x00007ff89b5f0000 - 0x00007ff89b798000 	C:\Windows\WinSxS\amd64_microsoft.windows.gdiplus_6595b64144ccf1df_1.1.10586.633_none_d3c2a78dffd18a24\gdiplus.dll
0x00007ff8935f0000 - 0x00007ff8937a1000 	C:\Windows\SYSTEM32\WindowsCodecs.dll
0x00007ff8a01f0000 - 0x00007ff8a0201000 	C:\Users\guvacc\.Xilinx\SDK\2015.4\org.eclipse.osgi\bundles\124\1\.cp\jWinHttp-1.0.0.dll
0x00007ff89e130000 - 0x00007ff89e1f8000 	C:\Windows\SYSTEM32\WINHTTP.dll
0x00007ff89f6e0000 - 0x00007ff89f74a000 	C:\Windows\SYSTEM32\oleacc.dll
0x00007ff8a0220000 - 0x00007ff8a025e000 	C:\Windows\system32\mlang.dll
0x00007ff89fc30000 - 0x00007ff89fc7a000 	C:\Windows\system32\dataexchange.dll
0x00007ff898ab0000 - 0x00007ff898d58000 	C:\Windows\system32\d3d11.dll
0x00007ff89d220000 - 0x00007ff89d303000 	C:\Windows\system32\dcomp.dll
0x00007ff89dc20000 - 0x00007ff89dcc2000 	C:\Windows\system32\dxgi.dll
0x00007ff8a0620000 - 0x00007ff8a0720000 	C:\Windows\system32\twinapi.appcore.dll
0x00007ff87d4c0000 - 0x00007ff87e193000 	C:\Windows\System32\ieframe.dll
0x00007ff89a410000 - 0x00007ff89a798000 	C:\Windows\System32\iertutil.dll
0x00007ff8a4f00000 - 0x00007ff8a4f6f000 	C:\Windows\system32\coml2.dll
0x00007ff893fc0000 - 0x00007ff894177000 	C:\Windows\SYSTEM32\urlmon.dll
0x00007ff8a1fe0000 - 0x00007ff8a2079000 	C:\Windows\SYSTEM32\sxs.dll
0x00007ff87bc10000 - 0x00007ff87d39f000 	C:\Windows\System32\mshtml.dll
0x00007ff8a1e00000 - 0x00007ff8a1e2d000 	C:\Windows\SYSTEM32\SspiCli.dll
0x00007ff89bf60000 - 0x00007ff89bf81000 	C:\Windows\SYSTEM32\srpapi.dll
0x00007ff88b150000 - 0x00007ff88b302000 	C:\Windows\SYSTEM32\ieapfltr.dll
0x00007ff89ef50000 - 0x00007ff89ef60000 	C:\Windows\system32\msimtf.dll
0x00007ff8a1200000 - 0x00007ff8a120c000 	C:\Windows\SYSTEM32\Secur32.dll
0x00007ff87b860000 - 0x00007ff87b9bc000 	C:\Windows\System32\uiautomationcore.dll
0x00007ff89f590000 - 0x00007ff89f5a5000 	C:\Windows\SYSTEM32\ondemandconnroutehelper.dll
0x00007ff89eaa0000 - 0x00007ff89eaab000 	C:\Windows\SYSTEM32\WINNSI.DLL
0x00007ff8970c0000 - 0x00007ff897605000 	C:\Windows\SYSTEM32\d2d1.dll
0x00007ff888f40000 - 0x00007ff88919f000 	C:\Windows\SYSTEM32\DWrite.dll
0x00007ff88fca0000 - 0x00007ff88fd68000 	C:\Windows\system32\jscript.dll
0x00007ff89cda0000 - 0x00007ff89cdda000 	C:\Windows\SYSTEM32\msls31.dll
0x0000000022a30000 - 0x0000000022a42000 	C:\Users\guvacc\.Xilinx\SDK\2015.4\org.eclipse.osgi\bundles\121\1\.cp\os\win32\x86_64\localfile_1_0_0.dll
0x00007ff88fa10000 - 0x00007ff88fb0a000 	C:\Windows\System32\DDRAW.dll
0x00007ff8a12a0000 - 0x00007ff8a12a8000 	C:\Windows\System32\DCIMAN32.dll
0x00007ff8a0290000 - 0x00007ff8a029f000 	C:\Logiciels\Xilinx\SDK\2015.4\lib\win64.o\librdi_repo_manager.dll
0x00007ff888280000 - 0x00007ff88846c000 	C:\Logiciels\Xilinx\SDK\2015.4\lib\win64.o\librdi_hsm.dll
0x00007ff850d70000 - 0x00007ff8516fd000 	C:\Logiciels\Xilinx\SDK\2015.4\lib\win64.o\librdi_common.dll
0x00007ff89bd50000 - 0x00007ff89bd7a000 	C:\Logiciels\Xilinx\SDK\2015.4\lib\win64.o\libisl_sysinfo.dll
0x00007ff897f30000 - 0x00007ff897f84000 	C:\Logiciels\Xilinx\SDK\2015.4\lib\win64.o\librdi_commonxillic.dll
0x00007ff897d30000 - 0x00007ff897dd7000 	C:\Windows\SYSTEM32\MSVCP110.dll
0x00007ff8932c0000 - 0x00007ff893394000 	C:\Windows\SYSTEM32\MSVCR110.dll
0x00007ff887b20000 - 0x00007ff887d3e000 	C:\Logiciels\Xilinx\SDK\2015.4\lib\win64.o\libXil_lmgr11.dll
0x00007ff882b70000 - 0x00007ff882c6a000 	C:\Logiciels\Xilinx\SDK\2015.4\lib\win64.o\libboost_regex.dll
0x00007ff89bcb0000 - 0x00007ff89bcd2000 	C:\Logiciels\Xilinx\SDK\2015.4\lib\win64.o\libboost_filesystem.dll
0x00007ff8a2c00000 - 0x00007ff8a2c55000 	C:\Windows\system32\WINTRUST.dll
0x00007ff89edf0000 - 0x00007ff89edf9000 	C:\Logiciels\Xilinx\SDK\2015.4\lib\win64.o\libboost_system.dll
0x00007ff897b60000 - 0x00007ff897ba3000 	C:\Logiciels\Xilinx\SDK\2015.4\lib\win64.o\librdi_hdf.dll
0x00007ff8806f0000 - 0x00007ff880945000 	C:\Logiciels\Xilinx\SDK\2015.4\lib\win64.o\librdi_ippcw.dll
0x0000000075060000 - 0x0000000075187000 	C:\Logiciels\Xilinx\SDK\2015.4\lib\win64.o\tcl85t.dll
0x00007ff89d880000 - 0x00007ff89d890000 	C:\Logiciels\Xilinx\SDK\2015.4\lib\win64.o\libboost_date_time.dll
0x00007ff880030000 - 0x00007ff88039e000 	C:\Logiciels\Xilinx\SDK\2015.4\lib\win64.o\libCOIN-all.dll
0x00007ff895360000 - 0x00007ff8953d4000 	C:\Logiciels\Xilinx\SDK\2015.4\lib\win64.o\libboost_program_options.dll
0x00007ff89c6a0000 - 0x00007ff89c6b3000 	C:\Logiciels\Xilinx\SDK\2015.4\lib\win64.o\libboost_signals.dll
0x00007ff89b7d0000 - 0x00007ff89b7ed000 	C:\Logiciels\Xilinx\SDK\2015.4\lib\win64.o\libboost_thread.dll
0x00007ff89d510000 - 0x00007ff89d51b000 	C:\Logiciels\Xilinx\SDK\2015.4\lib\win64.o\libboost_xilinx.dll
0x00007ff893570000 - 0x00007ff8935f0000 	C:\Logiciels\Xilinx\SDK\2015.4\lib\win64.o\libhdlpsolve.dll
0x00007ff890d20000 - 0x00007ff890dba000 	C:\Logiciels\Xilinx\SDK\2015.4\lib\win64.o\libhdxml.dll
0x00007ff87af60000 - 0x00007ff87b394e00 	C:\Logiciels\Xilinx\SDK\2015.4\lib\win64.o\libisl_iostreams.dll

VM Arguments:
jvm_args: -Dcom.xilinx.sdk.args.hwspec=C:/temp/inf3995-02/tp/tp2/adv7511_zed.sdk/system_top.hdf -Xms64m -Xmx512m & 
java_command: <unknown>
java_class_path (initial): C:\Logiciels\Xilinx\SDK\2015.4\eclipse\win64.o\\plugins/org.eclipse.equinox.launcher_1.3.0.v20130327-1440.jar
Launcher Type: generic

Environment Variables:
JAVA_HOME=C:\Program Files\Java\jdk1.8.0_102
USERNAME=guvacc
OS=Windows_NT
PROCESSOR_IDENTIFIER=Intel64 Family 6 Model 30 Stepping 5, GenuineIntel



---------------  S Y S T E M  ---------------

OS: Windows 10.0 , 64 bit Build 10586 (10.0.10586.589)

CPU:total 8 (4 cores per cpu, 2 threads per core) family 6 model 30 stepping 5, cmov, cx8, fxsr, mmx, sse, sse2, sse3, ssse3, sse4.1, sse4.2, popcnt, ht, tsc, tscinvbit

Memory: 4k page, physical 16708992k(10938736k free), swap 19723648k(13407680k free)

vm_info: Java HotSpot(TM) 64-Bit Server VM (25.45-b02) for windows-amd64 JRE (1.8.0_45-b15), built on Apr 30 2015 12:40:44 by "java_re" with MS VC++ 10.0 (VS2010)

time: Tue Oct 18 15:48:06 2016
elapsed time: 9092 seconds (0d 2h 31m 32s)

