#-----------------------------------------------------------
# Vivado v2015.4 (64-bit)
# SW Build 1412921 on Wed Nov 18 09:43:45 MST 2015
# IP Build 1412160 on Tue Nov 17 13:47:24 MST 2015
# Start of session at: Thu Sep 08 14:01:11 2016
# Process ID: 44004
# Current directory: C:/Temp/Tp2/tp2Code
# Command line: vivado.exe -gui_launcher_event rodinguilauncherevent45176 C:\Temp\Tp2\tp2Code\adv7511_zed.xpr
# Log file: C:/Temp/Tp2/tp2Code/vivado.log
# Journal file: C:/Temp/Tp2/tp2Code\vivado.jou
#-----------------------------------------------------------
start_gui
open_project C:/Temp/Tp2/tp2Code/adv7511_zed.xpr
Scanning sources...
Finished scanning sources
INFO: [IP_Flow 19-234] Refreshing IP repositories
INFO: [IP_Flow 19-1700] Loaded user IP repository 'c:/Temp/Tp2/tp2Code/library'.
INFO: [IP_Flow 19-2313] Loaded Vivado IP repository 'C:/Logiciels/Xilinx/Vivado/2015.4/data/ip'.
open_project: Time (s): cpu = 00:00:23 ; elapsed = 00:00:18 . Memory (MB): peak = 827.230 ; gain = 237.445
launch_sdk -workspace C:/Temp/Tp2/tp2Code/adv7511_zed.sdk -hwspec C:/Temp/Tp2/tp2Code/adv7511_zed.sdk/system_top.hdf
INFO: [Vivado 12-393] Launching SDK...
INFO: [Vivado 12-417] Running xsdk -workspace C:/Temp/Tp2/tp2Code/adv7511_zed.sdk -hwspec C:/Temp/Tp2/tp2Code/adv7511_zed.sdk/system_top.hdf
INFO: [Vivado 12-3157] SDK launch initiated. Please check console for any further messages.
launch_sdk -workspace C:/Temp/Tp2/tp2Code/adv7511_zed.sdk -hwspec C:/Temp/Tp2/tp2Code/adv7511_zed.sdk/system_top.hdf
INFO: [Vivado 12-393] Launching SDK...
INFO: [Vivado 12-417] Running xsdk -workspace C:/Temp/Tp2/tp2Code/adv7511_zed.sdk -hwspec C:/Temp/Tp2/tp2Code/adv7511_zed.sdk/system_top.hdf
INFO: [Vivado 12-3157] SDK launch initiated. Please check console for any further messages.
exit
INFO: [Common 17-206] Exiting Vivado at Thu Sep 08 17:29:15 2016...
