#-----------------------------------------------------------
# Vivado v2015.4 (64-bit)
# SW Build 1412921 on Wed Nov 18 09:43:45 MST 2015
# IP Build 1412160 on Tue Nov 17 13:47:24 MST 2015
# Start of session at: Tue Oct 18 12:58:33 2016
# Process ID: 34664
# Current directory: C:/TEMP/inf3995-02/tp/tp2
# Command line: vivado.exe -gui_launcher_event rodinguilauncherevent35608 C:\temp\inf3995-02\tp\tp2\adv7511_zed.xpr
# Log file: C:/TEMP/inf3995-02/tp/tp2/vivado.log
# Journal file: C:/TEMP/inf3995-02/tp/tp2\vivado.jou
#-----------------------------------------------------------
start_gui
open_project C:/temp/inf3995-02/tp/tp2/adv7511_zed.xpr
INFO: [Project 1-313] Project file moved from 'C:/Temp/inf3995-02/TP2/tp2Code' since last save.
Scanning sources...
Finished scanning sources
WARNING: [Project 1-509] GeneratedRun file for 'synth_1' not found
WARNING: [Project 1-509] GeneratedRun file for 'impl_1' not found
WARNING: [filemgmt 56-2] IPUserFilesDir: Could not find the directory 'C:/temp/inf3995-02/tp/tp2/adv7511_zed.ip_user_files', nor could it be found using path 'C:/Temp/inf3995-02/TP2/tp2Code/adv7511_zed.ip_user_files'.
WARNING: [filemgmt 56-2] IPStaticSourceDir: Could not find the directory 'C:/temp/inf3995-02/tp/tp2/adv7511_zed.ip_user_files/ipstatic', nor could it be found using path 'C:/Temp/inf3995-02/TP2/tp2Code/adv7511_zed.ip_user_files/ipstatic'.
INFO: [IP_Flow 19-234] Refreshing IP repositories
INFO: [IP_Flow 19-1700] Loaded user IP repository 'c:/temp/inf3995-02/tp/tp2/library'.
INFO: [IP_Flow 19-2313] Loaded Vivado IP repository 'C:/Logiciels/Xilinx/Vivado/2015.4/data/ip'.
open_project: Time (s): cpu = 00:00:18 ; elapsed = 00:00:12 . Memory (MB): peak = 850.098 ; gain = 181.629
launch_runs impl_1 -to_step write_bitstream -jobs 4
[Tue Oct 18 12:59:09 2016] Launched synth_1...
Run output will be captured here: C:/temp/inf3995-02/tp/tp2/adv7511_zed.runs/synth_1/runme.log
[Tue Oct 18 12:59:09 2016] Launched impl_1...
Run output will be captured here: C:/temp/inf3995-02/tp/tp2/adv7511_zed.runs/impl_1/runme.log
INFO: [Vivado 12-4158] Exported Hardware file is out of date. Exported hardware information may be inconsistent with respect to the current state of the design. It is recommended that you re-export the design and launch SDK otherwise SDK is launched with out of date hardware system file.
file copy -force C:/temp/inf3995-02/tp/tp2/adv7511_zed.runs/impl_1/system_top.sysdef C:/temp/inf3995-02/tp/tp2/adv7511_zed.sdk/system_top.hdf

launch_sdk -workspace C:/temp/inf3995-02/tp/tp2/adv7511_zed.sdk -hwspec C:/temp/inf3995-02/tp/tp2/adv7511_zed.sdk/system_top.hdf
INFO: [Vivado 12-393] Launching SDK...
INFO: [Vivado 12-417] Running xsdk -workspace C:/temp/inf3995-02/tp/tp2/adv7511_zed.sdk -hwspec C:/temp/inf3995-02/tp/tp2/adv7511_zed.sdk/system_top.hdf
INFO: [Vivado 12-3157] SDK launch initiated. Please check console for any further messages.
launch_sdk -workspace C:/temp/inf3995-02/tp/tp2/adv7511_zed.sdk -hwspec C:/temp/inf3995-02/tp/tp2/adv7511_zed.sdk/system_top.hdf
INFO: [Vivado 12-393] Launching SDK...
INFO: [Vivado 12-417] Running xsdk -workspace C:/temp/inf3995-02/tp/tp2/adv7511_zed.sdk -hwspec C:/temp/inf3995-02/tp/tp2/adv7511_zed.sdk/system_top.hdf
INFO: [Vivado 12-3157] SDK launch initiated. Please check console for any further messages.
file mkdir C:/temp/inf3995-02/tp/tp2/adv7511_zed.sdk
file copy -force C:/temp/inf3995-02/tp/tp2/adv7511_zed.runs/impl_1/system_top.sysdef C:/temp/inf3995-02/tp/tp2/adv7511_zed.sdk/system_top.hdf

launch_sdk -workspace C:/temp/inf3995-02/tp/tp2/adv7511_zed.sdk -hwspec C:/temp/inf3995-02/tp/tp2/adv7511_zed.sdk/system_top.hdf
INFO: [Vivado 12-393] Launching SDK...
INFO: [Vivado 12-417] Running xsdk -workspace C:/temp/inf3995-02/tp/tp2/adv7511_zed.sdk -hwspec C:/temp/inf3995-02/tp/tp2/adv7511_zed.sdk/system_top.hdf
INFO: [Vivado 12-3157] SDK launch initiated. Please check console for any further messages.
