#-----------------------------------------------------------
# Vivado v2015.4 (64-bit)
# SW Build 1412921 on Wed Nov 18 09:43:45 MST 2015
# IP Build 1412160 on Tue Nov 17 13:47:24 MST 2015
# Start of session at: Mon Sep 19 13:33:06 2016
# Process ID: 26144
# Current directory: C:/Temp/inf3995-02/TP2/tp2Code
# Command line: vivado.exe -gui_launcher_event rodinguilauncherevent23804 C:\Temp\inf3995-02\TP2\tp2Code\adv7511_zed.xpr
# Log file: C:/Temp/inf3995-02/TP2/tp2Code/vivado.log
# Journal file: C:/Temp/inf3995-02/TP2/tp2Code\vivado.jou
#-----------------------------------------------------------
start_gui
open_project C:/Temp/inf3995-02/TP2/tp2Code/adv7511_zed.xpr
INFO: [Project 1-313] Project file moved from 'C:/Temp/Tp2/tp2Code' since last save.
Scanning sources...
Finished scanning sources
INFO: [IP_Flow 19-234] Refreshing IP repositories
INFO: [IP_Flow 19-1700] Loaded user IP repository 'c:/Temp/inf3995-02/TP2/tp2Code/library'.
INFO: [IP_Flow 19-2313] Loaded Vivado IP repository 'C:/Logiciels/Xilinx/Vivado/2015.4/data/ip'.
open_project: Time (s): cpu = 00:00:24 ; elapsed = 00:00:17 . Memory (MB): peak = 915.254 ; gain = 242.070
launch_sdk -workspace C:/Temp/inf3995-02/TP2/tp2Code/adv7511_zed.sdk -hwspec C:/Temp/inf3995-02/TP2/tp2Code/adv7511_zed.sdk/system_top.hdf
INFO: [Vivado 12-393] Launching SDK...
INFO: [Vivado 12-417] Running xsdk -workspace C:/Temp/inf3995-02/TP2/tp2Code/adv7511_zed.sdk -hwspec C:/Temp/inf3995-02/TP2/tp2Code/adv7511_zed.sdk/system_top.hdf
INFO: [Vivado 12-3157] SDK launch initiated. Please check console for any further messages.
exit
INFO: [Common 17-206] Exiting Vivado at Mon Sep 19 13:50:01 2016...
