14:02:25 INFO  : Launching XSDB server: xsdb.bat C:/Logiciels/Xilinx/SDK/2015.4/scripts/xsdb/xsdb/xsdb-server.tcl
14:02:28 INFO  : XSDB server has started successfully.
14:02:30 INFO  : Processing command line option -hwspec C:/Temp/Tp2/tp2Code/adv7511_zed.sdk/system_top.hdf.
14:02:30 INFO  : Checking for hwspec changes in the project system_top_hw_platform_0.
14:08:10 INFO  : Launching XSDB server: xsdb.bat C:/Logiciels/Xilinx/SDK/2015.4/scripts/xsdb/xsdb/xsdb-server.tcl
14:08:12 INFO  : XSDB server has started successfully.
14:08:12 INFO  : Processing command line option -hwspec C:/Temp/Tp2/tp2Code/adv7511_zed.sdk/system_top.hdf.
14:08:12 INFO  : Checking for hwspec changes in the project system_top_hw_platform_0.
14:14:41 INFO  : Refreshed build settings on project INF3995_TP2
12:44:11 INFO  : Launching XSDB server: xsdb.bat C:/Logiciels/Xilinx/SDK/2015.4/scripts/xsdb/xsdb/xsdb-server.tcl
12:44:13 INFO  : XSDB server has started successfully.
12:50:53 INFO  : Refreshed build settings on project tp2
12:55:07 ERROR : Unable to load properties file .sdkproject for project bsp.
13:00:34 INFO  : Refreshed build settings on project tp2
13:03:57 INFO  : Connected to target on host '127.0.0.1' and port '3121'.
13:03:57 INFO  : 'targets -set -filter {jtag_cable_name =~ "Digilent Zed 210248684749" && level==0} -index 1' command is executed.
13:04:00 INFO  : FPGA configured successfully with bitstream "C:/Temp/inf3995-02/TP2/tp2Code/adv7511_zed.sdk/system_top_hw_platform_0/system_top.bit"
13:04:43 INFO  : ps7_init is completed.
13:04:43 INFO  : ps7_post_config is completed.
13:04:43 INFO  : Processor reset is completed for ps7_cortexa9_0
13:05:22 INFO  : ps7_cortexa9_0 Processor is in use. Please stop existing Run or Debug sessions before launching.
13:06:51 INFO  : Processor reset is completed for ps7_cortexa9_0
13:16:57 INFO  : Processor reset is completed for ps7_cortexa9_0
13:17:37 INFO  : Processor reset is completed for ps7_cortexa9_0
13:18:11 INFO  : Processor reset is completed for ps7_cortexa9_0
13:18:25 INFO  : Processor reset is completed for ps7_cortexa9_0
13:19:36 INFO  : Processor reset is completed for ps7_cortexa9_0
13:20:31 ERROR : Unexpected error while parsing XMD response ?: com.google.gson.JsonSyntaxException: com.google.gson.stream.MalformedJsonException: invalid number or unquoted string near 
13:20:48 INFO  : Launching XSDB server: xsdb.bat C:/Logiciels/Xilinx/SDK/2015.4/scripts/xsdb/xsdb/xsdb-server.tcl
13:20:49 INFO  : XSDB server has started successfully.
13:22:26 INFO  : Refreshed build settings on project tp2
13:23:03 INFO  : Refreshed build settings on project tp2
13:24:19 INFO  : Connected to target on host '127.0.0.1' and port '3121'.
13:24:23 INFO  : 'targets -set -filter {jtag_cable_name =~ "Digilent Zed 210248684749" && level==0} -index 1' command is executed.
13:24:25 INFO  : FPGA configured successfully with bitstream "C:/Temp/inf3995-02/TP2/tp2Code/adv7511_zed.sdk/system_top_hw_platform_0/system_top.bit"
13:24:49 INFO  : Connected to target on host '127.0.0.1' and port '3121'.
13:24:49 INFO  : 'targets -set -filter {jtag_cable_name =~ "Digilent Zed 210248684749" && level==0} -index 1' command is executed.
13:24:51 INFO  : FPGA configured successfully with bitstream "C:/Temp/inf3995-02/TP2/tp2Code/adv7511_zed.sdk/system_top_hw_platform_0/system_top.bit"
13:25:17 INFO  : ps7_init is completed.
13:25:17 INFO  : ps7_post_config is completed.
13:25:17 INFO  : Processor reset is completed for ps7_cortexa9_0
13:30:18 INFO  : Processor reset is completed for ps7_cortexa9_0
13:31:49 INFO  : Processor reset is completed for ps7_cortexa9_0
13:32:09 INFO  : FPGA Cable Disconnected. All active launches will be terminated.
13:32:09 WARN  : Terminating existing sessions on processor ps7_cortexa9_0
13:32:27 INFO  : Connected to target on host '127.0.0.1' and port '3121'.
13:32:27 INFO  : 'targets -set -filter {jtag_cable_name =~ "Digilent Zed 210248684749" && level==0} -index 1' command is executed.
13:32:30 INFO  : FPGA configured successfully with bitstream "C:/Temp/inf3995-02/TP2/tp2Code/adv7511_zed.sdk/system_top_hw_platform_0/system_top.bit"
13:32:33 INFO  : ps7_init is completed.
13:32:33 INFO  : ps7_post_config is completed.
13:32:34 INFO  : Processor reset is completed for ps7_cortexa9_0
13:32:59 ERROR : Unexpected error while parsing XMD response ?: com.google.gson.JsonSyntaxException: com.google.gson.stream.MalformedJsonException: invalid number or unquoted string near 
13:33:52 INFO  : Launching XSDB server: xsdb.bat C:/Logiciels/Xilinx/SDK/2015.4/scripts/xsdb/xsdb/xsdb-server.tcl
13:33:54 INFO  : XSDB server has started successfully.
13:33:54 INFO  : Processing command line option -hwspec C:/Temp/inf3995-02/TP2/tp2Code/adv7511_zed.sdk/system_top.hdf.
13:35:06 INFO  : Refreshed build settings on project tp2
13:35:39 INFO  : Refreshed build settings on project tp2
13:37:25 INFO  : Connected to target on host '127.0.0.1' and port '3121'.
13:37:28 INFO  : 'targets -set -filter {jtag_cable_name =~ "Digilent Zed 210248684749" && level==0} -index 1' command is executed.
13:37:31 INFO  : FPGA configured successfully with bitstream "C:/Temp/inf3995-02/TP2/tp2Code/adv7511_zed.sdk/system_top_hw_platform_0/system_top.bit"
13:38:03 INFO  : Connected to target on host '127.0.0.1' and port '3121'.
13:38:03 INFO  : 'targets -set -filter {jtag_cable_name =~ "Digilent Zed 210248684749" && level==0} -index 1' command is executed.
13:38:06 INFO  : FPGA configured successfully with bitstream "C:/Temp/inf3995-02/TP2/tp2Code/adv7511_zed.sdk/system_top_hw_platform_0/system_top.bit"
13:38:25 INFO  : ps7_init is completed.
13:38:25 INFO  : ps7_post_config is completed.
13:38:25 INFO  : Processor reset is completed for ps7_cortexa9_0
13:39:04 INFO  : ps7_cortexa9_0 Processor is in use. Please stop existing Run or Debug sessions before launching.
13:39:06 INFO  : Processor reset is completed for ps7_cortexa9_0
13:40:15 INFO  : Connected to target on host '127.0.0.1' and port '3121'.
13:40:15 INFO  : 'targets -set -filter {jtag_cable_name =~ "Digilent Zed 210248684749" && level==0} -index 1' command is executed.
13:40:17 INFO  : FPGA configured successfully with bitstream "C:/Temp/inf3995-02/TP2/tp2Code/adv7511_zed.sdk/system_top_hw_platform_0/system_top.bit"
13:40:42 INFO  : Processor reset is completed for ps7_cortexa9_0
13:49:56 ERROR : Unexpected error while parsing XMD response ?: com.google.gson.JsonSyntaxException: com.google.gson.stream.MalformedJsonException: invalid number or unquoted string near 
14:13:11 INFO  : Launching XSDB server: xsdb.bat C:/Logiciels/Xilinx/SDK/2015.4/scripts/xsdb/xsdb/xsdb-server.tcl
14:13:12 INFO  : XSDB server has started successfully.
14:13:47 INFO  : Connected to target on host '127.0.0.1' and port '3121'.
14:13:47 INFO  : 'targets -set -filter {jtag_cable_name =~ "Digilent Zed 210248684981" && level==0} -index 1' command is executed.
14:13:50 INFO  : FPGA configured successfully with bitstream "C:/Temp/tp2Code/adv7511_zed.sdk/system_top_hw_platform_0/system_top.bit"
14:14:01 INFO  : Processor reset is completed for ps7_cortexa9_0
14:16:59 INFO  : Processor reset is completed for ps7_cortexa9_0
14:17:25 INFO  : Connected to target on host '127.0.0.1' and port '3121'.
14:17:25 INFO  : 'targets -set -filter {jtag_cable_name =~ "Digilent Zed 210248684981" && level==0} -index 1' command is executed.
14:17:28 INFO  : FPGA configured successfully with bitstream "C:/Temp/tp2Code/adv7511_zed.sdk/system_top_hw_platform_0/system_top.bit"
14:17:33 INFO  : ps7_init is completed.
14:17:33 INFO  : ps7_post_config is completed.
14:17:34 INFO  : Processor reset is completed for ps7_cortexa9_0
14:18:14 INFO  : Processor reset is completed for ps7_cortexa9_0
14:18:34 INFO  : Processor reset is completed for ps7_cortexa9_0
14:18:43 INFO  : ps7_cortexa9_0 Processor is in use. Please stop existing Run or Debug sessions before launching.
14:18:45 INFO  : Processor reset is completed for ps7_cortexa9_0
14:18:47 ERROR : Unexpected error while launching program.
java.lang.RuntimeException: Error stopping at main.
	at com.xilinx.sdk.debug.core.XilinxAppLaunchConfigurationDelegate.debugApplication(XilinxAppLaunchConfigurationDelegate.java:806)
	at com.xilinx.sdk.debug.core.XilinxAppLaunchConfigurationDelegate.launch(XilinxAppLaunchConfigurationDelegate.java:311)
	at com.xilinx.sdk.debug.ui.XilinxAppLaunchDelegateWrapper.launch(XilinxAppLaunchDelegateWrapper.java:31)
	at org.eclipse.debug.internal.core.LaunchConfiguration.launch(LaunchConfiguration.java:858)
	at org.eclipse.debug.internal.core.LaunchConfiguration.launch(LaunchConfiguration.java:707)
	at org.eclipse.debug.internal.ui.DebugUIPlugin.buildAndLaunch(DebugUIPlugin.java:1018)
	at org.eclipse.debug.internal.ui.DebugUIPlugin$8.run(DebugUIPlugin.java:1222)
	at org.eclipse.core.internal.jobs.Worker.run(Worker.java:53)
14:18:51 INFO  : Processor reset is completed for ps7_cortexa9_0
14:20:26 ERROR : Unexpected error while reading linker script.
org.eclipse.core.internal.resources.ResourceException: Resource '/INF3995_TP2/src/lscript.ld' does not exist.
	at org.eclipse.core.internal.resources.Resource.checkExists(Resource.java:341)
	at org.eclipse.core.internal.resources.Resource.checkAccessible(Resource.java:215)
	at org.eclipse.core.internal.resources.File.getContents(File.java:287)
	at com.xilinx.sdk.lscript.ui.LscriptEditor.initLscriptEditorPage(LscriptEditor.java:140)
	at com.xilinx.sdk.lscript.ui.LscriptEditor.setInput(LscriptEditor.java:132)
	at org.eclipse.ui.forms.editor.FormEditor.init(FormEditor.java:128)
	at com.xilinx.sdk.lscript.ui.LscriptEditor.init(LscriptEditor.java:58)
	at org.eclipse.ui.internal.EditorReference.initialize(EditorReference.java:359)
	at org.eclipse.ui.internal.e4.compatibility.CompatibilityPart.create(CompatibilityPart.java:306)
	at sun.reflect.GeneratedMethodAccessor13.invoke(Unknown Source)
	at sun.reflect.DelegatingMethodAccessorImpl.invoke(DelegatingMethodAccessorImpl.java:43)
	at java.lang.reflect.Method.invoke(Method.java:497)
	at org.eclipse.e4.core.internal.di.MethodRequestor.execute(MethodRequestor.java:56)
	at org.eclipse.e4.core.internal.di.InjectorImpl.processAnnotated(InjectorImpl.java:877)
	at org.eclipse.e4.core.internal.di.InjectorImpl.processAnnotated(InjectorImpl.java:857)
	at org.eclipse.e4.core.internal.di.InjectorImpl.inject(InjectorImpl.java:119)
	at org.eclipse.e4.core.internal.di.InjectorImpl.internalMake(InjectorImpl.java:333)
	at org.eclipse.e4.core.internal.di.InjectorImpl.make(InjectorImpl.java:254)
	at org.eclipse.e4.core.contexts.ContextInjectionFactory.make(ContextInjectionFactory.java:162)
	at org.eclipse.e4.ui.internal.workbench.ReflectionContributionFactory.createFromBundle(ReflectionContributionFactory.java:102)
	at org.eclipse.e4.ui.internal.workbench.ReflectionContributionFactory.doCreate(ReflectionContributionFactory.java:71)
	at org.eclipse.e4.ui.internal.workbench.ReflectionContributionFactory.create(ReflectionContributionFactory.java:53)
	at org.eclipse.e4.ui.workbench.renderers.swt.ContributedPartRenderer.createWidget(ContributedPartRenderer.java:129)
	at org.eclipse.e4.ui.internal.workbench.swt.PartRenderingEngine.createWidget(PartRenderingEngine.java:949)
	at org.eclipse.e4.ui.internal.workbench.swt.PartRenderingEngine.safeCreateGui(PartRenderingEngine.java:633)
	at org.eclipse.e4.ui.internal.workbench.swt.PartRenderingEngine.safeCreateGui(PartRenderingEngine.java:735)
	at org.eclipse.e4.ui.internal.workbench.swt.PartRenderingEngine.access$2(PartRenderingEngine.java:706)
	at org.eclipse.e4.ui.internal.workbench.swt.PartRenderingEngine$7.run(PartRenderingEngine.java:700)
	at org.eclipse.core.runtime.SafeRunner.run(SafeRunner.java:42)
	at org.eclipse.e4.ui.internal.workbench.swt.PartRenderingEngine.createGui(PartRenderingEngine.java:685)
	at org.eclipse.e4.ui.workbench.renderers.swt.StackRenderer.showTab(StackRenderer.java:1147)
	at org.eclipse.e4.ui.workbench.renderers.swt.LazyStackRenderer$1.handleEvent(LazyStackRenderer.java:65)
	at org.eclipse.e4.ui.services.internal.events.UIEventHandler$1.run(UIEventHandler.java:41)
	at org.eclipse.swt.widgets.Synchronizer.syncExec(Synchronizer.java:180)
	at org.eclipse.ui.internal.UISynchronizer.syncExec(UISynchronizer.java:150)
	at org.eclipse.swt.widgets.Display.syncExec(Display.java:4688)
	at org.eclipse.e4.ui.internal.workbench.swt.E4Application$1.syncExec(E4Application.java:205)
	at org.eclipse.e4.ui.services.internal.events.UIEventHandler.handleEvent(UIEventHandler.java:38)
	at org.eclipse.equinox.internal.event.EventHandlerWrapper.handleEvent(EventHandlerWrapper.java:197)
	at org.eclipse.equinox.internal.event.EventHandlerTracker.dispatchEvent(EventHandlerTracker.java:197)
	at org.eclipse.equinox.internal.event.EventHandlerTracker.dispatchEvent(EventHandlerTracker.java:1)
	at org.eclipse.osgi.framework.eventmgr.EventManager.dispatchEvent(EventManager.java:230)
	at org.eclipse.osgi.framework.eventmgr.ListenerQueue.dispatchEventSynchronous(ListenerQueue.java:148)
	at org.eclipse.equinox.internal.event.EventAdminImpl.dispatchEvent(EventAdminImpl.java:135)
	at org.eclipse.equinox.internal.event.EventAdminImpl.sendEvent(EventAdminImpl.java:78)
	at org.eclipse.equinox.internal.event.EventComponent.sendEvent(EventComponent.java:39)
	at org.eclipse.e4.ui.services.internal.events.EventBroker.send(EventBroker.java:80)
	at org.eclipse.e4.ui.internal.workbench.UIEventPublisher.notifyChanged(UIEventPublisher.java:58)
	at org.eclipse.emf.common.notify.impl.BasicNotifierImpl.eNotify(BasicNotifierImpl.java:374)
	at org.eclipse.e4.ui.model.application.ui.impl.ElementContainerImpl.setSelectedElement(ElementContainerImpl.java:171)
	at org.eclipse.e4.ui.workbench.renderers.swt.StackRenderer$10.widgetSelected(StackRenderer.java:936)
	at org.eclipse.swt.widgets.TypedListener.handleEvent(TypedListener.java:248)
	at org.eclipse.swt.widgets.EventTable.sendEvent(EventTable.java:84)
	at org.eclipse.swt.widgets.Widget.sendEvent(Widget.java:1057)
	at org.eclipse.swt.widgets.Widget.sendEvent(Widget.java:1081)
	at org.eclipse.swt.widgets.Widget.sendEvent(Widget.java:1066)
	at org.eclipse.swt.widgets.Widget.notifyListeners(Widget.java:778)
	at org.eclipse.swt.custom.CTabFolder.setSelection(CTabFolder.java:3080)
	at org.eclipse.swt.custom.CTabFolder.onMouse(CTabFolder.java:1772)
	at org.eclipse.swt.custom.CTabFolder$1.handleEvent(CTabFolder.java:279)
	at org.eclipse.swt.widgets.EventTable.sendEvent(EventTable.java:84)
	at org.eclipse.swt.widgets.Widget.sendEvent(Widget.java:1057)
	at org.eclipse.swt.widgets.Display.runDeferredEvents(Display.java:4170)
	at org.eclipse.swt.widgets.Display.readAndDispatch(Display.java:3759)
	at org.eclipse.e4.ui.internal.workbench.swt.PartRenderingEngine$9.run(PartRenderingEngine.java:1113)
	at org.eclipse.core.databinding.observable.Realm.runWithDefault(Realm.java:332)
	at org.eclipse.e4.ui.internal.workbench.swt.PartRenderingEngine.run(PartRenderingEngine.java:997)
	at org.eclipse.e4.ui.internal.workbench.E4Workbench.createAndRunUI(E4Workbench.java:140)
	at org.eclipse.ui.internal.Workbench$5.run(Workbench.java:611)
	at org.eclipse.core.databinding.observable.Realm.runWithDefault(Realm.java:332)
	at org.eclipse.ui.internal.Workbench.createAndRunWorkbench(Workbench.java:567)
	at org.eclipse.ui.PlatformUI.createAndRunWorkbench(PlatformUI.java:150)
	at org.eclipse.ui.internal.ide.application.IDEApplication.start(IDEApplication.java:124)
	at org.eclipse.equinox.internal.app.EclipseAppHandle.run(EclipseAppHandle.java:196)
	at org.eclipse.core.runtime.internal.adaptor.EclipseAppLauncher.runApplication(EclipseAppLauncher.java:110)
	at org.eclipse.core.runtime.internal.adaptor.EclipseAppLauncher.start(EclipseAppLauncher.java:79)
	at org.eclipse.core.runtime.adaptor.EclipseStarter.run(EclipseStarter.java:354)
	at org.eclipse.core.runtime.adaptor.EclipseStarter.run(EclipseStarter.java:181)
	at sun.reflect.NativeMethodAccessorImpl.invoke0(Native Method)
	at sun.reflect.NativeMethodAccessorImpl.invoke(NativeMethodAccessorImpl.java:62)
	at sun.reflect.DelegatingMethodAccessorImpl.invoke(DelegatingMethodAccessorImpl.java:43)
	at java.lang.reflect.Method.invoke(Method.java:497)
	at org.eclipse.equinox.launcher.Main.invokeFramework(Main.java:636)
	at org.eclipse.equinox.launcher.Main.basicRun(Main.java:591)
	at org.eclipse.equinox.launcher.Main.run(Main.java:1450)
14:21:41 INFO  : Connected to target on host '127.0.0.1' and port '3121'.
14:21:41 INFO  : 'targets -set -filter {jtag_cable_name =~ "Digilent Zed 210248684981" && level==0} -index 1' command is executed.
14:21:44 INFO  : FPGA configured successfully with bitstream "C:/Temp/tp2Code/adv7511_zed.sdk/system_top_hw_platform_0/system_top.bit"
14:21:55 INFO  : ps7_init is completed.
14:21:55 INFO  : ps7_post_config is completed.
14:21:55 INFO  : Processor reset is completed for ps7_cortexa9_0
14:26:08 INFO  : Connected to target on host '127.0.0.1' and port '3121'.
14:26:08 INFO  : 'targets -set -filter {jtag_cable_name =~ "Digilent Zed 210248684981" && level==0} -index 1' command is executed.
14:26:11 INFO  : FPGA configured successfully with bitstream "C:/Temp/tp2Code/adv7511_zed.sdk/system_top_hw_platform_0/system_top.bit"
14:26:31 INFO  : ps7_init is completed.
14:26:31 INFO  : ps7_post_config is completed.
14:26:32 INFO  : Processor reset is completed for ps7_cortexa9_0
14:28:37 INFO  : Processor reset is completed for ps7_cortexa9_0
14:29:56 INFO  : Processor reset is completed for ps7_cortexa9_0
14:31:59 INFO  : Connected to target on host '127.0.0.1' and port '3121'.
14:32:00 INFO  : 'targets -set -filter {jtag_cable_name =~ "Digilent Zed 210248684981" && level==0} -index 1' command is executed.
14:32:02 INFO  : FPGA configured successfully with bitstream "C:/Temp/tp2Code/adv7511_zed.sdk/system_top_hw_platform_0/system_top.bit"
14:32:16 INFO  : ps7_init is completed.
14:32:16 INFO  : ps7_post_config is completed.
14:32:16 INFO  : Processor reset is completed for ps7_cortexa9_0
14:32:56 INFO  : Processor reset is completed for ps7_cortexa9_0
14:33:09 ERROR : Unexpected error while parsing XMD response ?: com.google.gson.JsonSyntaxException: com.google.gson.stream.MalformedJsonException: invalid number or unquoted string near 
14:33:25 INFO  : Launching XSDB server: xsdb.bat C:/Logiciels/Xilinx/SDK/2015.4/scripts/xsdb/xsdb/xsdb-server.tcl
14:33:26 INFO  : XSDB server has started successfully.
14:34:06 INFO  : No changes in MSS file content so not generating sources.
14:34:40 INFO  : Refreshed build settings on project tp2
14:35:10 INFO  : Refreshed build settings on project tp2
14:35:36 INFO  : Connected to target on host '127.0.0.1' and port '3121'.
14:35:37 INFO  : 'targets -set -filter {jtag_cable_name =~ "Digilent Zed 210248684981" && level==0} -index 1' command is executed.
14:35:40 INFO  : FPGA configured successfully with bitstream "C:/Temp/tp2Code/adv7511_zed.sdk/system_top_hw_platform_0/system_top.bit"
14:36:00 INFO  : ps7_init is completed.
14:36:00 INFO  : ps7_post_config is completed.
14:36:01 INFO  : Processor reset is completed for ps7_cortexa9_0
14:38:53 INFO  : Connected to target on host '127.0.0.1' and port '3121'.
14:38:53 INFO  : 'targets -set -filter {jtag_cable_name =~ "Digilent Zed 210248684981" && level==0} -index 1' command is executed.
14:38:56 INFO  : FPGA configured successfully with bitstream "C:/Temp/tp2Code/adv7511_zed.sdk/system_top_hw_platform_0/system_top.bit"
14:38:59 INFO  : ps7_init is completed.
14:38:59 INFO  : ps7_post_config is completed.
14:39:00 INFO  : Processor reset is completed for ps7_cortexa9_0
14:39:39 INFO  : Processor reset is completed for ps7_cortexa9_0
14:40:15 INFO  : Processor reset is completed for ps7_cortexa9_0
14:42:52 INFO  : Connected to target on host '127.0.0.1' and port '3121'.
14:42:52 INFO  : 'targets -set -filter {jtag_cable_name =~ "Digilent Zed 210248684981" && level==0} -index 1' command is executed.
14:42:54 INFO  : FPGA configured successfully with bitstream "C:/Temp/tp2Code/adv7511_zed.sdk/system_top_hw_platform_0/system_top.bit"
14:42:58 INFO  : ps7_init is completed.
14:42:58 INFO  : ps7_post_config is completed.
14:42:58 INFO  : Processor reset is completed for ps7_cortexa9_0
14:43:44 INFO  : Processor reset is completed for ps7_cortexa9_0
14:46:44 ERROR : Unexpected error while reading linker script.
org.eclipse.core.internal.resources.ResourceException: Resource '/INF3995_TP2/src/lscript.ld' does not exist.
	at org.eclipse.core.internal.resources.Resource.checkExists(Resource.java:341)
	at org.eclipse.core.internal.resources.Resource.checkAccessible(Resource.java:215)
	at org.eclipse.core.internal.resources.File.getContents(File.java:287)
	at com.xilinx.sdk.lscript.ui.LscriptEditor.initLscriptEditorPage(LscriptEditor.java:140)
	at com.xilinx.sdk.lscript.ui.LscriptEditor.setInput(LscriptEditor.java:132)
	at org.eclipse.ui.forms.editor.FormEditor.init(FormEditor.java:128)
	at com.xilinx.sdk.lscript.ui.LscriptEditor.init(LscriptEditor.java:58)
	at org.eclipse.ui.internal.EditorReference.initialize(EditorReference.java:359)
	at org.eclipse.ui.internal.e4.compatibility.CompatibilityPart.create(CompatibilityPart.java:306)
	at sun.reflect.GeneratedMethodAccessor16.invoke(Unknown Source)
	at sun.reflect.DelegatingMethodAccessorImpl.invoke(DelegatingMethodAccessorImpl.java:43)
	at java.lang.reflect.Method.invoke(Method.java:497)
	at org.eclipse.e4.core.internal.di.MethodRequestor.execute(MethodRequestor.java:56)
	at org.eclipse.e4.core.internal.di.InjectorImpl.processAnnotated(InjectorImpl.java:877)
	at org.eclipse.e4.core.internal.di.InjectorImpl.processAnnotated(InjectorImpl.java:857)
	at org.eclipse.e4.core.internal.di.InjectorImpl.inject(InjectorImpl.java:119)
	at org.eclipse.e4.core.internal.di.InjectorImpl.internalMake(InjectorImpl.java:333)
	at org.eclipse.e4.core.internal.di.InjectorImpl.make(InjectorImpl.java:254)
	at org.eclipse.e4.core.contexts.ContextInjectionFactory.make(ContextInjectionFactory.java:162)
	at org.eclipse.e4.ui.internal.workbench.ReflectionContributionFactory.createFromBundle(ReflectionContributionFactory.java:102)
	at org.eclipse.e4.ui.internal.workbench.ReflectionContributionFactory.doCreate(ReflectionContributionFactory.java:71)
	at org.eclipse.e4.ui.internal.workbench.ReflectionContributionFactory.create(ReflectionContributionFactory.java:53)
	at org.eclipse.e4.ui.workbench.renderers.swt.ContributedPartRenderer.createWidget(ContributedPartRenderer.java:129)
	at org.eclipse.e4.ui.internal.workbench.swt.PartRenderingEngine.createWidget(PartRenderingEngine.java:949)
	at org.eclipse.e4.ui.internal.workbench.swt.PartRenderingEngine.safeCreateGui(PartRenderingEngine.java:633)
	at org.eclipse.e4.ui.internal.workbench.swt.PartRenderingEngine.safeCreateGui(PartRenderingEngine.java:735)
	at org.eclipse.e4.ui.internal.workbench.swt.PartRenderingEngine.access$2(PartRenderingEngine.java:706)
	at org.eclipse.e4.ui.internal.workbench.swt.PartRenderingEngine$7.run(PartRenderingEngine.java:700)
	at org.eclipse.core.runtime.SafeRunner.run(SafeRunner.java:42)
	at org.eclipse.e4.ui.internal.workbench.swt.PartRenderingEngine.createGui(PartRenderingEngine.java:685)
	at org.eclipse.e4.ui.internal.workbench.PartServiceImpl$1.handleEvent(PartServiceImpl.java:90)
	at org.eclipse.e4.ui.services.internal.events.UIEventHandler$1.run(UIEventHandler.java:41)
	at org.eclipse.swt.widgets.Synchronizer.syncExec(Synchronizer.java:180)
	at org.eclipse.ui.internal.UISynchronizer.syncExec(UISynchronizer.java:150)
	at org.eclipse.swt.widgets.Display.syncExec(Display.java:4688)
	at org.eclipse.e4.ui.internal.workbench.swt.E4Application$1.syncExec(E4Application.java:205)
	at org.eclipse.e4.ui.services.internal.events.UIEventHandler.handleEvent(UIEventHandler.java:38)
	at org.eclipse.equinox.internal.event.EventHandlerWrapper.handleEvent(EventHandlerWrapper.java:197)
	at org.eclipse.equinox.internal.event.EventHandlerTracker.dispatchEvent(EventHandlerTracker.java:197)
	at org.eclipse.equinox.internal.event.EventHandlerTracker.dispatchEvent(EventHandlerTracker.java:1)
	at org.eclipse.osgi.framework.eventmgr.EventManager.dispatchEvent(EventManager.java:230)
	at org.eclipse.osgi.framework.eventmgr.ListenerQueue.dispatchEventSynchronous(ListenerQueue.java:148)
	at org.eclipse.equinox.internal.event.EventAdminImpl.dispatchEvent(EventAdminImpl.java:135)
	at org.eclipse.equinox.internal.event.EventAdminImpl.sendEvent(EventAdminImpl.java:78)
	at org.eclipse.equinox.internal.event.EventComponent.sendEvent(EventComponent.java:39)
	at org.eclipse.e4.ui.services.internal.events.EventBroker.send(EventBroker.java:80)
	at org.eclipse.e4.ui.internal.workbench.UIEventPublisher.notifyChanged(UIEventPublisher.java:58)
	at org.eclipse.emf.common.notify.impl.BasicNotifierImpl.eNotify(BasicNotifierImpl.java:374)
	at org.eclipse.e4.ui.model.application.ui.impl.ElementContainerImpl.setSelectedElement(ElementContainerImpl.java:171)
	at org.eclipse.e4.ui.workbench.renderers.swt.StackRenderer$10.widgetSelected(StackRenderer.java:936)
	at org.eclipse.swt.widgets.TypedListener.handleEvent(TypedListener.java:248)
	at org.eclipse.swt.widgets.EventTable.sendEvent(EventTable.java:84)
	at org.eclipse.swt.widgets.Widget.sendEvent(Widget.java:1057)
	at org.eclipse.swt.widgets.Widget.sendEvent(Widget.java:1081)
	at org.eclipse.swt.widgets.Widget.sendEvent(Widget.java:1066)
	at org.eclipse.swt.widgets.Widget.notifyListeners(Widget.java:778)
	at org.eclipse.swt.custom.CTabFolder.setSelection(CTabFolder.java:3080)
	at org.eclipse.swt.custom.CTabFolder.onMouse(CTabFolder.java:1772)
	at org.eclipse.swt.custom.CTabFolder$1.handleEvent(CTabFolder.java:279)
	at org.eclipse.swt.widgets.EventTable.sendEvent(EventTable.java:84)
	at org.eclipse.swt.widgets.Widget.sendEvent(Widget.java:1057)
	at org.eclipse.swt.widgets.Display.runDeferredEvents(Display.java:4170)
	at org.eclipse.swt.widgets.Display.readAndDispatch(Display.java:3759)
	at org.eclipse.e4.ui.internal.workbench.swt.PartRenderingEngine$9.run(PartRenderingEngine.java:1113)
	at org.eclipse.core.databinding.observable.Realm.runWithDefault(Realm.java:332)
	at org.eclipse.e4.ui.internal.workbench.swt.PartRenderingEngine.run(PartRenderingEngine.java:997)
	at org.eclipse.e4.ui.internal.workbench.E4Workbench.createAndRunUI(E4Workbench.java:140)
	at org.eclipse.ui.internal.Workbench$5.run(Workbench.java:611)
	at org.eclipse.core.databinding.observable.Realm.runWithDefault(Realm.java:332)
	at org.eclipse.ui.internal.Workbench.createAndRunWorkbench(Workbench.java:567)
	at org.eclipse.ui.PlatformUI.createAndRunWorkbench(PlatformUI.java:150)
	at org.eclipse.ui.internal.ide.application.IDEApplication.start(IDEApplication.java:124)
	at org.eclipse.equinox.internal.app.EclipseAppHandle.run(EclipseAppHandle.java:196)
	at org.eclipse.core.runtime.internal.adaptor.EclipseAppLauncher.runApplication(EclipseAppLauncher.java:110)
	at org.eclipse.core.runtime.internal.adaptor.EclipseAppLauncher.start(EclipseAppLauncher.java:79)
	at org.eclipse.core.runtime.adaptor.EclipseStarter.run(EclipseStarter.java:354)
	at org.eclipse.core.runtime.adaptor.EclipseStarter.run(EclipseStarter.java:181)
	at sun.reflect.NativeMethodAccessorImpl.invoke0(Native Method)
	at sun.reflect.NativeMethodAccessorImpl.invoke(NativeMethodAccessorImpl.java:62)
	at sun.reflect.DelegatingMethodAccessorImpl.invoke(DelegatingMethodAccessorImpl.java:43)
	at java.lang.reflect.Method.invoke(Method.java:497)
	at org.eclipse.equinox.launcher.Main.invokeFramework(Main.java:636)
	at org.eclipse.equinox.launcher.Main.basicRun(Main.java:591)
	at org.eclipse.equinox.launcher.Main.run(Main.java:1450)
14:50:47 INFO  : ps7_cortexa9_0 Processor is in use. Please stop existing Run or Debug sessions before launching.
14:50:51 INFO  : ps7_cortexa9_0 Processor is in use. Please stop existing Run or Debug sessions before launching.
14:50:52 INFO  : Processor reset is completed for ps7_cortexa9_0
14:52:39 INFO  : Processor reset is completed for ps7_cortexa9_0
14:54:05 INFO  : Connected to target on host '127.0.0.1' and port '3121'.
14:54:05 INFO  : 'targets -set -filter {jtag_cable_name =~ "Digilent Zed 210248684981" && level==0} -index 1' command is executed.
14:54:08 INFO  : FPGA configured successfully with bitstream "C:/Temp/tp2Code/adv7511_zed.sdk/system_top_hw_platform_0/system_top.bit"
14:54:17 INFO  : Connected to target on host '127.0.0.1' and port '3121'.
14:54:18 INFO  : 'targets -set -filter {jtag_cable_name =~ "Digilent Zed 210248684981" && level==0} -index 1' command is executed.
14:54:20 INFO  : FPGA configured successfully with bitstream "C:/Temp/tp2Code/adv7511_zed.sdk/system_top_hw_platform_0/system_top.bit"
14:54:25 INFO  : ps7_init is completed.
14:54:26 INFO  : ps7_post_config is completed.
14:54:26 INFO  : Processor reset is completed for ps7_cortexa9_0
14:55:08 INFO  : Processor reset is completed for ps7_cortexa9_0
14:57:22 INFO  : Processor reset is completed for ps7_cortexa9_0
15:00:35 INFO  : Connected to target on host '127.0.0.1' and port '3121'.
15:00:36 INFO  : 'targets -set -filter {jtag_cable_name =~ "Digilent Zed 210248684981" && level==0} -index 1' command is executed.
15:00:38 INFO  : FPGA configured successfully with bitstream "C:/Temp/tp2Code/adv7511_zed.sdk/system_top_hw_platform_0/system_top.bit"
15:00:45 INFO  : Processor reset is completed for ps7_cortexa9_0
15:01:11 INFO  : ps7_cortexa9_0 Processor is in use. Please stop existing Run or Debug sessions before launching.
15:01:13 INFO  : Processor reset is completed for ps7_cortexa9_0
15:05:40 INFO  : ps7_cortexa9_0 Processor is in use. Please stop existing Run or Debug sessions before launching.
15:05:41 INFO  : Processor reset is completed for ps7_cortexa9_0
15:27:46 INFO  : Connected to target on host '127.0.0.1' and port '3121'.
15:27:47 INFO  : 'targets -set -filter {jtag_cable_name =~ "Digilent Zed 210248684981" && level==0} -index 1' command is executed.
15:27:49 INFO  : FPGA configured successfully with bitstream "C:/Temp/tp2Code/adv7511_zed.sdk/system_top_hw_platform_0/system_top.bit"
15:28:22 INFO  : Connected to target on host '127.0.0.1' and port '3121'.
15:28:22 INFO  : 'targets -set -filter {jtag_cable_name =~ "Digilent Zed 210248684981" && level==0} -index 1' command is executed.
15:28:25 INFO  : FPGA configured successfully with bitstream "C:/Temp/tp2Code/adv7511_zed.sdk/system_top_hw_platform_0/system_top.bit"
15:28:31 INFO  : Processor reset is completed for ps7_cortexa9_0
15:31:22 INFO  : ps7_cortexa9_0 Processor is in use. Please stop existing Run or Debug sessions before launching.
15:31:24 INFO  : Processor reset is completed for ps7_cortexa9_0
15:33:28 INFO  : ps7_cortexa9_0 Processor is in use. Please stop existing Run or Debug sessions before launching.
15:33:29 INFO  : Processor reset is completed for ps7_cortexa9_0
15:34:09 INFO  : ps7_cortexa9_0 Processor is in use. Please stop existing Run or Debug sessions before launching.
15:34:11 INFO  : Processor reset is completed for ps7_cortexa9_0
15:34:35 INFO  : ps7_cortexa9_0 Processor is in use. Please stop existing Run or Debug sessions before launching.
15:34:37 INFO  : Processor reset is completed for ps7_cortexa9_0
15:34:55 INFO  : ps7_cortexa9_0 Processor is in use. Please stop existing Run or Debug sessions before launching.
15:34:57 INFO  : Processor reset is completed for ps7_cortexa9_0
15:35:13 INFO  : ps7_cortexa9_0 Processor is in use. Please stop existing Run or Debug sessions before launching.
15:35:14 INFO  : Processor reset is completed for ps7_cortexa9_0
15:35:32 INFO  : ps7_cortexa9_0 Processor is in use. Please stop existing Run or Debug sessions before launching.
15:35:35 INFO  : Processor reset is completed for ps7_cortexa9_0
15:35:54 INFO  : ps7_cortexa9_0 Processor is in use. Please stop existing Run or Debug sessions before launching.
15:35:55 INFO  : Processor reset is completed for ps7_cortexa9_0
15:36:04 INFO  : ps7_cortexa9_0 Processor is in use. Please stop existing Run or Debug sessions before launching.
15:36:06 INFO  : Processor reset is completed for ps7_cortexa9_0
15:36:09 INFO  : ps7_cortexa9_0 Processor is in use. Please stop existing Run or Debug sessions before launching.
15:36:11 INFO  : Processor reset is completed for ps7_cortexa9_0
15:36:26 INFO  : ps7_cortexa9_0 Processor is in use. Please stop existing Run or Debug sessions before launching.
15:36:27 INFO  : Processor reset is completed for ps7_cortexa9_0
15:37:10 INFO  : ps7_cortexa9_0 Processor is in use. Please stop existing Run or Debug sessions before launching.
15:37:12 INFO  : Processor reset is completed for ps7_cortexa9_0
15:39:09 INFO  : ps7_cortexa9_0 Processor is in use. Please stop existing Run or Debug sessions before launching.
15:39:11 INFO  : Processor reset is completed for ps7_cortexa9_0
15:39:51 INFO  : ps7_cortexa9_0 Processor is in use. Please stop existing Run or Debug sessions before launching.
15:39:53 INFO  : Processor reset is completed for ps7_cortexa9_0
15:40:04 INFO  : ps7_cortexa9_0 Processor is in use. Please stop existing Run or Debug sessions before launching.
15:40:06 INFO  : Processor reset is completed for ps7_cortexa9_0
15:40:37 INFO  : ps7_cortexa9_0 Processor is in use. Please stop existing Run or Debug sessions before launching.
15:40:39 INFO  : Processor reset is completed for ps7_cortexa9_0
15:42:02 INFO  : Processor reset is completed for ps7_cortexa9_0
15:42:31 INFO  : ps7_cortexa9_0 Processor is in use. Please stop existing Run or Debug sessions before launching.
15:42:33 INFO  : Processor reset is completed for ps7_cortexa9_0
15:42:54 INFO  : ps7_cortexa9_0 Processor is in use. Please stop existing Run or Debug sessions before launching.
15:42:55 INFO  : Processor reset is completed for ps7_cortexa9_0
15:43:27 INFO  : ps7_cortexa9_0 Processor is in use. Please stop existing Run or Debug sessions before launching.
15:43:28 INFO  : Processor reset is completed for ps7_cortexa9_0
15:44:42 INFO  : Processor reset is completed for ps7_cortexa9_0
15:44:54 INFO  : ps7_cortexa9_0 Processor is in use. Please stop existing Run or Debug sessions before launching.
15:44:56 INFO  : Processor reset is completed for ps7_cortexa9_0
15:47:50 INFO  : Processor reset is completed for ps7_cortexa9_0
15:48:14 INFO  : ps7_cortexa9_0 Processor is in use. Please stop existing Run or Debug sessions before launching.
15:48:16 INFO  : Processor reset is completed for ps7_cortexa9_0
16:06:19 INFO  : Processor reset is completed for ps7_cortexa9_0
16:06:34 INFO  : ps7_cortexa9_0 Processor is in use. Please stop existing Run or Debug sessions before launching.
16:06:35 INFO  : Processor reset is completed for ps7_cortexa9_0
16:07:13 INFO  : Connected to target on host '127.0.0.1' and port '3121'.
16:07:14 INFO  : 'targets -set -filter {jtag_cable_name =~ "Digilent Zed 210248684981" && level==0} -index 1' command is executed.
16:07:16 INFO  : FPGA configured successfully with bitstream "C:/Temp/tp2Code/adv7511_zed.sdk/system_top_hw_platform_0/system_top.bit"
16:07:19 INFO  : ps7_init is completed.
16:07:19 INFO  : ps7_post_config is completed.
16:07:19 INFO  : Processor reset is completed for ps7_cortexa9_0
16:07:26 INFO  : ps7_cortexa9_0 Processor is in use. Please stop existing Run or Debug sessions before launching.
16:07:27 INFO  : Processor reset is completed for ps7_cortexa9_0
16:11:42 INFO  : Processor reset is completed for ps7_cortexa9_0
16:12:01 INFO  : FPGA Cable Disconnected. All active launches will be terminated.
16:12:01 WARN  : Terminating existing sessions on processor ps7_cortexa9_0
16:12:09 INFO  : Connected to target on host '127.0.0.1' and port '3121'.
16:12:09 INFO  : 'targets -set -filter {jtag_cable_name =~ "Digilent Zed 210248684981" && level==0} -index 1' command is executed.
16:12:12 INFO  : FPGA configured successfully with bitstream "C:/Temp/tp2Code/adv7511_zed.sdk/system_top_hw_platform_0/system_top.bit"
16:12:18 INFO  : ps7_init is completed.
16:12:18 INFO  : ps7_post_config is completed.
16:12:18 INFO  : Processor reset is completed for ps7_cortexa9_0
16:13:42 INFO  : Processor reset is completed for ps7_cortexa9_0
16:13:59 INFO  : ps7_cortexa9_0 Processor is in use. Please stop existing Run or Debug sessions before launching.
16:14:00 INFO  : Processor reset is completed for ps7_cortexa9_0
16:15:02 INFO  : Processor reset is completed for ps7_cortexa9_0
16:15:21 INFO  : ps7_cortexa9_0 Processor is in use. Please stop existing Run or Debug sessions before launching.
16:15:23 INFO  : Processor reset is completed for ps7_cortexa9_0
16:16:37 INFO  : ps7_cortexa9_0 Processor is in use. Please stop existing Run or Debug sessions before launching.
16:16:39 INFO  : Processor reset is completed for ps7_cortexa9_0
16:16:56 INFO  : Processor reset is completed for ps7_cortexa9_0
16:17:22 INFO  : Processor reset is completed for ps7_cortexa9_0
16:17:42 INFO  : Processor reset is completed for ps7_cortexa9_0
16:18:47 INFO  : Processor reset is completed for ps7_cortexa9_0
16:19:16 INFO  : Processor reset is completed for ps7_cortexa9_0
16:19:23 ERROR : Unexpected error while launching program.
java.lang.RuntimeException: Error stopping at main.
	at com.xilinx.sdk.debug.core.XilinxAppLaunchConfigurationDelegate.debugApplication(XilinxAppLaunchConfigurationDelegate.java:806)
	at com.xilinx.sdk.debug.core.XilinxAppLaunchConfigurationDelegate.launch(XilinxAppLaunchConfigurationDelegate.java:311)
	at com.xilinx.sdk.debug.ui.XilinxAppLaunchDelegateWrapper.launch(XilinxAppLaunchDelegateWrapper.java:31)
	at org.eclipse.debug.internal.core.LaunchConfiguration.launch(LaunchConfiguration.java:858)
	at org.eclipse.debug.internal.core.LaunchConfiguration.launch(LaunchConfiguration.java:707)
	at org.eclipse.debug.internal.ui.DebugUIPlugin.buildAndLaunch(DebugUIPlugin.java:1018)
	at org.eclipse.debug.internal.ui.DebugUIPlugin$8.run(DebugUIPlugin.java:1222)
	at org.eclipse.core.internal.jobs.Worker.run(Worker.java:53)
16:19:31 INFO  : Processor reset is completed for ps7_cortexa9_0
16:21:06 INFO  : ps7_cortexa9_0 Processor is in use. Please stop existing Run or Debug sessions before launching.
16:21:12 ERROR : Unexpected error while launching program.
java.lang.RuntimeException: Error in Resetting Target

    Could not stop the processor after reset


	at com.xilinx.sdk.targetmanager.internal.TM.doProcessorReset(TM.java:1011)
	at com.xilinx.sdk.debug.core.XilinxAppLaunchConfigurationDelegate.runTargetSetup(XilinxAppLaunchConfigurationDelegate.java:534)
	at com.xilinx.sdk.debug.core.XilinxAppLaunchConfigurationDelegate.debugApplication(XilinxAppLaunchConfigurationDelegate.java:701)
	at com.xilinx.sdk.debug.core.XilinxAppLaunchConfigurationDelegate.launch(XilinxAppLaunchConfigurationDelegate.java:311)
	at com.xilinx.sdk.debug.ui.XilinxAppLaunchDelegateWrapper.launch(XilinxAppLaunchDelegateWrapper.java:31)
	at org.eclipse.debug.internal.core.LaunchConfiguration.launch(LaunchConfiguration.java:858)
	at org.eclipse.debug.internal.core.LaunchConfiguration.launch(LaunchConfiguration.java:707)
	at org.eclipse.debug.internal.ui.DebugUIPlugin.buildAndLaunch(DebugUIPlugin.java:1018)
	at org.eclipse.debug.internal.ui.DebugUIPlugin$8.run(DebugUIPlugin.java:1222)
	at org.eclipse.core.internal.jobs.Worker.run(Worker.java:53)
16:21:21 ERROR : Unexpected error while launching program.
java.lang.RuntimeException: Error in Resetting Target

    Could not stop the processor after reset


	at com.xilinx.sdk.targetmanager.internal.TM.doProcessorReset(TM.java:1011)
	at com.xilinx.sdk.debug.core.XilinxAppLaunchConfigurationDelegate.runTargetSetup(XilinxAppLaunchConfigurationDelegate.java:534)
	at com.xilinx.sdk.debug.core.XilinxAppLaunchConfigurationDelegate.debugApplication(XilinxAppLaunchConfigurationDelegate.java:701)
	at com.xilinx.sdk.debug.core.XilinxAppLaunchConfigurationDelegate.launch(XilinxAppLaunchConfigurationDelegate.java:311)
	at com.xilinx.sdk.debug.ui.XilinxAppLaunchDelegateWrapper.launch(XilinxAppLaunchDelegateWrapper.java:31)
	at org.eclipse.debug.internal.core.LaunchConfiguration.launch(LaunchConfiguration.java:858)
	at org.eclipse.debug.internal.core.LaunchConfiguration.launch(LaunchConfiguration.java:707)
	at org.eclipse.debug.internal.ui.DebugUIPlugin.buildAndLaunch(DebugUIPlugin.java:1018)
	at org.eclipse.debug.internal.ui.DebugUIPlugin$8.run(DebugUIPlugin.java:1222)
	at org.eclipse.core.internal.jobs.Worker.run(Worker.java:53)
16:21:32 INFO  : Connected to target on host '127.0.0.1' and port '3121'.
16:21:33 INFO  : 'targets -set -filter {jtag_cable_name =~ "Digilent Zed 210248684981" && level==0} -index 1' command is executed.
16:21:35 INFO  : FPGA configured successfully with bitstream "C:/Temp/tp2Code/adv7511_zed.sdk/system_top_hw_platform_0/system_top.bit"
16:21:39 INFO  : ps7_init is completed.
16:21:39 INFO  : ps7_post_config is completed.
16:21:39 INFO  : Processor reset is completed for ps7_cortexa9_0
16:22:51 ERROR : Unexpected error while launching program.
java.lang.RuntimeException: Error in Resetting Target

    Could not stop the processor after reset


	at com.xilinx.sdk.targetmanager.internal.TM.doProcessorReset(TM.java:1011)
	at com.xilinx.sdk.debug.core.XilinxAppLaunchConfigurationDelegate.runTargetSetup(XilinxAppLaunchConfigurationDelegate.java:534)
	at com.xilinx.sdk.debug.core.XilinxAppLaunchConfigurationDelegate.debugApplication(XilinxAppLaunchConfigurationDelegate.java:701)
	at com.xilinx.sdk.debug.core.XilinxAppLaunchConfigurationDelegate.launch(XilinxAppLaunchConfigurationDelegate.java:311)
	at com.xilinx.sdk.debug.ui.XilinxAppLaunchDelegateWrapper.launch(XilinxAppLaunchDelegateWrapper.java:31)
	at org.eclipse.debug.internal.core.LaunchConfiguration.launch(LaunchConfiguration.java:858)
	at org.eclipse.debug.internal.core.LaunchConfiguration.launch(LaunchConfiguration.java:707)
	at org.eclipse.debug.internal.ui.DebugUIPlugin.buildAndLaunch(DebugUIPlugin.java:1018)
	at org.eclipse.debug.internal.ui.DebugUIPlugin$8.run(DebugUIPlugin.java:1222)
	at org.eclipse.core.internal.jobs.Worker.run(Worker.java:53)
16:22:58 ERROR : Unexpected error while launching program.
java.lang.RuntimeException: Error in Resetting Target

    Could not stop the processor after reset


	at com.xilinx.sdk.targetmanager.internal.TM.doProcessorReset(TM.java:1011)
	at com.xilinx.sdk.debug.core.XilinxAppLaunchConfigurationDelegate.runTargetSetup(XilinxAppLaunchConfigurationDelegate.java:534)
	at com.xilinx.sdk.debug.core.XilinxAppLaunchConfigurationDelegate.debugApplication(XilinxAppLaunchConfigurationDelegate.java:701)
	at com.xilinx.sdk.debug.core.XilinxAppLaunchConfigurationDelegate.launch(XilinxAppLaunchConfigurationDelegate.java:311)
	at com.xilinx.sdk.debug.ui.XilinxAppLaunchDelegateWrapper.launch(XilinxAppLaunchDelegateWrapper.java:31)
	at org.eclipse.debug.internal.core.LaunchConfiguration.launch(LaunchConfiguration.java:858)
	at org.eclipse.debug.internal.core.LaunchConfiguration.launch(LaunchConfiguration.java:707)
	at org.eclipse.debug.internal.ui.DebugUIPlugin.buildAndLaunch(DebugUIPlugin.java:1018)
	at org.eclipse.debug.internal.ui.DebugUIPlugin$8.run(DebugUIPlugin.java:1222)
	at org.eclipse.core.internal.jobs.Worker.run(Worker.java:53)
16:23:06 ERROR : Unexpected error while launching program.
java.lang.RuntimeException: Error in Resetting Target

    Could not stop the processor after reset


	at com.xilinx.sdk.targetmanager.internal.TM.doProcessorReset(TM.java:1011)
	at com.xilinx.sdk.debug.core.XilinxAppLaunchConfigurationDelegate.runTargetSetup(XilinxAppLaunchConfigurationDelegate.java:534)
	at com.xilinx.sdk.debug.core.XilinxAppLaunchConfigurationDelegate.runApplication(XilinxAppLaunchConfigurationDelegate.java:616)
	at com.xilinx.sdk.debug.core.XilinxAppLaunchConfigurationDelegate.launch(XilinxAppLaunchConfigurationDelegate.java:309)
	at com.xilinx.sdk.debug.ui.XilinxAppLaunchDelegateWrapper.launch(XilinxAppLaunchDelegateWrapper.java:31)
	at org.eclipse.debug.internal.core.LaunchConfiguration.launch(LaunchConfiguration.java:858)
	at org.eclipse.debug.internal.core.LaunchConfiguration.launch(LaunchConfiguration.java:707)
	at org.eclipse.debug.internal.ui.DebugUIPlugin.buildAndLaunch(DebugUIPlugin.java:1018)
	at org.eclipse.debug.internal.ui.DebugUIPlugin$8.run(DebugUIPlugin.java:1222)
	at org.eclipse.core.internal.jobs.Worker.run(Worker.java:53)
16:23:17 INFO  : Connected to target on host '127.0.0.1' and port '3121'.
16:23:17 INFO  : 'targets -set -filter {jtag_cable_name =~ "Digilent Zed 210248684981" && level==0} -index 1' command is executed.
16:23:19 INFO  : FPGA configured successfully with bitstream "C:/Temp/tp2Code/adv7511_zed.sdk/system_top_hw_platform_0/system_top.bit"
16:23:22 INFO  : ps7_init is completed.
16:23:22 INFO  : ps7_post_config is completed.
16:23:22 INFO  : Processor reset is completed for ps7_cortexa9_0
16:25:40 INFO  : ps7_cortexa9_0 Processor is in use. Please stop existing Run or Debug sessions before launching.
16:25:45 ERROR : Unexpected error while launching program.
java.lang.RuntimeException: Error in Resetting Target

    Could not stop the processor after reset


	at com.xilinx.sdk.targetmanager.internal.TM.doProcessorReset(TM.java:1011)
	at com.xilinx.sdk.debug.core.XilinxAppLaunchConfigurationDelegate.runTargetSetup(XilinxAppLaunchConfigurationDelegate.java:534)
	at com.xilinx.sdk.debug.core.XilinxAppLaunchConfigurationDelegate.debugApplication(XilinxAppLaunchConfigurationDelegate.java:701)
	at com.xilinx.sdk.debug.core.XilinxAppLaunchConfigurationDelegate.launch(XilinxAppLaunchConfigurationDelegate.java:311)
	at com.xilinx.sdk.debug.ui.XilinxAppLaunchDelegateWrapper.launch(XilinxAppLaunchDelegateWrapper.java:31)
	at org.eclipse.debug.internal.core.LaunchConfiguration.launch(LaunchConfiguration.java:858)
	at org.eclipse.debug.internal.core.LaunchConfiguration.launch(LaunchConfiguration.java:707)
	at org.eclipse.debug.internal.ui.DebugUIPlugin.buildAndLaunch(DebugUIPlugin.java:1018)
	at org.eclipse.debug.internal.ui.DebugUIPlugin$8.run(DebugUIPlugin.java:1222)
	at org.eclipse.core.internal.jobs.Worker.run(Worker.java:53)
16:25:55 INFO  : Connected to target on host '127.0.0.1' and port '3121'.
16:25:55 INFO  : 'targets -set -filter {jtag_cable_name =~ "Digilent Zed 210248684981" && level==0} -index 1' command is executed.
16:25:58 INFO  : FPGA configured successfully with bitstream "C:/Temp/tp2Code/adv7511_zed.sdk/system_top_hw_platform_0/system_top.bit"
16:26:03 INFO  : ps7_init is completed.
16:26:03 INFO  : ps7_post_config is completed.
16:26:03 INFO  : Processor reset is completed for ps7_cortexa9_0
16:26:44 ERROR : Unexpected error while launching program.
java.lang.RuntimeException: Error in Resetting Target

    Could not stop the processor after reset


	at com.xilinx.sdk.targetmanager.internal.TM.doProcessorReset(TM.java:1011)
	at com.xilinx.sdk.debug.core.XilinxAppLaunchConfigurationDelegate.runTargetSetup(XilinxAppLaunchConfigurationDelegate.java:534)
	at com.xilinx.sdk.debug.core.XilinxAppLaunchConfigurationDelegate.debugApplication(XilinxAppLaunchConfigurationDelegate.java:701)
	at com.xilinx.sdk.debug.core.XilinxAppLaunchConfigurationDelegate.launch(XilinxAppLaunchConfigurationDelegate.java:311)
	at com.xilinx.sdk.debug.ui.XilinxAppLaunchDelegateWrapper.launch(XilinxAppLaunchDelegateWrapper.java:31)
	at org.eclipse.debug.internal.core.LaunchConfiguration.launch(LaunchConfiguration.java:858)
	at org.eclipse.debug.internal.core.LaunchConfiguration.launch(LaunchConfiguration.java:707)
	at org.eclipse.debug.internal.ui.DebugUIPlugin.buildAndLaunch(DebugUIPlugin.java:1018)
	at org.eclipse.debug.internal.ui.DebugUIPlugin$8.run(DebugUIPlugin.java:1222)
	at org.eclipse.core.internal.jobs.Worker.run(Worker.java:53)
16:27:39 INFO  : ps7_init is completed.
16:27:39 INFO  : ps7_post_config is completed.
16:27:40 INFO  : Processor reset is completed for ps7_cortexa9_0
16:28:08 INFO  : FPGA Cable Disconnected. All active launches will be terminated.
16:28:08 WARN  : Terminating existing sessions on processor ps7_cortexa9_0
16:28:33 INFO  : ps7_init is completed.
16:28:33 INFO  : ps7_post_config is completed.
16:28:34 INFO  : Processor reset is completed for ps7_cortexa9_0
16:28:37 ERROR : Unexpected error while launching program.
java.lang.RuntimeException: Error stopping at main.
	at com.xilinx.sdk.debug.core.XilinxAppLaunchConfigurationDelegate.debugApplication(XilinxAppLaunchConfigurationDelegate.java:806)
	at com.xilinx.sdk.debug.core.XilinxAppLaunchConfigurationDelegate.launch(XilinxAppLaunchConfigurationDelegate.java:311)
	at com.xilinx.sdk.debug.ui.XilinxAppLaunchDelegateWrapper.launch(XilinxAppLaunchDelegateWrapper.java:31)
	at org.eclipse.debug.internal.core.LaunchConfiguration.launch(LaunchConfiguration.java:858)
	at org.eclipse.debug.internal.core.LaunchConfiguration.launch(LaunchConfiguration.java:707)
	at org.eclipse.debug.internal.ui.DebugUIPlugin.buildAndLaunch(DebugUIPlugin.java:1018)
	at org.eclipse.debug.internal.ui.DebugUIPlugin$8.run(DebugUIPlugin.java:1222)
	at org.eclipse.core.internal.jobs.Worker.run(Worker.java:53)
16:28:40 INFO  : Connected to target on host '127.0.0.1' and port '3121'.
16:28:41 INFO  : 'targets -set -filter {jtag_cable_name =~ "Digilent Zed 210248684981" && level==0} -index 1' command is executed.
16:28:43 INFO  : FPGA configured successfully with bitstream "C:/Temp/tp2Code/adv7511_zed.sdk/system_top_hw_platform_0/system_top.bit"
16:28:55 ERROR : Unexpected error while launching program.
java.lang.RuntimeException: Error in Resetting Target

    Could not stop the processor after reset


	at com.xilinx.sdk.targetmanager.internal.TM.doProcessorReset(TM.java:1011)
	at com.xilinx.sdk.debug.core.XilinxAppLaunchConfigurationDelegate.runTargetSetup(XilinxAppLaunchConfigurationDelegate.java:534)
	at com.xilinx.sdk.debug.core.XilinxAppLaunchConfigurationDelegate.debugApplication(XilinxAppLaunchConfigurationDelegate.java:701)
	at com.xilinx.sdk.debug.core.XilinxAppLaunchConfigurationDelegate.launch(XilinxAppLaunchConfigurationDelegate.java:311)
	at com.xilinx.sdk.debug.ui.XilinxAppLaunchDelegateWrapper.launch(XilinxAppLaunchDelegateWrapper.java:31)
	at org.eclipse.debug.internal.core.LaunchConfiguration.launch(LaunchConfiguration.java:858)
	at org.eclipse.debug.internal.core.LaunchConfiguration.launch(LaunchConfiguration.java:707)
	at org.eclipse.debug.internal.ui.DebugUIPlugin.buildAndLaunch(DebugUIPlugin.java:1018)
	at org.eclipse.debug.internal.ui.DebugUIPlugin$8.run(DebugUIPlugin.java:1222)
	at org.eclipse.core.internal.jobs.Worker.run(Worker.java:53)
16:29:03 INFO  : Connected to target on host '127.0.0.1' and port '3121'.
16:29:04 INFO  : 'targets -set -filter {jtag_cable_name =~ "Digilent Zed 210248684981" && level==0} -index 1' command is executed.
16:29:06 INFO  : FPGA configured successfully with bitstream "C:/Temp/tp2Code/adv7511_zed.sdk/system_top_hw_platform_0/system_top.bit"
16:29:10 INFO  : ps7_init is completed.
16:29:10 INFO  : ps7_post_config is completed.
16:29:10 INFO  : Processor reset is completed for ps7_cortexa9_0
16:30:18 INFO  : Processor reset is completed for ps7_cortexa9_0
16:30:51 ERROR : Unexpected error while launching program.
java.lang.RuntimeException: Error stopping at main.
	at com.xilinx.sdk.debug.core.XilinxAppLaunchConfigurationDelegate.debugApplication(XilinxAppLaunchConfigurationDelegate.java:806)
	at com.xilinx.sdk.debug.core.XilinxAppLaunchConfigurationDelegate.launch(XilinxAppLaunchConfigurationDelegate.java:311)
	at com.xilinx.sdk.debug.ui.XilinxAppLaunchDelegateWrapper.launch(XilinxAppLaunchDelegateWrapper.java:31)
	at org.eclipse.debug.internal.core.LaunchConfiguration.launch(LaunchConfiguration.java:858)
	at org.eclipse.debug.internal.core.LaunchConfiguration.launch(LaunchConfiguration.java:707)
	at org.eclipse.debug.internal.ui.DebugUIPlugin.buildAndLaunch(DebugUIPlugin.java:1018)
	at org.eclipse.debug.internal.ui.DebugUIPlugin$8.run(DebugUIPlugin.java:1222)
	at org.eclipse.core.internal.jobs.Worker.run(Worker.java:53)
16:30:58 INFO  : Connected to target on host '127.0.0.1' and port '3121'.
16:30:58 INFO  : 'targets -set -filter {jtag_cable_name =~ "Digilent Zed 210248684981" && level==0} -index 1' command is executed.
16:31:00 INFO  : FPGA configured successfully with bitstream "C:/Temp/tp2Code/adv7511_zed.sdk/system_top_hw_platform_0/system_top.bit"
16:31:07 INFO  : ps7_init is completed.
16:31:07 INFO  : ps7_post_config is completed.
16:31:07 INFO  : Processor reset is completed for ps7_cortexa9_0
16:31:40 INFO  : Processor reset is completed for ps7_cortexa9_0
16:31:51 ERROR : Unexpected error while launching program.
java.lang.RuntimeException: Error stopping at main.
	at com.xilinx.sdk.debug.core.XilinxAppLaunchConfigurationDelegate.debugApplication(XilinxAppLaunchConfigurationDelegate.java:806)
	at com.xilinx.sdk.debug.core.XilinxAppLaunchConfigurationDelegate.launch(XilinxAppLaunchConfigurationDelegate.java:311)
	at com.xilinx.sdk.debug.ui.XilinxAppLaunchDelegateWrapper.launch(XilinxAppLaunchDelegateWrapper.java:31)
	at org.eclipse.debug.internal.core.LaunchConfiguration.launch(LaunchConfiguration.java:858)
	at org.eclipse.debug.internal.core.LaunchConfiguration.launch(LaunchConfiguration.java:707)
	at org.eclipse.debug.internal.ui.DebugUIPlugin.buildAndLaunch(DebugUIPlugin.java:1018)
	at org.eclipse.debug.internal.ui.DebugUIPlugin$8.run(DebugUIPlugin.java:1222)
	at org.eclipse.core.internal.jobs.Worker.run(Worker.java:53)
16:32:01 INFO  : Connected to target on host '127.0.0.1' and port '3121'.
16:32:01 INFO  : 'targets -set -filter {jtag_cable_name =~ "Digilent Zed 210248684981" && level==0} -index 1' command is executed.
16:32:03 INFO  : FPGA configured successfully with bitstream "C:/Temp/tp2Code/adv7511_zed.sdk/system_top_hw_platform_0/system_top.bit"
16:32:14 INFO  : ps7_init is completed.
16:32:14 INFO  : ps7_post_config is completed.
16:32:14 INFO  : Processor reset is completed for ps7_cortexa9_0
16:32:46 INFO  : Connected to target on host '127.0.0.1' and port '3121'.
16:32:46 INFO  : 'targets -set -filter {jtag_cable_name =~ "Digilent Zed 210248684981" && level==0} -index 1' command is executed.
16:32:49 INFO  : FPGA configured successfully with bitstream "C:/Temp/tp2Code/adv7511_zed.sdk/system_top_hw_platform_0/system_top.bit"
16:32:56 INFO  : ps7_init is completed.
16:32:56 INFO  : ps7_post_config is completed.
16:32:56 INFO  : Processor reset is completed for ps7_cortexa9_0
16:33:34 INFO  : Processor reset is completed for ps7_cortexa9_0
16:35:02 INFO  : Processor reset is completed for ps7_cortexa9_0
16:35:17 ERROR : Unexpected error while launching program.
java.lang.RuntimeException: Target request failed: Inferior is already running.
	at com.xilinx.sdk.debug.core.XilinxAppLaunchConfigurationDelegate.debugApplication(XilinxAppLaunchConfigurationDelegate.java:806)
	at com.xilinx.sdk.debug.core.XilinxAppLaunchConfigurationDelegate.launch(XilinxAppLaunchConfigurationDelegate.java:311)
	at com.xilinx.sdk.debug.ui.XilinxAppLaunchDelegateWrapper.launch(XilinxAppLaunchDelegateWrapper.java:31)
	at org.eclipse.debug.internal.core.LaunchConfiguration.launch(LaunchConfiguration.java:858)
	at org.eclipse.debug.internal.core.LaunchConfiguration.launch(LaunchConfiguration.java:707)
	at org.eclipse.debug.internal.ui.DebugUIPlugin.buildAndLaunch(DebugUIPlugin.java:1018)
	at org.eclipse.debug.internal.ui.DebugUIPlugin$8.run(DebugUIPlugin.java:1222)
	at org.eclipse.core.internal.jobs.Worker.run(Worker.java:53)
16:35:40 INFO  : ps7_init is completed.
16:35:40 INFO  : ps7_post_config is completed.
16:35:41 INFO  : Processor reset is completed for ps7_cortexa9_0
16:37:53 INFO  : Connected to target on host '127.0.0.1' and port '3121'.
16:37:53 INFO  : 'targets -set -filter {jtag_cable_name =~ "Digilent Zed 210248684981" && level==0} -index 1' command is executed.
16:37:56 INFO  : FPGA configured successfully with bitstream "C:/Temp/tp2Code/adv7511_zed.sdk/system_top_hw_platform_0/system_top.bit"
16:38:00 INFO  : ps7_init is completed.
16:38:00 INFO  : ps7_post_config is completed.
16:38:00 INFO  : Processor reset is completed for ps7_cortexa9_0
16:38:47 INFO  : ps7_cortexa9_0 Processor is in use. Please stop existing Run or Debug sessions before launching.
16:38:49 INFO  : Processor reset is completed for ps7_cortexa9_0
16:40:39 INFO  : Connected to target on host '127.0.0.1' and port '3121'.
16:40:40 INFO  : 'targets -set -filter {jtag_cable_name =~ "Digilent Zed 210248684981" && level==0} -index 1' command is executed.
16:40:42 INFO  : FPGA configured successfully with bitstream "C:/Temp/tp2Code/adv7511_zed.sdk/system_top_hw_platform_0/system_top.bit"
16:40:44 INFO  : ps7_init is completed.
16:40:45 INFO  : ps7_post_config is completed.
16:40:45 INFO  : Processor reset is completed for ps7_cortexa9_0
16:43:14 INFO  : Processor reset is completed for ps7_cortexa9_0
16:45:29 INFO  : Processor reset is completed for ps7_cortexa9_0
16:46:11 INFO  : Processor reset is completed for ps7_cortexa9_0
16:47:49 INFO  : ps7_cortexa9_0 Processor is in use. Please stop existing Run or Debug sessions before launching.
16:47:50 INFO  : Processor reset is completed for ps7_cortexa9_0
16:50:45 INFO  : Processor reset is completed for ps7_cortexa9_0
16:51:31 INFO  : FPGA Cable Disconnected. All active launches will be terminated.
16:51:38 INFO  : Connected to target on host '127.0.0.1' and port '3121'.
16:51:39 INFO  : 'targets -set -filter {jtag_cable_name =~ "Digilent Zed 210248684981" && level==0} -index 1' command is executed.
16:51:41 INFO  : FPGA configured successfully with bitstream "C:/Temp/tp2Code/adv7511_zed.sdk/system_top_hw_platform_0/system_top.bit"
16:51:47 INFO  : ps7_init is completed.
16:51:47 INFO  : ps7_post_config is completed.
16:51:47 INFO  : Processor reset is completed for ps7_cortexa9_0
16:54:08 ERROR : Unexpected error while parsing XMD response ?: com.google.gson.JsonSyntaxException: com.google.gson.stream.MalformedJsonException: invalid number or unquoted string near 
16:54:26 INFO  : Launching XSDB server: xsdb.bat C:/Logiciels/Xilinx/SDK/2015.4/scripts/xsdb/xsdb/xsdb-server.tcl
16:54:27 INFO  : XSDB server has started successfully.
16:54:40 INFO  : Connected to target on host '127.0.0.1' and port '3121'.
16:54:43 INFO  : 'targets -set -filter {jtag_cable_name =~ "Digilent Zed 210248684981" && level==0} -index 1' command is executed.
16:54:46 INFO  : FPGA configured successfully with bitstream "C:/Temp/tp2Code/adv7511_zed.sdk/system_top_hw_platform_0/system_top.bit"
16:54:57 INFO  : Processor reset is completed for ps7_cortexa9_0
16:56:17 INFO  : Processor reset is completed for ps7_cortexa9_0
16:57:39 INFO  : Processor reset is completed for ps7_cortexa9_0
16:59:29 INFO  : Processor reset is completed for ps7_cortexa9_0
17:00:04 INFO  : Connected to target on host '127.0.0.1' and port '3121'.
17:00:04 INFO  : 'targets -set -filter {jtag_cable_name =~ "Digilent Zed 210248684981" && level==0} -index 1' command is executed.
17:00:07 INFO  : FPGA configured successfully with bitstream "C:/Temp/tp2Code/adv7511_zed.sdk/system_top_hw_platform_0/system_top.bit"
17:00:15 INFO  : ps7_init is completed.
17:00:15 INFO  : ps7_post_config is completed.
17:00:15 INFO  : Processor reset is completed for ps7_cortexa9_0
17:06:08 INFO  : Processor reset is completed for ps7_cortexa9_0
17:06:50 INFO  : Connected to target on host '127.0.0.1' and port '3121'.
17:06:51 INFO  : 'targets -set -filter {jtag_cable_name =~ "Digilent Zed 210248684981" && level==0} -index 1' command is executed.
17:06:53 INFO  : FPGA configured successfully with bitstream "C:/Temp/tp2Code/adv7511_zed.sdk/system_top_hw_platform_0/system_top.bit"
17:06:58 INFO  : ps7_init is completed.
17:06:58 INFO  : ps7_post_config is completed.
17:06:59 INFO  : Processor reset is completed for ps7_cortexa9_0
17:10:01 ERROR : Unexpected error while launching program.
java.lang.RuntimeException: Error in Resetting Target

    Could not stop the processor after reset


	at com.xilinx.sdk.targetmanager.internal.TM.doProcessorReset(TM.java:1011)
	at com.xilinx.sdk.debug.core.XilinxAppLaunchConfigurationDelegate.runTargetSetup(XilinxAppLaunchConfigurationDelegate.java:534)
	at com.xilinx.sdk.debug.core.XilinxAppLaunchConfigurationDelegate.debugApplication(XilinxAppLaunchConfigurationDelegate.java:701)
	at com.xilinx.sdk.debug.core.XilinxAppLaunchConfigurationDelegate.launch(XilinxAppLaunchConfigurationDelegate.java:311)
	at com.xilinx.sdk.debug.ui.XilinxAppLaunchDelegateWrapper.launch(XilinxAppLaunchDelegateWrapper.java:31)
	at org.eclipse.debug.internal.core.LaunchConfiguration.launch(LaunchConfiguration.java:858)
	at org.eclipse.debug.internal.core.LaunchConfiguration.launch(LaunchConfiguration.java:707)
	at org.eclipse.debug.internal.ui.DebugUIPlugin.buildAndLaunch(DebugUIPlugin.java:1018)
	at org.eclipse.debug.internal.ui.DebugUIPlugin$8.run(DebugUIPlugin.java:1222)
	at org.eclipse.core.internal.jobs.Worker.run(Worker.java:53)
17:10:09 INFO  : Connected to target on host '127.0.0.1' and port '3121'.
17:10:09 INFO  : 'targets -set -filter {jtag_cable_name =~ "Digilent Zed 210248684981" && level==0} -index 1' command is executed.
17:10:12 INFO  : FPGA configured successfully with bitstream "C:/Temp/tp2Code/adv7511_zed.sdk/system_top_hw_platform_0/system_top.bit"
17:10:56 INFO  : Connected to target on host '127.0.0.1' and port '3121'.
17:10:56 INFO  : 'targets -set -filter {jtag_cable_name =~ "Digilent Zed 210248684981" && level==0} -index 1' command is executed.
17:10:58 INFO  : FPGA configured successfully with bitstream "C:/Temp/tp2Code/adv7511_zed.sdk/system_top_hw_platform_0/system_top.bit"
17:11:03 INFO  : ps7_init is completed.
17:11:03 INFO  : ps7_post_config is completed.
17:11:03 INFO  : Processor reset is completed for ps7_cortexa9_0
17:11:43 INFO  : ps7_cortexa9_0 Processor is in use. Please stop existing Run or Debug sessions before launching.
17:13:29 INFO  : Connected to target on host '127.0.0.1' and port '3121'.
17:13:29 INFO  : 'targets -set -filter {jtag_cable_name =~ "Digilent Zed 210248684981" && level==0} -index 1' command is executed.
17:13:32 INFO  : FPGA configured successfully with bitstream "C:/Temp/tp2Code/adv7511_zed.sdk/system_top_hw_platform_0/system_top.bit"
17:13:40 INFO  : ps7_init is completed.
17:13:40 INFO  : ps7_post_config is completed.
17:13:40 INFO  : Processor reset is completed for ps7_cortexa9_0
17:14:05 ERROR : Unexpected error while launching program.
java.lang.RuntimeException: Error stopping at main.
	at com.xilinx.sdk.debug.core.XilinxAppLaunchConfigurationDelegate.debugApplication(XilinxAppLaunchConfigurationDelegate.java:806)
	at com.xilinx.sdk.debug.core.XilinxAppLaunchConfigurationDelegate.launch(XilinxAppLaunchConfigurationDelegate.java:311)
	at com.xilinx.sdk.debug.ui.XilinxAppLaunchDelegateWrapper.launch(XilinxAppLaunchDelegateWrapper.java:31)
	at org.eclipse.debug.internal.core.LaunchConfiguration.launch(LaunchConfiguration.java:858)
	at org.eclipse.debug.internal.core.LaunchConfiguration.launch(LaunchConfiguration.java:707)
	at org.eclipse.debug.internal.ui.DebugUIPlugin.buildAndLaunch(DebugUIPlugin.java:1018)
	at org.eclipse.debug.internal.ui.DebugUIPlugin$8.run(DebugUIPlugin.java:1222)
	at org.eclipse.core.internal.jobs.Worker.run(Worker.java:53)
17:15:42 INFO  : ps7_init is completed.
17:15:42 INFO  : ps7_post_config is completed.
17:15:42 INFO  : Processor reset is completed for ps7_cortexa9_0
17:15:45 INFO  : Connected to target on host '127.0.0.1' and port '3121'.
17:15:46 INFO  : 'targets -set -filter {jtag_cable_name =~ "Digilent Zed 210248684981" && level==0} -index 1' command is executed.
17:15:48 INFO  : FPGA configured successfully with bitstream "C:/Temp/tp2Code/adv7511_zed.sdk/system_top_hw_platform_0/system_top.bit"
17:15:51 INFO  : ps7_cortexa9_0 Processor is in use. Please stop existing Run or Debug sessions before launching.
17:15:58 ERROR : Unexpected error while launching program.
java.lang.RuntimeException: Error in Resetting Target

    Could not stop the processor after reset


	at com.xilinx.sdk.targetmanager.internal.TM.doProcessorReset(TM.java:1011)
	at com.xilinx.sdk.debug.core.XilinxAppLaunchConfigurationDelegate.runTargetSetup(XilinxAppLaunchConfigurationDelegate.java:534)
	at com.xilinx.sdk.debug.core.XilinxAppLaunchConfigurationDelegate.runApplication(XilinxAppLaunchConfigurationDelegate.java:616)
	at com.xilinx.sdk.debug.core.XilinxAppLaunchConfigurationDelegate.launch(XilinxAppLaunchConfigurationDelegate.java:309)
	at com.xilinx.sdk.debug.ui.XilinxAppLaunchDelegateWrapper.launch(XilinxAppLaunchDelegateWrapper.java:31)
	at org.eclipse.debug.internal.core.LaunchConfiguration.launch(LaunchConfiguration.java:858)
	at org.eclipse.debug.internal.core.LaunchConfiguration.launch(LaunchConfiguration.java:707)
	at org.eclipse.debug.internal.ui.DebugUIPlugin.buildAndLaunch(DebugUIPlugin.java:1018)
	at org.eclipse.debug.internal.ui.DebugUIPlugin$8.run(DebugUIPlugin.java:1222)
	at org.eclipse.core.internal.jobs.Worker.run(Worker.java:53)
17:16:12 INFO  : Connected to target on host '127.0.0.1' and port '3121'.
17:16:12 INFO  : 'targets -set -filter {jtag_cable_name =~ "Digilent Zed 210248684981" && level==0} -index 1' command is executed.
17:16:15 INFO  : FPGA configured successfully with bitstream "C:/Temp/tp2Code/adv7511_zed.sdk/system_top_hw_platform_0/system_top.bit"
17:16:18 INFO  : ps7_init is completed.
17:16:18 INFO  : ps7_post_config is completed.
17:16:18 INFO  : Processor reset is completed for ps7_cortexa9_0
17:18:41 INFO  : ps7_cortexa9_0 Processor is in use. Please stop existing Run or Debug sessions before launching.
17:18:47 ERROR : Unexpected error while launching program.
java.lang.RuntimeException: Error in Resetting Target

    Could not stop the processor after reset


	at com.xilinx.sdk.targetmanager.internal.TM.doProcessorReset(TM.java:1011)
	at com.xilinx.sdk.debug.core.XilinxAppLaunchConfigurationDelegate.runTargetSetup(XilinxAppLaunchConfigurationDelegate.java:534)
	at com.xilinx.sdk.debug.core.XilinxAppLaunchConfigurationDelegate.debugApplication(XilinxAppLaunchConfigurationDelegate.java:701)
	at com.xilinx.sdk.debug.core.XilinxAppLaunchConfigurationDelegate.launch(XilinxAppLaunchConfigurationDelegate.java:311)
	at com.xilinx.sdk.debug.ui.XilinxAppLaunchDelegateWrapper.launch(XilinxAppLaunchDelegateWrapper.java:31)
	at org.eclipse.debug.internal.core.LaunchConfiguration.launch(LaunchConfiguration.java:858)
	at org.eclipse.debug.internal.core.LaunchConfiguration.launch(LaunchConfiguration.java:707)
	at org.eclipse.debug.internal.ui.DebugUIPlugin.buildAndLaunch(DebugUIPlugin.java:1018)
	at org.eclipse.debug.internal.ui.DebugUIPlugin$8.run(DebugUIPlugin.java:1222)
	at org.eclipse.core.internal.jobs.Worker.run(Worker.java:53)
17:18:55 ERROR : Unexpected error while launching program.
java.lang.RuntimeException: Error in Resetting Target

    Could not stop the processor after reset


	at com.xilinx.sdk.targetmanager.internal.TM.doProcessorReset(TM.java:1011)
	at com.xilinx.sdk.debug.core.XilinxAppLaunchConfigurationDelegate.runTargetSetup(XilinxAppLaunchConfigurationDelegate.java:534)
	at com.xilinx.sdk.debug.core.XilinxAppLaunchConfigurationDelegate.debugApplication(XilinxAppLaunchConfigurationDelegate.java:701)
	at com.xilinx.sdk.debug.core.XilinxAppLaunchConfigurationDelegate.launch(XilinxAppLaunchConfigurationDelegate.java:311)
	at com.xilinx.sdk.debug.ui.XilinxAppLaunchDelegateWrapper.launch(XilinxAppLaunchDelegateWrapper.java:31)
	at org.eclipse.debug.internal.core.LaunchConfiguration.launch(LaunchConfiguration.java:858)
	at org.eclipse.debug.internal.core.LaunchConfiguration.launch(LaunchConfiguration.java:707)
	at org.eclipse.debug.internal.ui.DebugUIPlugin.buildAndLaunch(DebugUIPlugin.java:1018)
	at org.eclipse.debug.internal.ui.DebugUIPlugin$8.run(DebugUIPlugin.java:1222)
	at org.eclipse.core.internal.jobs.Worker.run(Worker.java:53)
17:19:06 INFO  : Connected to target on host '127.0.0.1' and port '3121'.
17:19:06 INFO  : 'targets -set -filter {jtag_cable_name =~ "Digilent Zed 210248684981" && level==0} -index 1' command is executed.
17:19:09 INFO  : FPGA configured successfully with bitstream "C:/Temp/tp2Code/adv7511_zed.sdk/system_top_hw_platform_0/system_top.bit"
17:19:28 INFO  : ps7_init is completed.
17:19:28 INFO  : ps7_post_config is completed.
17:19:28 INFO  : Processor reset is completed for ps7_cortexa9_0
17:24:33 INFO  : Connected to target on host '127.0.0.1' and port '3121'.
17:24:33 INFO  : 'targets -set -filter {jtag_cable_name =~ "Digilent Zed 210248684981" && level==0} -index 1' command is executed.
17:24:36 INFO  : FPGA configured successfully with bitstream "C:/Temp/tp2Code/adv7511_zed.sdk/system_top_hw_platform_0/system_top.bit"
17:24:46 INFO  : ps7_init is completed.
17:24:46 INFO  : ps7_post_config is completed.
17:24:46 INFO  : Processor reset is completed for ps7_cortexa9_0
17:26:31 INFO  : Processor reset is completed for ps7_cortexa9_0
17:30:23 INFO  : ps7_cortexa9_0 Processor is in use. Please stop existing Run or Debug sessions before launching.
17:30:25 INFO  : Processor reset is completed for ps7_cortexa9_0
17:30:57 INFO  : Connected to target on host '127.0.0.1' and port '3121'.
17:30:57 INFO  : 'targets -set -filter {jtag_cable_name =~ "Digilent Zed 210248684981" && level==0} -index 1' command is executed.
17:30:59 INFO  : FPGA configured successfully with bitstream "C:/Temp/tp2Code/adv7511_zed.sdk/system_top_hw_platform_0/system_top.bit"
17:31:38 INFO  : ps7_init is completed.
17:31:38 INFO  : ps7_post_config is completed.
17:31:38 INFO  : Processor reset is completed for ps7_cortexa9_0
17:34:32 INFO  : Connected to target on host '127.0.0.1' and port '3121'.
17:34:32 INFO  : 'targets -set -filter {jtag_cable_name =~ "Digilent Zed 210248684981" && level==0} -index 1' command is executed.
17:34:35 INFO  : FPGA configured successfully with bitstream "C:/Temp/tp2Code/adv7511_zed.sdk/system_top_hw_platform_0/system_top.bit"
17:34:54 INFO  : ps7_init is completed.
17:34:54 INFO  : ps7_post_config is completed.
17:34:54 INFO  : Processor reset is completed for ps7_cortexa9_0
17:36:53 INFO  : Connected to target on host '127.0.0.1' and port '3121'.
17:36:53 INFO  : 'targets -set -filter {jtag_cable_name =~ "Digilent Zed 210248684981" && level==0} -index 1' command is executed.
17:36:56 INFO  : FPGA configured successfully with bitstream "C:/Temp/tp2Code/adv7511_zed.sdk/system_top_hw_platform_0/system_top.bit"
17:37:09 INFO  : ps7_init is completed.
17:37:09 INFO  : ps7_post_config is completed.
17:37:09 INFO  : Processor reset is completed for ps7_cortexa9_0
17:39:13 INFO  : Connected to target on host '127.0.0.1' and port '3121'.
17:39:14 INFO  : 'targets -set -filter {jtag_cable_name =~ "Digilent Zed 210248684981" && level==0} -index 1' command is executed.
17:39:16 INFO  : FPGA configured successfully with bitstream "C:/Temp/tp2Code/adv7511_zed.sdk/system_top_hw_platform_0/system_top.bit"
17:39:22 INFO  : ps7_init is completed.
17:39:22 INFO  : ps7_post_config is completed.
17:39:23 INFO  : Processor reset is completed for ps7_cortexa9_0
17:48:20 INFO  : ps7_cortexa9_0 Processor is in use. Please stop existing Run or Debug sessions before launching.
17:48:24 INFO  : Processor reset is completed for ps7_cortexa9_0
18:05:03 INFO  : ps7_cortexa9_0 Processor is in use. Please stop existing Run or Debug sessions before launching.
18:05:05 INFO  : Processor reset is completed for ps7_cortexa9_0
18:05:34 INFO  : ps7_cortexa9_0 Processor is in use. Please stop existing Run or Debug sessions before launching.
18:05:36 INFO  : Processor reset is completed for ps7_cortexa9_0
18:05:55 INFO  : ps7_cortexa9_0 Processor is in use. Please stop existing Run or Debug sessions before launching.
18:05:57 INFO  : Processor reset is completed for ps7_cortexa9_0
18:06:18 INFO  : ps7_cortexa9_0 Processor is in use. Please stop existing Run or Debug sessions before launching.
18:06:20 INFO  : Processor reset is completed for ps7_cortexa9_0
18:06:45 INFO  : ps7_cortexa9_0 Processor is in use. Please stop existing Run or Debug sessions before launching.
18:06:46 INFO  : Processor reset is completed for ps7_cortexa9_0
18:07:17 INFO  : ps7_cortexa9_0 Processor is in use. Please stop existing Run or Debug sessions before launching.
18:07:20 INFO  : Processor reset is completed for ps7_cortexa9_0
18:07:55 INFO  : ps7_cortexa9_0 Processor is in use. Please stop existing Run or Debug sessions before launching.
18:07:56 INFO  : Processor reset is completed for ps7_cortexa9_0
18:08:19 INFO  : ps7_cortexa9_0 Processor is in use. Please stop existing Run or Debug sessions before launching.
18:08:22 INFO  : Processor reset is completed for ps7_cortexa9_0
18:08:59 INFO  : ps7_cortexa9_0 Processor is in use. Please stop existing Run or Debug sessions before launching.
18:09:01 INFO  : Processor reset is completed for ps7_cortexa9_0
18:09:22 INFO  : ps7_cortexa9_0 Processor is in use. Please stop existing Run or Debug sessions before launching.
18:09:24 INFO  : Processor reset is completed for ps7_cortexa9_0
18:11:23 INFO  : ps7_cortexa9_0 Processor is in use. Please stop existing Run or Debug sessions before launching.
18:11:29 INFO  : Processor reset is completed for ps7_cortexa9_0
18:15:06 INFO  : ps7_cortexa9_0 Processor is in use. Please stop existing Run or Debug sessions before launching.
18:15:08 INFO  : Processor reset is completed for ps7_cortexa9_0
18:18:38 INFO  : ps7_cortexa9_0 Processor is in use. Please stop existing Run or Debug sessions before launching.
18:18:40 INFO  : Processor reset is completed for ps7_cortexa9_0
18:19:21 INFO  : ps7_cortexa9_0 Processor is in use. Please stop existing Run or Debug sessions before launching.
18:19:22 INFO  : Processor reset is completed for ps7_cortexa9_0
18:19:41 INFO  : ps7_cortexa9_0 Processor is in use. Please stop existing Run or Debug sessions before launching.
18:19:45 INFO  : ps7_cortexa9_0 Processor is in use. Please stop existing Run or Debug sessions before launching.
18:19:47 INFO  : Processor reset is completed for ps7_cortexa9_0
18:20:05 INFO  : ps7_cortexa9_0 Processor is in use. Please stop existing Run or Debug sessions before launching.
18:20:07 INFO  : Processor reset is completed for ps7_cortexa9_0
18:20:49 INFO  : ps7_cortexa9_0 Processor is in use. Please stop existing Run or Debug sessions before launching.
18:20:52 INFO  : Processor reset is completed for ps7_cortexa9_0
18:21:10 INFO  : ps7_cortexa9_0 Processor is in use. Please stop existing Run or Debug sessions before launching.
18:21:12 INFO  : Processor reset is completed for ps7_cortexa9_0
18:22:12 INFO  : ps7_cortexa9_0 Processor is in use. Please stop existing Run or Debug sessions before launching.
18:22:14 INFO  : Processor reset is completed for ps7_cortexa9_0
18:22:28 INFO  : ps7_cortexa9_0 Processor is in use. Please stop existing Run or Debug sessions before launching.
18:22:30 INFO  : Processor reset is completed for ps7_cortexa9_0
18:22:45 INFO  : ps7_cortexa9_0 Processor is in use. Please stop existing Run or Debug sessions before launching.
18:22:48 INFO  : Processor reset is completed for ps7_cortexa9_0
18:23:10 INFO  : ps7_cortexa9_0 Processor is in use. Please stop existing Run or Debug sessions before launching.
18:23:11 INFO  : Processor reset is completed for ps7_cortexa9_0
18:23:39 INFO  : ps7_cortexa9_0 Processor is in use. Please stop existing Run or Debug sessions before launching.
18:23:40 INFO  : Processor reset is completed for ps7_cortexa9_0
18:27:04 INFO  : ps7_cortexa9_0 Processor is in use. Please stop existing Run or Debug sessions before launching.
18:27:06 INFO  : Processor reset is completed for ps7_cortexa9_0
18:28:27 INFO  : ps7_cortexa9_0 Processor is in use. Please stop existing Run or Debug sessions before launching.
18:28:29 INFO  : Processor reset is completed for ps7_cortexa9_0
18:41:11 INFO  : ps7_cortexa9_0 Processor is in use. Please stop existing Run or Debug sessions before launching.
18:41:13 INFO  : Processor reset is completed for ps7_cortexa9_0
18:45:59 INFO  : ps7_cortexa9_0 Processor is in use. Please stop existing Run or Debug sessions before launching.
18:46:02 INFO  : Processor reset is completed for ps7_cortexa9_0
18:46:49 INFO  : ps7_cortexa9_0 Processor is in use. Please stop existing Run or Debug sessions before launching.
18:46:52 INFO  : Processor reset is completed for ps7_cortexa9_0
18:51:38 INFO  : ps7_cortexa9_0 Processor is in use. Please stop existing Run or Debug sessions before launching.
18:51:39 INFO  : Processor reset is completed for ps7_cortexa9_0
19:01:00 INFO  : ps7_cortexa9_0 Processor is in use. Please stop existing Run or Debug sessions before launching.
19:01:02 INFO  : Processor reset is completed for ps7_cortexa9_0
19:02:50 INFO  : ps7_cortexa9_0 Processor is in use. Please stop existing Run or Debug sessions before launching.
19:02:51 INFO  : Processor reset is completed for ps7_cortexa9_0
19:03:15 INFO  : ps7_cortexa9_0 Processor is in use. Please stop existing Run or Debug sessions before launching.
19:03:17 INFO  : Processor reset is completed for ps7_cortexa9_0
19:03:36 INFO  : Connected to target on host '127.0.0.1' and port '3121'.
19:03:36 INFO  : 'targets -set -filter {jtag_cable_name =~ "Digilent Zed 210248684981" && level==0} -index 1' command is executed.
19:03:39 INFO  : FPGA configured successfully with bitstream "C:/Temp/tp2Code/adv7511_zed.sdk/system_top_hw_platform_0/system_top.bit"
19:03:45 INFO  : ps7_init is completed.
19:03:46 INFO  : ps7_post_config is completed.
19:03:46 INFO  : Processor reset is completed for ps7_cortexa9_0
19:03:51 INFO  : ps7_cortexa9_0 Processor is in use. Please stop existing Run or Debug sessions before launching.
19:03:53 INFO  : Processor reset is completed for ps7_cortexa9_0
19:04:22 INFO  : Processor reset is completed for ps7_cortexa9_0
19:05:18 INFO  : Processor reset is completed for ps7_cortexa9_0
19:09:26 ERROR : Unexpected error while parsing XMD response ?: com.google.gson.JsonSyntaxException: com.google.gson.stream.MalformedJsonException: invalid number or unquoted string near 
