#-----------------------------------------------------------
# Webtalk v2015.4 (64-bit)
# SW Build 1412921 on Wed Nov 18 09:43:45 MST 2015
# 
# Start of session at: Mon Sep 19 13:20:28 2016
# Process ID: 24332
# Current directory: C:/Temp/inf3995-02/TP2/tp2Code/adv7511_zed.sdk/webtalk
# Command line: wbtcv.exe -mode batch -source sdk_webtalk.tcl
# Log file: C:/Temp/inf3995-02/TP2/tp2Code/adv7511_zed.sdk/webtalk/webtalk.log
# Journal file: C:/Temp/inf3995-02/TP2/tp2Code/adv7511_zed.sdk/webtalk\webtalk.jou
#-----------------------------------------------------------
source sdk_webtalk.tcl
# webtalk_init -webtalk_dir C:\\Temp\\inf3995-02\\TP2\\tp2Code\\adv7511_zed.sdk\\webtalk
# webtalk_register_client -client project
# webtalk_add_data -client project -key date_generated -value "lun. sept. 19 13:20:28 2016" -context "software_version_and_target_device"
# webtalk_add_data -client project -key product_version -value "SDK v2015.4" -context "software_version_and_target_device"
# webtalk_add_data -client project -key build_version -value "2015.4" -context "software_version_and_target_device"
# webtalk_add_data -client project -key os_platform -value "amd64" -context "software_version_and_target_device"
# webtalk_add_data -client project -key registration_id -value "" -context "software_version_and_target_device"
# webtalk_add_data -client project -key tool_flow -value "SDK" -context "software_version_and_target_device"
# webtalk_add_data -client project -key beta -value "false" -context "software_version_and_target_device"
# webtalk_add_data -client project -key route_design -value "NA" -context "software_version_and_target_device"
# webtalk_add_data -client project -key target_family -value "NA" -context "software_version_and_target_device"
# webtalk_add_data -client project -key target_device -value "NA" -context "software_version_and_target_device"
# webtalk_add_data -client project -key target_package -value "NA" -context "software_version_and_target_device"
# webtalk_add_data -client project -key target_speed -value "NA" -context "software_version_and_target_device"
# webtalk_add_data -client project -key random_id -value "ffrvhalu94jss6nuir3k5mikd7" -context "software_version_and_target_device"
# webtalk_add_data -client project -key project_id -value "2015.4_11" -context "software_version_and_target_device"
# webtalk_add_data -client project -key project_iteration -value "11" -context "software_version_and_target_device"
# webtalk_add_data -client project -key os_name -value "" -context "user_environment"
# webtalk_add_data -client project -key os_release -value "" -context "user_environment"
# webtalk_add_data -client project -key cpu_name -value "" -context "user_environment"
# webtalk_add_data -client project -key cpu_speed -value "" -context "user_environment"
# webtalk_add_data -client project -key total_processors -value "" -context "user_environment"
# webtalk_add_data -client project -key system_ram -value "" -context "user_environment"
# webtalk_register_client -client sdk
# webtalk_add_data -client sdk -key uid -value "1474303542206" -context "sdk\\\\bsp/1474303542206"
# webtalk_add_data -client sdk -key hwid -value "1473174008385" -context "sdk\\\\bsp/1474303542206"
# webtalk_add_data -client sdk -key os -value "standalone" -context "sdk\\\\bsp/1474303542206"
# webtalk_add_data -client sdk -key apptemplate -value "hello_world" -context "sdk\\\\bsp/1474303542206"
# webtalk_add_data -client sdk -key uid -value "1474303547760" -context "sdk\\\\application/1474303547760"
# webtalk_add_data -client sdk -key hwid -value "1473174008385" -context "sdk\\\\application/1474303547760"
# webtalk_add_data -client sdk -key bspid -value "1474303542206" -context "sdk\\\\application/1474303547760"
# webtalk_add_data -client sdk -key newbsp -value "true" -context "sdk\\\\application/1474303547760"
# webtalk_add_data -client sdk -key os -value "standalone" -context "sdk\\\\application/1474303547760"
# webtalk_add_data -client sdk -key apptemplate -value "hello_world" -context "sdk\\\\application/1474303547760"
# webtalk_add_data -client sdk -key uid -value "1474304157313" -context "sdk\\\\bsp/1474304157313"
# webtalk_add_data -client sdk -key hwid -value "1473174008385" -context "sdk\\\\bsp/1474304157313"
# webtalk_add_data -client sdk -key os -value "standalone" -context "sdk\\\\bsp/1474304157313"
# webtalk_add_data -client sdk -key apptemplate -value "empty_application" -context "sdk\\\\bsp/1474304157313"
# webtalk_add_data -client sdk -key uid -value "1474304160096" -context "sdk\\\\application/1474304160096"
# webtalk_add_data -client sdk -key hwid -value "1473174008385" -context "sdk\\\\application/1474304160096"
# webtalk_add_data -client sdk -key bspid -value "1474304157313" -context "sdk\\\\application/1474304160096"
# webtalk_add_data -client sdk -key newbsp -value "true" -context "sdk\\\\application/1474304160096"
# webtalk_add_data -client sdk -key os -value "standalone" -context "sdk\\\\application/1474304160096"
# webtalk_add_data -client sdk -key apptemplate -value "empty_application" -context "sdk\\\\application/1474304160096"
# webtalk_transmit -clientid 4232842656 -regid "" -xml C:\\Temp\\inf3995-02\\TP2\\tp2Code\\adv7511_zed.sdk\\webtalk\\usage_statistics_ext_sdk.xml -html C:\\Temp\\inf3995-02\\TP2\\tp2Code\\adv7511_zed.sdk\\webtalk\\usage_statistics_ext_sdk.html -wdm C:\\Temp\\inf3995-02\\TP2\\tp2Code\\adv7511_zed.sdk\\webtalk\\sdk_webtalk.wdm -intro "<H3>SDK Usage Report</H3><BR>"
# webtalk_terminate
INFO: [Common 17-206] Exiting Webtalk at Mon Sep 19 13:20:34 2016...
