#
# A fatal error has been detected by the Java Runtime Environment:
#
#  Internal Error (0xc000000d), pid=16292, tid=16344
#
# JRE version: Java(TM) SE Runtime Environment (8.0_45-b15) (build 1.8.0_45-b15)
# Java VM: Java HotSpot(TM) 64-Bit Server VM (25.45-b02 mixed mode windows-amd64 compressed oops)
# Problematic frame:
# C  [ntdll.dll+0xf56a0]
#
# Failed to write core dump. Minidumps are not enabled by default on client versions of Windows
#
# If you would like to submit a bug report, please visit:
#   http://bugreport.java.com/bugreport/crash.jsp
#

---------------  T H R E A D  ---------------

Current thread (0x0000000013fc8000):  VMThread [stack: 0x0000000015cb0000,0x0000000015db0000] [id=16344]

siginfo: ExceptionCode=0xc000000d

Registers:
RAX=0x0000000071569494, RBX=0xfffffffffffffffe, RCX=0x000000001d569640, RDX=0x00000000715a2549
RSP=0x0000000015daf1b0, RBP=0x00007ff825e87408, RSI=0x0000000000000000, RDI=0x0000000000000130
R8 =0x00007ff84310b60c, R9 =0x000000001d56c3c0, R10=0x0000000013e55500, R11=0x000000001d56c3c0
R12=0x000000002692ac10, R13=0x000000001b14c1c0, R14=0x000000002692ad18, R15=0x0000000015daf328
RIP=0x00007ff8431a56a0, EFLAGS=0x0000000000000202

Top of Stack: (sp=0x0000000015daf1b0)
0x0000000015daf1b0:   0000000000000000 fffffffffffffffe
0x0000000015daf1c0:   0000000000000000 0000000000000130
0x0000000015daf1d0:   00000000c000000d 0000000000000000
0x0000000015daf1e0:   00007ff8431a56a0 0000000000000000
0x0000000015daf1f0:   0000000000000000 0000000000000000
0x0000000015daf200:   0000000000000000 0000000000000000
0x0000000015daf210:   0000000000000000 0000000000000000
0x0000000015daf220:   0000000000000000 0000000000000000
0x0000000015daf230:   0000000000000000 0000000000000000
0x0000000015daf240:   0000000000000000 0000000000000000
0x0000000015daf250:   0000000000000000 0000000000000000
0x0000000015daf260:   0000000000000000 0000000000000000
0x0000000015daf270:   00000dd480049ce0 0000000000000040
0x0000000015daf280:   0000000000000000 00007ff8431603df
0x0000000015daf290:   0000000000000000 0000000000000050
0x0000000015daf2a0:   0000000000000005 00007ff8430d5bd4 

Instructions: (pc=0x00007ff8431a56a0)
0x00007ff8431a5680:   62 fb ff c7 44 24 20 0d 00 00 c0 b9 57 00 00 00
0x00007ff8431a5690:   e8 4b 35 f5 ff 90 48 8d 4c 24 20 e8 d0 12 f4 ff
0x00007ff8431a56a0:   eb 00 48 8b 8c 24 c0 00 00 00 48 33 cc e8 8e 01
0x00007ff8431a56b0:   fa ff 48 81 c4 d8 00 00 00 c3 40 55 48 83 ec 20 


Register to memory mapping:

RAX=0x0000000071569494 is an unknown value
RBX=0xfffffffffffffffe is an unknown value
RCX=0x000000001d569640 is an unknown value
RDX=0x00000000715a2549 is an unknown value
RSP=0x0000000015daf1b0 is an unknown value
RBP=0x00007ff825e87408 is an unknown value
RSI=0x0000000000000000 is an unknown value
RDI=0x0000000000000130 is an unknown value
R8 =0x00007ff84310b60c is an unknown value
R9 =0x000000001d56c3c0 is an unknown value
R10=0x0000000013e55500 is an unknown value
R11=0x000000001d56c3c0 is an unknown value
R12=0x000000002692ac10 is an unknown value
R13=0x000000001b14c1c0 is an unknown value
R14=0x000000002692ad18 is an unknown value
R15=0x0000000015daf328 is an unknown value


Stack: [0x0000000015cb0000,0x0000000015db0000],  sp=0x0000000015daf1b0,  free space=1020k
Native frames: (J=compiled Java code, j=interpreted, Vv=VM code, C=native code)
C  [ntdll.dll+0xf56a0]
C  [ntdll.dll+0xb03df]
C  [KERNEL32.DLL+0x28c6a]
C  [MSVCR110.dll+0x752d]
C  [MSVCR110.dll+0x73c6]
C  [MSVCR110.dll+0x14cca]
C  [MSVCR110.dll+0x13edc]
C  [MSVCR110.dll+0x239e]
C  [MSVCR110.dll+0xaf9e]
C  [MSVCP110.dll+0x397b9]
C  [librdi_common.dll+0x14283e]
C  [librdi_common.dll+0x141449]
C  [librdi_target_manager.dll+0x2400]
C  [librdi_target_manager.dll+0x2682]
C  [ntdll.dll+0x152c8]
C  [ntdll.dll+0x5b2ea]
C  [ntdll.dll+0x5b17a]
C  [KERNEL32.DLL+0x24d8a]
C  [MSVCR100.dll+0x20ccd]
V  [jvm.dll+0x20f135]
V  [jvm.dll+0x247ef7]
V  [jvm.dll+0x247196]
V  [jvm.dll+0x247631]
V  [jvm.dll+0x24784e]
V  [jvm.dll+0x29853a]
C  [MSVCR100.dll+0x21d9f]
C  [MSVCR100.dll+0x21e3b]
C  [KERNEL32.DLL+0x18102]
C  [ntdll.dll+0x5c5b4]

VM_Operation (0x000000000014f500): Exit, mode: safepoint, requested by thread 0x0000000002612800


---------------  P R O C E S S  ---------------

Java Threads: ( => current thread )
  0x000000001bcde800 JavaThread "Spawner Reaper" daemon [_thread_in_native, id=524, stack(0x0000000057fe0000,0x00000000580e0000)]
  0x000000001bce1800 JavaThread "Worker-57" [_thread_blocked, id=18284, stack(0x00000000701e0000,0x00000000702e0000)]
  0x000000001b40e800 JavaThread "Thread-19" daemon [_thread_blocked, id=16100, stack(0x0000000028b50000,0x0000000028c50000)]
  0x0000000021613000 JavaThread "TCF Locator DNS Lookup" daemon [_thread_blocked, id=15720, stack(0x0000000024610000,0x0000000024710000)]
  0x000000001825f800 JavaThread "TCF Locator Timer" daemon [_thread_blocked, id=15732, stack(0x0000000024510000,0x0000000024610000)]
  0x0000000018262800 JavaThread "TCF Locator Receiver" daemon [_thread_in_native, id=15756, stack(0x0000000024410000,0x0000000024510000)]
  0x0000000018261800 JavaThread "TCF Timer Dispatcher" daemon [_thread_blocked, id=15644, stack(0x0000000023b70000,0x0000000023c70000)]
  0x0000000017742800 JavaThread "EMF Reference Cleaner" daemon [_thread_blocked, id=4448, stack(0x0000000019390000,0x0000000019490000)]
  0x0000000016075000 JavaThread "Service Thread" daemon [_thread_blocked, id=16380, stack(0x00000000169b0000,0x0000000016ab0000)]
  0x0000000013fde000 JavaThread "C1 CompilerThread3" daemon [_thread_blocked, id=16376, stack(0x00000000168b0000,0x00000000169b0000)]
  0x0000000015fe9000 JavaThread "C2 CompilerThread2" daemon [_thread_blocked, id=16372, stack(0x00000000167b0000,0x00000000168b0000)]
  0x0000000015fe4800 JavaThread "C2 CompilerThread1" daemon [_thread_blocked, id=16368, stack(0x00000000166b0000,0x00000000167b0000)]
  0x0000000015fe2800 JavaThread "C2 CompilerThread0" daemon [_thread_blocked, id=16364, stack(0x00000000165b0000,0x00000000166b0000)]
  0x0000000015fdf000 JavaThread "Attach Listener" daemon [_thread_blocked, id=16360, stack(0x00000000164b0000,0x00000000165b0000)]
  0x0000000015fdd000 JavaThread "Signal Dispatcher" daemon [_thread_blocked, id=16356, stack(0x00000000163b0000,0x00000000164b0000)]
  0x0000000013fcd800 JavaThread "Finalizer" daemon [_thread_blocked, id=16352, stack(0x0000000015eb0000,0x0000000015fb0000)]
  0x0000000013fcc000 JavaThread "Reference Handler" daemon [_thread_blocked, id=16348, stack(0x0000000015db0000,0x0000000015eb0000)]
  0x0000000002612800 JavaThread "main" [_thread_blocked, id=16296, stack(0x0000000000050000,0x0000000000150000)]

Other Threads:
=>0x0000000013fc8000 VMThread [stack: 0x0000000015cb0000,0x0000000015db0000] [id=16344]

VM state:at safepoint (shutting down)

VM Mutex/Monitor currently owned by a thread:  ([mutex/lock_event])
[0x000000000286eae0] Threads_lock - owner thread: 0x0000000013fc8000

Heap:
 PSYoungGen      total 51712K, used 17628K [0x00000000f5580000, 0x00000000f9300000, 0x0000000100000000)
  eden space 42496K, 30% used [0x00000000f5580000,0x00000000f6259920,0x00000000f7f00000)
  from space 9216K, 48% used [0x00000000f8a00000,0x00000000f8e5d770,0x00000000f9300000)
  to   space 10240K, 0% used [0x00000000f7f00000,0x00000000f7f00000,0x00000000f8900000)
 ParOldGen       total 105984K, used 68751K [0x00000000e0000000, 0x00000000e6780000, 0x00000000f5580000)
  object space 105984K, 64% used [0x00000000e0000000,0x00000000e4323f58,0x00000000e6780000)
 Metaspace       used 106498K, capacity 113854K, committed 114176K, reserved 1148928K
  class space    used 12258K, capacity 14505K, committed 14592K, reserved 1048576K

Card table byte_map: [0x0000000002740000,0x0000000002850000] byte_map_base: 0x0000000002040000

Marking Bits: (ParMarkBitMap*) 0x0000000071b64040
 Begin Bits: [0x00000000124e0000, 0x0000000012ce0000)
 End Bits:   [0x0000000012ce0000, 0x00000000134e0000)

Polling page: 0x0000000000570000

CodeCache: size=245760Kb used=99654Kb max_used=99660Kb free=146105Kb
 bounds [0x0000000002870000, 0x0000000008aa0000, 0x0000000011870000]
 total_blobs=24661 nmethods=23789 adapters=779
 compilation: enabled

Compilation events (10 events):
Event: 15643.409 Thread 0x0000000013fde000 32599  s    3       org.eclipse.osgi.baseadaptor.BaseData::close (68 bytes)
Event: 15643.410 Thread 0x0000000013fde000 nmethod 32599 0x0000000008a82450 code [0x0000000008a82680, 0x0000000008a83528]
Event: 15643.410 Thread 0x0000000013fde000 32600       3       org.eclipse.osgi.framework.internal.core.BundleHost::refresh (83 bytes)
Event: 15643.411 Thread 0x0000000013fde000 nmethod 32600 0x0000000008a8c810 code [0x0000000008a8ca60, 0x0000000008a8d838]
Event: 15643.472 Thread 0x0000000013fde000 32601   !   3       org.eclipse.osgi.internal.baseadaptor.BaseStorage::compact (215 bytes)
Event: 15643.474 Thread 0x0000000013fde000 nmethod 32601 0x0000000008a8ddd0 code [0x0000000008a8e220, 0x0000000008a906e8]
Event: 15643.533 Thread 0x0000000015fe9000 32603       4       java.lang.Thread::checkAccess (14 bytes)
Event: 15643.533 Thread 0x0000000013fde000 32602       3       org.eclipse.osgi.framework.internal.core.AbstractBundle::close (52 bytes)
Event: 15643.534 Thread 0x0000000015fe9000 nmethod 32603 0x0000000004ce4b90 code [0x0000000004ce4cc0, 0x0000000004ce4d58]
Event: 15643.534 Thread 0x0000000013fde000 nmethod 32602 0x0000000008a93390 code [0x0000000008a935c0, 0x0000000008a942c8]

GC Heap History (10 events):
Event: 15576.013 GC heap before
{Heap before GC invocations=642 (full 110):
 PSYoungGen      total 51712K, used 51333K [0x00000000f5580000, 0x00000000f9380000, 0x0000000100000000)
  eden space 45056K, 100% used [0x00000000f5580000,0x00000000f8180000,0x00000000f8180000)
  from space 6656K, 94% used [0x00000000f8200000,0x00000000f8821770,0x00000000f8880000)
  to   space 9216K, 0% used [0x00000000f8a80000,0x00000000f8a80000,0x00000000f9380000)
 ParOldGen       total 105984K, used 68743K [0x00000000e0000000, 0x00000000e6780000, 0x00000000f5580000)
  object space 105984K, 64% used [0x00000000e0000000,0x00000000e4321f58,0x00000000e6780000)
 Metaspace       used 105889K, capacity 113174K, committed 113280K, reserved 1148928K
  class space    used 12190K, capacity 14406K, committed 14464K, reserved 1048576K
Event: 15576.019 GC heap after
Heap after GC invocations=642 (full 110):
 PSYoungGen      total 53760K, used 6699K [0x00000000f5580000, 0x00000000f9400000, 0x0000000100000000)
  eden space 44544K, 0% used [0x00000000f5580000,0x00000000f5580000,0x00000000f8100000)
  from space 9216K, 72% used [0x00000000f8a80000,0x00000000f910aee8,0x00000000f9380000)
  to   space 9728K, 0% used [0x00000000f8100000,0x00000000f8100000,0x00000000f8a80000)
 ParOldGen       total 105984K, used 68743K [0x00000000e0000000, 0x00000000e6780000, 0x00000000f5580000)
  object space 105984K, 64% used [0x00000000e0000000,0x00000000e4321f58,0x00000000e6780000)
 Metaspace       used 105889K, capacity 113174K, committed 113280K, reserved 1148928K
  class space    used 12190K, capacity 14406K, committed 14464K, reserved 1048576K
}
Event: 15597.120 GC heap before
{Heap before GC invocations=643 (full 110):
 PSYoungGen      total 53760K, used 51243K [0x00000000f5580000, 0x00000000f9400000, 0x0000000100000000)
  eden space 44544K, 100% used [0x00000000f5580000,0x00000000f8100000,0x00000000f8100000)
  from space 9216K, 72% used [0x00000000f8a80000,0x00000000f910aee8,0x00000000f9380000)
  to   space 9728K, 0% used [0x00000000f8100000,0x00000000f8100000,0x00000000f8a80000)
 ParOldGen       total 105984K, used 68743K [0x00000000e0000000, 0x00000000e6780000, 0x00000000f5580000)
  object space 105984K, 64% used [0x00000000e0000000,0x00000000e4321f58,0x00000000e6780000)
 Metaspace       used 105915K, capacity 113238K, committed 113536K, reserved 1148928K
  class space    used 12192K, capacity 14406K, committed 14464K, reserved 1048576K
Event: 15597.126 GC heap after
Heap after GC invocations=643 (full 110):
 PSYoungGen      total 50688K, used 6421K [0x00000000f5580000, 0x00000000f9380000, 0x0000000100000000)
  eden space 44032K, 0% used [0x00000000f5580000,0x00000000f5580000,0x00000000f8080000)
  from space 6656K, 96% used [0x00000000f8100000,0x00000000f8745790,0x00000000f8780000)
  to   space 9728K, 0% used [0x00000000f8a00000,0x00000000f8a00000,0x00000000f9380000)
 ParOldGen       total 105984K, used 68751K [0x00000000e0000000, 0x00000000e6780000, 0x00000000f5580000)
  object space 105984K, 64% used [0x00000000e0000000,0x00000000e4323f58,0x00000000e6780000)
 Metaspace       used 105915K, capacity 113238K, committed 113536K, reserved 1148928K
  class space    used 12192K, capacity 14406K, committed 14464K, reserved 1048576K
}
Event: 15615.849 GC heap before
{Heap before GC invocations=644 (full 110):
 PSYoungGen      total 50688K, used 50453K [0x00000000f5580000, 0x00000000f9380000, 0x0000000100000000)
  eden space 44032K, 100% used [0x00000000f5580000,0x00000000f8080000,0x00000000f8080000)
  from space 6656K, 96% used [0x00000000f8100000,0x00000000f8745790,0x00000000f8780000)
  to   space 9728K, 0% used [0x00000000f8a00000,0x00000000f8a00000,0x00000000f9380000)
 ParOldGen       total 105984K, used 68751K [0x00000000e0000000, 0x00000000e6780000, 0x00000000f5580000)
  object space 105984K, 64% used [0x00000000e0000000,0x00000000e4323f58,0x00000000e6780000)
 Metaspace       used 105916K, capacity 113238K, committed 113536K, reserved 1148928K
  class space    used 12192K, capacity 14406K, committed 14464K, reserved 1048576K
Event: 15615.855 GC heap after
Heap after GC invocations=644 (full 110):
 PSYoungGen      total 53248K, used 7387K [0x00000000f5580000, 0x00000000f9400000, 0x0000000100000000)
  eden space 43520K, 0% used [0x00000000f5580000,0x00000000f5580000,0x00000000f8000000)
  from space 9728K, 75% used [0x00000000f8a00000,0x00000000f9136ed8,0x00000000f9380000)
  to   space 10240K, 0% used [0x00000000f8000000,0x00000000f8000000,0x00000000f8a00000)
 ParOldGen       total 105984K, used 68751K [0x00000000e0000000, 0x00000000e6780000, 0x00000000f5580000)
  object space 105984K, 64% used [0x00000000e0000000,0x00000000e4323f58,0x00000000e6780000)
 Metaspace       used 105916K, capacity 113238K, committed 113536K, reserved 1148928K
  class space    used 12192K, capacity 14406K, committed 14464K, reserved 1048576K
}
Event: 15640.759 GC heap before
{Heap before GC invocations=645 (full 110):
 PSYoungGen      total 53248K, used 50907K [0x00000000f5580000, 0x00000000f9400000, 0x0000000100000000)
  eden space 43520K, 100% used [0x00000000f5580000,0x00000000f8000000,0x00000000f8000000)
  from space 9728K, 75% used [0x00000000f8a00000,0x00000000f9136ed8,0x00000000f9380000)
  to   space 10240K, 0% used [0x00000000f8000000,0x00000000f8000000,0x00000000f8a00000)
 ParOldGen       total 105984K, used 68751K [0x00000000e0000000, 0x00000000e6780000, 0x00000000f5580000)
  object space 105984K, 64% used [0x00000000e0000000,0x00000000e4323f58,0x00000000e6780000)
 Metaspace       used 106094K, capacity 113430K, committed 113664K, reserved 1148928K
  class space    used 12216K, capacity 14470K, committed 14592K, reserved 1048576K
Event: 15640.766 GC heap after
Heap after GC invocations=645 (full 110):
 PSYoungGen      total 53248K, used 7382K [0x00000000f5580000, 0x00000000f9480000, 0x0000000100000000)
  eden space 43008K, 0% used [0x00000000f5580000,0x00000000f5580000,0x00000000f7f80000)
  from space 10240K, 72% used [0x00000000f8000000,0x00000000f8735ae0,0x00000000f8a00000)
  to   space 10752K, 0% used [0x00000000f8a00000,0x00000000f8a00000,0x00000000f9480000)
 ParOldGen       total 105984K, used 68751K [0x00000000e0000000, 0x00000000e6780000, 0x00000000f5580000)
  object space 105984K, 64% used [0x00000000e0000000,0x00000000e4323f58,0x00000000e6780000)
 Metaspace       used 106094K, capacity 113430K, committed 113664K, reserved 1148928K
  class space    used 12216K, capacity 14470K, committed 14592K, reserved 1048576K
}
Event: 15641.412 GC heap before
{Heap before GC invocations=646 (full 110):
 PSYoungGen      total 53248K, used 50390K [0x00000000f5580000, 0x00000000f9480000, 0x0000000100000000)
  eden space 43008K, 100% used [0x00000000f5580000,0x00000000f7f80000,0x00000000f7f80000)
  from space 10240K, 72% used [0x00000000f8000000,0x00000000f8735ae0,0x00000000f8a00000)
  to   space 10752K, 0% used [0x00000000f8a00000,0x00000000f8a00000,0x00000000f9480000)
 ParOldGen       total 105984K, used 68751K [0x00000000e0000000, 0x00000000e6780000, 0x00000000f5580000)
  object space 105984K, 64% used [0x00000000e0000000,0x00000000e4323f58,0x00000000e6780000)
 Metaspace       used 106132K, capacity 113436K, committed 113664K, reserved 1148928K
  class space    used 12221K, capacity 14471K, committed 14592K, reserved 1048576K
Event: 15641.422 GC heap after
Heap after GC invocations=646 (full 110):
 PSYoungGen      total 51712K, used 4469K [0x00000000f5580000, 0x00000000f9300000, 0x0000000100000000)
  eden space 42496K, 0% used [0x00000000f5580000,0x00000000f5580000,0x00000000f7f00000)
  from space 9216K, 48% used [0x00000000f8a00000,0x00000000f8e5d770,0x00000000f9300000)
  to   space 10240K, 0% used [0x00000000f7f00000,0x00000000f7f00000,0x00000000f8900000)
 ParOldGen       total 105984K, used 68751K [0x00000000e0000000, 0x00000000e6780000, 0x00000000f5580000)
  object space 105984K, 64% used [0x00000000e0000000,0x00000000e4323f58,0x00000000e6780000)
 Metaspace       used 106132K, capacity 113436K, committed 113664K, reserved 1148928K
  class space    used 12221K, capacity 14471K, committed 14592K, reserved 1048576K
}

Deoptimization events (10 events):
Event: 15643.400 Thread 0x00000000183de000 Uncommon trap: reason=unstable_if action=reinterpret pc=0x0000000005b8f604 method=org.eclipse.core.internal.jobs.WorkerPool.startJob(Lorg/eclipse/core/internal/jobs/Worker;)Lorg/eclipse/core/internal/jobs/InternalJob; @ 177
Event: 15643.400 Thread 0x00000000183ea800 Uncommon trap: reason=unstable_if action=reinterpret pc=0x0000000005b8f604 method=org.eclipse.core.internal.jobs.WorkerPool.startJob(Lorg/eclipse/core/internal/jobs/Worker;)Lorg/eclipse/core/internal/jobs/InternalJob; @ 177
Event: 15643.400 Thread 0x000000001b415800 Uncommon trap: reason=unstable_if action=reinterpret pc=0x0000000005b8f604 method=org.eclipse.core.internal.jobs.WorkerPool.startJob(Lorg/eclipse/core/internal/jobs/Worker;)Lorg/eclipse/core/internal/jobs/InternalJob; @ 177
Event: 15643.400 Thread 0x00000000183e5000 Uncommon trap: reason=unstable_if action=reinterpret pc=0x0000000005b8f604 method=org.eclipse.core.internal.jobs.WorkerPool.startJob(Lorg/eclipse/core/internal/jobs/Worker;)Lorg/eclipse/core/internal/jobs/InternalJob; @ 177
Event: 15643.400 Thread 0x00000000183e6800 Uncommon trap: reason=unstable_if action=reinterpret pc=0x0000000005b8f604 method=org.eclipse.core.internal.jobs.WorkerPool.startJob(Lorg/eclipse/core/internal/jobs/Worker;)Lorg/eclipse/core/internal/jobs/InternalJob; @ 177
Event: 15643.400 Thread 0x000000001bcdb800 Uncommon trap: reason=unstable_if action=reinterpret pc=0x0000000005b8f604 method=org.eclipse.core.internal.jobs.WorkerPool.startJob(Lorg/eclipse/core/internal/jobs/Worker;)Lorg/eclipse/core/internal/jobs/InternalJob; @ 177
Event: 15643.417 Thread 0x0000000002612800 Uncommon trap: reason=class_check action=maybe_recompile pc=0x00000000078164d0 method=java.util.ComparableTimSort.countRunAndMakeAscending([Ljava/lang/Object;II)I @ 36
Event: 15643.515 Thread 0x000000001bce1800 Uncommon trap: reason=unstable_if action=reinterpret pc=0x0000000005d56b80 method=org.eclipse.swt.widgets.Display.filters(I)Z @ 4
Event: 15643.515 Thread 0x000000001bce1800 Uncommon trap: reason=unstable_if action=reinterpret pc=0x0000000005263514 method=org.eclipse.swt.widgets.Display.filters(I)Z @ 4
Event: 15643.533 Thread 0x0000000002612800 Uncommon trap: reason=unstable_if action=reinterpret pc=0x0000000003a11fdc method=sun.reflect.UnsafeStaticObjectFieldAccessorImpl.set(Ljava/lang/Object;Ljava/lang/Object;)V @ 13

Internal exceptions (10 events):
Event: 15643.400 Thread 0x0000000002612800 Exception <a 'java/io/IOException'> (0x00000000f6059b18) thrown at [C:\re\workspace\8-2-build-windows-amd64-cygwin\jdk8u45\3627\hotspot\src\share\vm\prims\jni.cpp, line 709]
Event: 15643.400 Thread 0x0000000002612800 Exception <a 'java/io/IOException'> (0x00000000f6059eb0) thrown at [C:\re\workspace\8-2-build-windows-amd64-cygwin\jdk8u45\3627\hotspot\src\share\vm\prims\jni.cpp, line 709]
Event: 15643.417 Thread 0x0000000017397800 Exception <a 'java/lang/InterruptedException': sleep interrupted> (0x00000000f60cbbd0) thrown at [C:\re\workspace\8-2-build-windows-amd64-cygwin\jdk8u45\3627\hotspot\src\share\vm\prims\jvm.cpp, line 3211]
Event: 15643.418 Thread 0x000000002053e800 Exception <a 'java/lang/InterruptedException'> (0x00000000f60cc3a8) thrown at [C:\re\workspace\8-2-build-windows-amd64-cygwin\jdk8u45\3627\hotspot\src\share\vm\runtime\objectMonitor.cpp, line 1683]
Event: 15643.418 Thread 0x0000000017361800 Exception <a 'java/lang/InterruptedException'> (0x00000000f60d7750) thrown at [C:\re\workspace\8-2-build-windows-amd64-cygwin\jdk8u45\3627\hotspot\src\share\vm\runtime\objectMonitor.cpp, line 1683]
Event: 15643.515 Thread 0x000000001bce1800 Implicit null exception at 0x0000000005d562cd to 0x0000000005d56b65
Event: 15643.515 Thread 0x000000001bce1800 Implicit null exception at 0x0000000005262d6a to 0x00000000052634c9
Event: 15643.533 Thread 0x000000001724d800 Exception <a 'java/lang/InterruptedException'> (0x00000000f60cb7b8) thrown at [C:\re\workspace\8-2-build-windows-amd64-cygwin\jdk8u45\3627\hotspot\src\share\vm\runtime\objectMonitor.cpp, line 1683]
Event: 15643.533 Thread 0x0000000002612800 Implicit null exception at 0x0000000003a11bd7 to 0x0000000003a11fc9
Event: 15643.536 Thread 0x000000001bcdc000 Exception <a 'java/io/IOException'> (0x00000000f624d268) thrown at [C:\re\workspace\8-2-build-windows-amd64-cygwin\jdk8u45\3627\hotspot\src\share\vm\prims\jni.cpp, line 709]

Events (10 events):
Event: 15643.535 loading class java/util/IdentityHashMap$IdentityHashMapIterator
Event: 15643.535 loading class java/util/IdentityHashMap$IdentityHashMapIterator done
Event: 15643.535 loading class java/util/IdentityHashMap$KeyIterator done
Event: 15643.535 Thread 0x000000001bcdc000 Thread added: 0x000000001bcdc000
Event: 15643.536 Executing VM operation: RevokeBias
Event: 15643.536 Executing VM operation: RevokeBias done
Event: 15643.536 Executing VM operation: RevokeBias
Event: 15643.536 Executing VM operation: RevokeBias done
Event: 15643.536 Thread 0x000000001bcdc000 Thread exited: 0x000000001bcdc000
Event: 15643.537 Executing VM operation: Exit


Dynamic libraries:
0x0000000000400000 - 0x000000000044f000 	C:\Logiciels\Xilinx\SDK\2015.4\eclipse\win64.o\eclipse.exe
0x00007ff8430b0000 - 0x00007ff843271000 	C:\windows\SYSTEM32\ntdll.dll
0x00007ff840fc0000 - 0x00007ff84106d000 	C:\windows\system32\KERNEL32.DLL
0x00007ff83ff40000 - 0x00007ff840128000 	C:\windows\system32\KERNELBASE.dll
0x00007ff842ed0000 - 0x00007ff843026000 	C:\windows\system32\USER32.dll
0x00007ff841380000 - 0x00007ff841506000 	C:\windows\system32\GDI32.dll
0x00007ff8411c0000 - 0x00007ff84125d000 	C:\windows\system32\msvcrt.dll
0x00007ff838f10000 - 0x00007ff839184000 	C:\windows\WinSxS\amd64_microsoft.windows.common-controls_6595b64144ccf1df_6.0.10586.589_none_a2ddb3caa539acce\COMCTL32.dll
0x00007ff842c50000 - 0x00007ff842ecd000 	C:\windows\system32\combase.dll
0x00007ff840840000 - 0x00007ff84095c000 	C:\windows\system32\RPCRT4.dll
0x00007ff840420000 - 0x00007ff84048a000 	C:\windows\system32\bcryptPrimitives.dll
0x00007ff841340000 - 0x00007ff84137b000 	C:\windows\system32\IMM32.DLL
0x0000000072000000 - 0x0000000072012000 	C:\Logiciels\Xilinx\SDK\2015.4\eclipse\win64.o\plugins\org.eclipse.equinox.launcher.win32.win32.x86_64_1.1.200.v20140116-2212\eclipse_1503.dll
0x00007ff841290000 - 0x00007ff841337000 	C:\windows\system32\ADVAPI32.dll
0x00007ff8404b0000 - 0x00007ff84050b000 	C:\windows\system32\sechost.dll
0x00007ff83eaa0000 - 0x00007ff83eaaa000 	C:\windows\SYSTEM32\VERSION.dll
0x00007ff83ddd0000 - 0x00007ff83de66000 	C:\windows\system32\uxtheme.dll
0x00007ff840960000 - 0x00007ff840aba000 	C:\windows\system32\MSCTF.dll
0x0000000071360000 - 0x0000000071be3000 	C:\Logiciels\Xilinx\SDK\2015.4\tps\win64\jre\bin\server\jvm.dll
0x00007ff843030000 - 0x00007ff843038000 	C:\windows\system32\PSAPI.DLL
0x00007ff82de60000 - 0x00007ff82de69000 	C:\windows\SYSTEM32\WSOCK32.dll
0x0000000071ec0000 - 0x0000000071f92000 	C:\windows\SYSTEM32\MSVCR100.dll
0x00007ff83dc50000 - 0x00007ff83dc73000 	C:\windows\SYSTEM32\WINMM.dll
0x00007ff843040000 - 0x00007ff8430ab000 	C:\windows\system32\WS2_32.dll
0x00007ff83dbb0000 - 0x00007ff83dbdc000 	C:\windows\SYSTEM32\WINMMBASE.dll
0x00007ff83f810000 - 0x00007ff83f853000 	C:\windows\system32\cfgmgr32.dll
0x0000000072b80000 - 0x0000000072b8f000 	C:\Logiciels\Xilinx\SDK\2015.4\tps\win64\jre\bin\verify.dll
0x0000000071200000 - 0x0000000071229000 	C:\Logiciels\Xilinx\SDK\2015.4\tps\win64\jre\bin\java.dll
0x00000000711e0000 - 0x00000000711f6000 	C:\Logiciels\Xilinx\SDK\2015.4\tps\win64\jre\bin\zip.dll
0x00007ff841630000 - 0x00007ff842b8c000 	C:\windows\system32\SHELL32.dll
0x00007ff83f860000 - 0x00007ff83fea5000 	C:\windows\system32\windows.storage.dll
0x00007ff842b90000 - 0x00007ff842be2000 	C:\windows\system32\shlwapi.dll
0x00007ff83f750000 - 0x00007ff83f75f000 	C:\windows\system32\kernel.appcore.dll
0x00007ff840130000 - 0x00007ff8401e5000 	C:\windows\system32\shcore.dll
0x00007ff83f6e0000 - 0x00007ff83f72b000 	C:\windows\system32\powrprof.dll
0x00007ff83f730000 - 0x00007ff83f744000 	C:\windows\system32\profapi.dll
0x00007ff83f0b0000 - 0x00007ff83f0c7000 	C:\windows\SYSTEM32\CRYPTSP.dll
0x00007ff83ed40000 - 0x00007ff83ed74000 	C:\windows\system32\rsaenh.dll
0x00007ff83f2d0000 - 0x00007ff83f2f9000 	C:\windows\SYSTEM32\bcrypt.dll
0x00007ff83ee90000 - 0x00007ff83eeaf000 	C:\windows\SYSTEM32\USERENV.dll
0x00007ff83f1d0000 - 0x00007ff83f1db000 	C:\windows\SYSTEM32\CRYPTBASE.dll
0x00000000711c0000 - 0x00000000711da000 	C:\Logiciels\Xilinx\SDK\2015.4\tps\win64\jre\bin\net.dll
0x00007ff83f000000 - 0x00007ff83f05c000 	C:\windows\system32\mswsock.dll
0x00007ff83c710000 - 0x00007ff83c748000 	C:\windows\SYSTEM32\IPHLPAPI.DLL
0x00007ff841280000 - 0x00007ff841288000 	C:\windows\system32\NSI.dll
0x00007ff83c6f0000 - 0x00007ff83c706000 	C:\windows\SYSTEM32\dhcpcsvc6.DLL
0x00007ff83c6d0000 - 0x00007ff83c6ea000 	C:\windows\SYSTEM32\dhcpcsvc.DLL
0x00000000711a0000 - 0x00000000711b1000 	C:\Logiciels\Xilinx\SDK\2015.4\tps\win64\jre\bin\nio.dll
0x00007ff8335b0000 - 0x00007ff8335c6000 	C:\windows\system32\napinsp.dll
0x00007ff8336f0000 - 0x00007ff83370a000 	C:\windows\system32\pnrpnsp.dll
0x00007ff83d5a0000 - 0x00007ff83d5b8000 	C:\windows\system32\NLAapi.dll
0x00007ff83de70000 - 0x00007ff83df1a000 	C:\windows\SYSTEM32\DNSAPI.dll
0x00007ff833730000 - 0x00007ff83373d000 	C:\windows\System32\winrnr.dll
0x00007ff836530000 - 0x00007ff83653a000 	C:\Windows\System32\rasadhlp.dll
0x00007ff83c880000 - 0x00007ff83c8e7000 	C:\windows\System32\fwpuclnt.dll
0x0000000019090000 - 0x0000000019138000 	C:\Users\frouee\.Xilinx\SDK\2015.4\org.eclipse.osgi\bundles\303\1\.cp\swt-win32-4335.dll
0x00007ff841070000 - 0x00007ff8411b3000 	C:\windows\system32\ole32.dll
0x00007ff840770000 - 0x00007ff840836000 	C:\windows\system32\OLEAUT32.dll
0x00007ff841520000 - 0x00007ff84162b000 	C:\windows\system32\comdlg32.dll
0x00007ff83feb0000 - 0x00007ff83ff36000 	C:\windows\system32\FirewallAPI.dll
0x00007ff840490000 - 0x00007ff8404a7000 	C:\windows\system32\NETAPI32.dll
0x00007ff8401f0000 - 0x00007ff8403b8000 	C:\windows\system32\CRYPT32.dll
0x00007ff83f6d0000 - 0x00007ff83f6e0000 	C:\windows\system32\MSASN1.dll
0x00007ff838a50000 - 0x00007ff838ad4000 	C:\windows\SYSTEM32\WINSPOOL.DRV
0x00007ff83d530000 - 0x00007ff83d548000 	C:\windows\SYSTEM32\USP10.dll
0x00007ff833940000 - 0x00007ff833c38000 	C:\windows\SYSTEM32\WININET.dll
0x00007ff83db70000 - 0x00007ff83db7c000 	C:\windows\SYSTEM32\DAVHLPR.DLL
0x00007ff83e1d0000 - 0x00007ff83e202000 	C:\windows\SYSTEM32\fwbase.dll
0x00007ff83d2d0000 - 0x00007ff83d2f2000 	C:\windows\system32\dwmapi.dll
0x00007ff83c960000 - 0x00007ff83cae6000 	C:\windows\SYSTEM32\propsys.dll
0x00007ff8406c0000 - 0x00007ff840767000 	C:\windows\system32\clbcatq.dll
0x00000000196e0000 - 0x00000000196fe000 	C:\Users\frouee\.Xilinx\SDK\2015.4\org.eclipse.osgi\bundles\303\1\.cp\swt-gdip-win32-4335.dll
0x00007ff838480000 - 0x00007ff838628000 	C:\windows\WinSxS\amd64_microsoft.windows.gdiplus_6595b64144ccf1df_1.1.10586.589_none_d3c8a6afffcc269c\gdiplus.dll
0x00007ff832460000 - 0x00007ff832611000 	C:\windows\SYSTEM32\WindowsCodecs.dll
0x0000000180000000 - 0x0000000180012000 	C:\Users\frouee\.Xilinx\SDK\2015.4\org.eclipse.osgi\bundles\121\1\.cp\os\win32\x86_64\localfile_1_0_0.dll
0x00007ff83d500000 - 0x00007ff83d511000 	C:\Users\frouee\.Xilinx\SDK\2015.4\org.eclipse.osgi\bundles\124\1\.cp\jWinHttp-1.0.0.dll
0x00007ff83a2e0000 - 0x00007ff83a3a8000 	C:\windows\SYSTEM32\WINHTTP.dll
0x00007ff83cb40000 - 0x00007ff83cbaa000 	C:\windows\SYSTEM32\oleacc.dll
0x00007ff83dba0000 - 0x00007ff83dbaf000 	C:\Logiciels\Xilinx\SDK\2015.4\lib\win64.o\librdi_repo_manager.dll
0x00007ff83d320000 - 0x00007ff83d34a000 	C:\Logiciels\Xilinx\SDK\2015.4\lib\win64.o\libisl_sysinfo.dll
0x00007ff8314c0000 - 0x00007ff8316ac000 	C:\Logiciels\Xilinx\SDK\2015.4\lib\win64.o\librdi_hsm.dll
0x00007ffff9f80000 - 0x00007ffffa90d000 	C:\Logiciels\Xilinx\SDK\2015.4\lib\win64.o\librdi_common.dll
0x00007ff83cf20000 - 0x00007ff83cf74000 	C:\Logiciels\Xilinx\SDK\2015.4\lib\win64.o\librdi_commonxillic.dll
0x00007ff83a020000 - 0x00007ff83a0c7000 	C:\windows\SYSTEM32\MSVCP110.dll
0x00007ff825e80000 - 0x00007ff825f54000 	C:\windows\SYSTEM32\MSVCR110.dll
0x00007ff83d050000 - 0x00007ff83d072000 	C:\Logiciels\Xilinx\SDK\2015.4\lib\win64.o\libboost_filesystem.dll
0x00007ff830eb0000 - 0x00007ff830faa000 	C:\Logiciels\Xilinx\SDK\2015.4\lib\win64.o\libboost_regex.dll
0x00007ff83d6a0000 - 0x00007ff83d6a9000 	C:\Logiciels\Xilinx\SDK\2015.4\lib\win64.o\libboost_system.dll
0x00007ff82b010000 - 0x00007ff82b265000 	C:\Logiciels\Xilinx\SDK\2015.4\lib\win64.o\librdi_ippcw.dll
0x0000000071230000 - 0x0000000071357000 	C:\Logiciels\Xilinx\SDK\2015.4\lib\win64.o\tcl85t.dll
0x00007ff825240000 - 0x00007ff82545e000 	C:\Logiciels\Xilinx\SDK\2015.4\lib\win64.o\libXil_lmgr11.dll
0x00007ff83ced0000 - 0x00007ff83cf13000 	C:\Logiciels\Xilinx\SDK\2015.4\lib\win64.o\librdi_hdf.dll
0x00007ffff9c10000 - 0x00007ffff9f7e000 	C:\Logiciels\Xilinx\SDK\2015.4\lib\win64.o\libCOIN-all.dll
0x00007ff8403c0000 - 0x00007ff840415000 	C:\windows\system32\WINTRUST.dll
0x00007ff83d4f0000 - 0x00007ff83d500000 	C:\Logiciels\Xilinx\SDK\2015.4\lib\win64.o\libboost_date_time.dll
0x00007ff83bea0000 - 0x00007ff83bf14000 	C:\Logiciels\Xilinx\SDK\2015.4\lib\win64.o\libboost_program_options.dll
0x00007ff83d370000 - 0x00007ff83d383000 	C:\Logiciels\Xilinx\SDK\2015.4\lib\win64.o\libboost_signals.dll
0x00007ff83d0b0000 - 0x00007ff83d0cd000 	C:\Logiciels\Xilinx\SDK\2015.4\lib\win64.o\libboost_thread.dll
0x00007ff83d4e0000 - 0x00007ff83d4eb000 	C:\Logiciels\Xilinx\SDK\2015.4\lib\win64.o\libboost_xilinx.dll
0x00007ff831a60000 - 0x00007ff831ae0000 	C:\Logiciels\Xilinx\SDK\2015.4\lib\win64.o\libhdlpsolve.dll
0x00007ff830e10000 - 0x00007ff830eaa000 	C:\Logiciels\Xilinx\SDK\2015.4\lib\win64.o\libhdxml.dll
0x00007ffff97d0000 - 0x00007ffff9c04e00 	C:\Logiciels\Xilinx\SDK\2015.4\lib\win64.o\libisl_iostreams.dll
0x00007ff83ceb0000 - 0x00007ff83cec5000 	C:\Logiciels\Xilinx\SDK\2015.4\lib\win64.o\pthreadVC2.dll
0x00007ff830a70000 - 0x00007ff830ba0000 	C:\Logiciels\Xilinx\SDK\2015.4\lib\win64.o\librdi_curl.dll
0x00007ff83c1d0000 - 0x00007ff83c1e8000 	C:\Logiciels\Xilinx\SDK\2015.4\lib\win64.o\librdiconfig.dll
0x00007ff832f80000 - 0x00007ff833137000 	C:\windows\SYSTEM32\urlmon.dll
0x00007ff83bde0000 - 0x00007ff83be03000 	C:\Logiciels\Xilinx\SDK\2015.4\lib\win64.o\librdizlib.dll
0x00007ff8364d0000 - 0x00007ff8364f3000 	C:\windows\SYSTEM32\VCOMP110.DLL
0x00000000256f0000 - 0x0000000025953000 	C:\Logiciels\Xilinx\SDK\2015.4\lib\win64.o\xerces-c_3_1.dll
0x00007ff83bdd0000 - 0x00007ff83bddb000 	C:\Logiciels\Xilinx\SDK\2015.4\lib\win64.o\libboost_chrono.dll
0x00007ff83c170000 - 0x00007ff83c186000 	C:\Logiciels\Xilinx\SDK\2015.4\lib\win64.o\libboost_iostreams.dll
0x00007ff836eb0000 - 0x00007ff837238000 	C:\windows\SYSTEM32\iertutil.dll
0x00007ff836750000 - 0x00007ff836773000 	C:\Logiciels\Xilinx\SDK\2015.4\lib\win64.o\libisl_iosutils.dll
0x00007ff83d2c0000 - 0x00007ff83d2c7000 	C:\windows\SYSTEM32\msimg32.dll
0x00007ff830150000 - 0x00007ff8301a0000 	C:\windows\SYSTEM32\edputil.dll
0x00007ffff8780000 - 0x00007ffff8f90000 	C:\Logiciels\Xilinx\SDK\2015.4\lib\win64.o\libXil_lmgr11FNP.dll
0x00007ff840b20000 - 0x00007ff840f49000 	C:\windows\system32\SETUPAPI.dll
0x00007ff82d0a0000 - 0x00007ff82d0ac000 	C:\windows\SYSTEM32\snmpapi.dll
0x00007ff83f3e0000 - 0x00007ff83f40d000 	C:\windows\SYSTEM32\SspiCli.dll
0x00007ff83e940000 - 0x00007ff83e971000 	C:\windows\SYSTEM32\ntmarta.dll
0x00007ff83d230000 - 0x00007ff83d23b000 	C:\windows\SYSTEM32\WINNSI.DLL
0x0000000025100000 - 0x0000000025103000 	C:\windows\SYSTEM32\icmp.Dll
0x00007ff83bdc0000 - 0x00007ff83bdca000 	C:\Logiciels\Xilinx\SDK\2015.4\lib\win64.o\librdi_jtag_settings.dll
0x00007ff831a30000 - 0x00007ff831a59000 	C:\Logiciels\Xilinx\SDK\2015.4\lib\win64.o\librdi_debug_dialog.dll
0x00007ff83bdb0000 - 0x00007ff83bdb8000 	C:\Logiciels\Xilinx\SDK\2015.4\lib\win64.o\librdi_target_manager.dll
0x00007ff83c1b0000 - 0x00007ff83c1c6000 	C:\Logiciels\Xilinx\SDK\2015.4\eclipse\win64.o\plugins\org.eclipse.cdt.core.win32.x86_64_5.2.0.201402142303\os\win32\x86_64\spawner.dll
0x0000000071080000 - 0x00000000710a6000 	C:\Logiciels\Xilinx\SDK\2015.4\eclipse\win64.o\plugins\gnu.io.rxtx.win32.x86_64_2.1.7.3_v20071015\os\win32\x86_64\rxtxSerial.dll
0x00007ff83df20000 - 0x00007ff83df47000 	C:\windows\SYSTEM32\DEVOBJ.dll

VM Arguments:
jvm_args: -Dcom.xilinx.sdk.args.hwspec=C:/Temp/inf3995-02/tp/tp3/tp3.sdk/design_1_wrapper.hdf -Xms64m -Xmx512m & 
java_command: <unknown>
java_class_path (initial): C:\Logiciels\Xilinx\SDK\2015.4\eclipse\win64.o\\plugins/org.eclipse.equinox.launcher_1.3.0.v20130327-1440.jar
Launcher Type: generic

Environment Variables:
JAVA_HOME=C:\Program Files\Java\jdk1.8.0_92
USERNAME=frouee
OS=Windows_NT
PROCESSOR_IDENTIFIER=Intel64 Family 6 Model 30 Stepping 5, GenuineIntel



---------------  S Y S T E M  ---------------

OS: Windows 10.0 , 64 bit Build 10586 (10.0.10586.589)

CPU:total 8 (4 cores per cpu, 2 threads per core) family 6 model 30 stepping 5, cmov, cx8, fxsr, mmx, sse, sse2, sse3, ssse3, sse4.1, sse4.2, popcnt, ht, tsc, tscinvbit

Memory: 4k page, physical 16709000k(11305548k free), swap 19199368k(13456316k free)

vm_info: Java HotSpot(TM) 64-Bit Server VM (25.45-b02) for windows-amd64 JRE (1.8.0_45-b15), built on Apr 30 2015 12:40:44 by "java_re" with MS VC++ 10.0 (VS2010)

time: Tue Sep 20 15:16:02 2016
elapsed time: 15676 seconds (0d 4h 21m 16s)

