#
# A fatal error has been detected by the Java Runtime Environment:
#
#  EXCEPTION_UNCAUGHT_CXX_EXCEPTION (0xe06d7363) at pc=0x00007ff823fa1f28, pid=26512, tid=23692
#
# JRE version: Java(TM) SE Runtime Environment (8.0_45-b15) (build 1.8.0_45-b15)
# Java VM: Java HotSpot(TM) 64-Bit Server VM (25.45-b02 mixed mode windows-amd64 compressed oops)
# Problematic frame:
# C  [KERNELBASE.dll+0x71f28]
#
# Failed to write core dump. Minidumps are not enabled by default on client versions of Windows
#
# If you would like to submit a bug report, please visit:
#   http://bugreport.java.com/bugreport/crash.jsp
#

---------------  T H R E A D  ---------------

Current thread (0x0000000014058800):  VMThread [stack: 0x0000000015d40000,0x0000000015e40000] [id=23692]

siginfo: ExceptionCode=0xe06d7363, ExceptionInformation=0x0000000019930520 0x0000000015e3f588 0x00007ff816b42cb8 0x00007ff816a90000 

Registers:
RAX=0x0000000000000000, RBX=0x00007ff816b42cb8, RCX=0x0000000000000000, RDX=0x0000000000000000
RSP=0x0000000015e3f3d0, RBP=0x0000000015e3f510, RSI=0x00000000ffffffff, RDI=0x0000000025f0dba0
R8 =0x0000000000000000, R9 =0x0000000000000000, R10=0x0000000000000000, R11=0x0000000000000000
R12=0x0000000000000001, R13=0x0000000000000008, R14=0x0000000000000000, R15=0xffffffffffffffff
RIP=0x00007ff823fa1f28, EFLAGS=0x0000000000000202

Top of Stack: (sp=0x0000000015e3f3d0)
0x0000000015e3f3d0:   0000000000000000 00007ff816b42cb8
0x0000000015e3f3e0:   00000000ffffffff 0000000025f0dba0
0x0000000015e3f3f0:   00000001e06d7363 0000000000000000
0x0000000015e3f400:   00007ff823fa1f28 00007ff800000004
0x0000000015e3f410:   0000000019930520 0000000015e3f588
0x0000000015e3f420:   00007ff816b42cb8 00007ff816a90000
0x0000000015e3f430:   0000000000000001 0000000025f0dba0
0x0000000015e3f440:   00000000ffffffff 0000000015e3f520
0x0000000015e3f450:   0000000015e3f510 00007ff82778782f
0x0000000015e3f460:   0000000000000008 0000000000000000
0x0000000015e3f470:   0000000000000008 0000000000000001
0x0000000015e3f480:   00007ff816b59000 00007ff816a90000
0x0000000015e3f490:   00006129d7b9a1cc 00000000000003ff
0x0000000015e3f4a0:   00007ff816b42cb8 00007ff816aee92c
0x0000000015e3f4b0:   00000000c0000001 0000000000000008
0x0000000015e3f4c0:   0000000000000001 0000000025f0dba0 

Instructions: (pc=0x00007ff823fa1f28)
0x00007ff823fa1f08:   49 8b d1 44 0f 47 c0 44 89 44 24 38 49 c1 e0 03
0x00007ff823fa1f18:   e8 27 b2 00 00 48 8d 4c 24 20 ff 15 c8 a7 05 00
0x00007ff823fa1f28:   48 8b 8c 24 c0 00 00 00 48 33 cc e8 98 7a 00 00
0x00007ff823fa1f38:   48 81 c4 d8 00 00 00 c3 83 64 24 38 00 eb d6 cc 


Register to memory mapping:

RAX=0x0000000000000000 is an unknown value
RBX=0x00007ff816b42cb8 is an unknown value
RCX=0x0000000000000000 is an unknown value
RDX=0x0000000000000000 is an unknown value
RSP=0x0000000015e3f3d0 is an unknown value
RBP=0x0000000015e3f510 is an unknown value
RSI=0x00000000ffffffff is an unallocated location in the heap
RDI=0x0000000025f0dba0 is an unknown value
R8 =0x0000000000000000 is an unknown value
R9 =0x0000000000000000 is an unknown value
R10=0x0000000000000000 is an unknown value
R11=0x0000000000000000 is an unknown value
R12=0x0000000000000001 is an unknown value
R13=0x0000000000000008 is an unknown value
R14=0x0000000000000000 is an unknown value
R15=0xffffffffffffffff is an unknown value


Stack: [0x0000000015d40000,0x0000000015e40000],  sp=0x0000000015e3f3d0,  free space=1020k
Native frames: (J=compiled Java code, j=interpreted, Vv=VM code, C=native code)
C  [KERNELBASE.dll+0x71f28]
C  [MSVCR110.dll+0x5e92c]
C  [MSVCR110.dll+0x1315c]
C  [MSVCR110.dll+0x136a9]
C  [MSVCR110.dll+0x13e9c]
C  [MSVCR110.dll+0x239e]
C  [MSVCR110.dll+0xaf9e]
C  [MSVCP110.dll+0x397b9]
C  [librdi_common.dll+0x14283e]
C  [librdi_common.dll+0x141449]
C  0x00007ff821fc2400
C  0x00007ff821fc2682
C  [ntdll.dll+0x152c8]
C  [ntdll.dll+0x5b2ea]
C  [ntdll.dll+0x5b17a]
C  [KERNEL32.DLL+0x24d8a]
C  [MSVCR100.dll+0x20ccd]
V  [jvm.dll+0x20f135]
V  [jvm.dll+0x247ef7]
V  [jvm.dll+0x247196]
V  [jvm.dll+0x247631]
V  [jvm.dll+0x24784e]
V  [jvm.dll+0x29853a]
C  [MSVCR100.dll+0x21d9f]
C  [MSVCR100.dll+0x21e3b]
C  [KERNEL32.DLL+0x18102]
C  [ntdll.dll+0x5c5b4]

VM_Operation (0x000000000014f500): Exit, mode: safepoint, requested by thread 0x00000000027a2800


---------------  P R O C E S S  ---------------

Java Threads: ( => current thread )
  0x000000001dedd000 JavaThread "Spawner Reaper" daemon [_thread_in_native, id=27124, stack(0x00000000405c0000,0x00000000406c0000)]
  0x000000001dedf000 JavaThread "Thread-88" daemon [_thread_blocked, id=24240, stack(0x000000003e6c0000,0x000000003e7c0000)]
  0x000000001d9a7800 JavaThread "TCF Locator DNS Lookup" daemon [_thread_blocked, id=26224, stack(0x0000000023490000,0x0000000023590000)]
  0x000000001d9aa800 JavaThread "TCF Locator Timer" daemon [_thread_blocked, id=21248, stack(0x0000000023390000,0x0000000023490000)]
  0x000000001d9a6000 JavaThread "TCF Locator Receiver" daemon [_thread_in_native, id=22268, stack(0x0000000023290000,0x0000000023390000)]
  0x000000001d9a9000 JavaThread "TCF Timer Dispatcher" daemon [_thread_blocked, id=23748, stack(0x0000000023090000,0x0000000023190000)]
  0x0000000016cea000 JavaThread "EMF Reference Cleaner" daemon [_thread_blocked, id=22284, stack(0x000000001bd20000,0x000000001be20000)]
  0x0000000016101000 JavaThread "Service Thread" daemon [_thread_blocked, id=22776, stack(0x0000000016a40000,0x0000000016b40000)]
  0x000000001406e000 JavaThread "C1 CompilerThread3" daemon [_thread_blocked, id=22504, stack(0x0000000016940000,0x0000000016a40000)]
  0x0000000016074800 JavaThread "C2 CompilerThread2" daemon [_thread_blocked, id=23220, stack(0x0000000016840000,0x0000000016940000)]
  0x0000000016073800 JavaThread "C2 CompilerThread1" daemon [_thread_blocked, id=26272, stack(0x0000000016740000,0x0000000016840000)]
  0x0000000016071800 JavaThread "C2 CompilerThread0" daemon [_thread_blocked, id=24608, stack(0x0000000016640000,0x0000000016740000)]
  0x000000001606f000 JavaThread "Attach Listener" daemon [_thread_blocked, id=25552, stack(0x0000000016540000,0x0000000016640000)]
  0x000000001606d800 JavaThread "Signal Dispatcher" daemon [_thread_blocked, id=23608, stack(0x0000000016440000,0x0000000016540000)]
  0x000000000289c800 JavaThread "Finalizer" daemon [_thread_blocked, id=23672, stack(0x0000000015f40000,0x0000000016040000)]
  0x000000001405c800 JavaThread "Reference Handler" daemon [_thread_blocked, id=25592, stack(0x0000000015e40000,0x0000000015f40000)]
  0x00000000027a2800 JavaThread "main" [_thread_blocked, id=25656, stack(0x0000000000050000,0x0000000000150000)]

Other Threads:
=>0x0000000014058800 VMThread [stack: 0x0000000015d40000,0x0000000015e40000] [id=23692]

VM state:at safepoint (shutting down)

VM Mutex/Monitor currently owned by a thread:  ([mutex/lock_event])
[0x000000000279de60] Threads_lock - owner thread: 0x0000000014058800

Heap:
 PSYoungGen      total 151040K, used 116048K [0x00000000f5580000, 0x00000000ffc80000, 0x0000000100000000)
  eden space 145408K, 79% used [0x00000000f5580000,0x00000000fc6d4120,0x00000000fe380000)
  from space 5632K, 0% used [0x00000000fe380000,0x00000000fe380000,0x00000000fe900000)
  to   space 12800K, 0% used [0x00000000ff000000,0x00000000ff000000,0x00000000ffc80000)
 ParOldGen       total 79360K, used 56806K [0x00000000e0000000, 0x00000000e4d80000, 0x00000000f5580000)
  object space 79360K, 71% used [0x00000000e0000000,0x00000000e3779910,0x00000000e4d80000)
 Metaspace       used 98729K, capacity 105892K, committed 106240K, reserved 1140736K
  class space    used 11797K, capacity 13984K, committed 14080K, reserved 1048576K

Card table byte_map: [0x0000000011c60000,0x0000000011d70000] byte_map_base: 0x0000000011560000

Marking Bits: (ParMarkBitMap*) 0x0000000066874040
 Begin Bits: [0x0000000012570000, 0x0000000012d70000)
 End Bits:   [0x0000000012d70000, 0x0000000013570000)

Polling page: 0x00000000005b0000

CodeCache: size=245760Kb used=62109Kb max_used=62354Kb free=183650Kb
 bounds [0x00000000028a0000, 0x0000000006600000, 0x00000000118a0000]
 total_blobs=17122 nmethods=16243 adapters=785
 compilation: enabled

Compilation events (10 events):
Event: 1452.471 Thread 0x000000001406e000 21951       1       org.eclipse.osgi.internal.loader.BundleLoaderProxy::getBasicBundleLoader (5 bytes)
Event: 1452.472 Thread 0x000000001406e000 nmethod 21951 0x00000000064ca350 code [0x00000000064ca4a0, 0x00000000064ca5b0]
Event: 1452.474 Thread 0x000000001406e000 21952       1       org.eclipse.osgi.internal.loader.BundleLoaderProxy::getBundleData (5 bytes)
Event: 1452.474 Thread 0x000000001406e000 nmethod 21952 0x0000000003a8a290 code [0x0000000003a8a3e0, 0x0000000003a8a4f0]
Event: 1452.506 Thread 0x0000000016071800 nmethod 21937 0x0000000005ccf3d0 code [0x0000000005ccf760, 0x0000000005cd1ea0]
Event: 1452.527 Thread 0x000000001406e000 21953   !   3       org.eclipse.osgi.internal.baseadaptor.BaseStorage::compact (215 bytes)
Event: 1452.529 Thread 0x000000001406e000 nmethod 21953 0x00000000064dcb10 code [0x00000000064dcf60, 0x00000000064df428]
Event: 1452.546 Thread 0x0000000016073800 nmethod 21943 0x0000000004d181d0 code [0x0000000004d18520, 0x0000000004d1b220]
Event: 1452.587 Thread 0x000000001406e000 21954       3       org.eclipse.osgi.framework.internal.core.AbstractBundle::close (52 bytes)
Event: 1452.588 Thread 0x000000001406e000 nmethod 21954 0x00000000040454d0 code [0x0000000004045700, 0x0000000004046408]

GC Heap History (10 events):
Event: 1323.346 GC heap before
{Heap before GC invocations=77 (full 16):
 PSYoungGen      total 157184K, used 40794K [0x00000000f5580000, 0x00000000fff00000, 0x0000000100000000)
  eden space 142336K, 26% used [0x00000000f5580000,0x00000000f7aadf08,0x00000000fe080000)
  from space 14848K, 18% used [0x00000000fee80000,0x00000000ff128ce0,0x00000000ffd00000)
  to   space 14336K, 0% used [0x00000000fe080000,0x00000000fe080000,0x00000000fee80000)
 ParOldGen       total 79360K, used 55013K [0x00000000e0000000, 0x00000000e4d80000, 0x00000000f5580000)
  object space 79360K, 69% used [0x00000000e0000000,0x00000000e35b9700,0x00000000e4d80000)
 Metaspace       used 93876K, capacity 100470K, committed 100736K, reserved 1136640K
  class space    used 11187K, capacity 13175K, committed 13184K, reserved 1048576K
Event: 1323.350 GC heap after
Heap after GC invocations=77 (full 16):
 PSYoungGen      total 156672K, used 2680K [0x00000000f5580000, 0x00000000fff00000, 0x0000000100000000)
  eden space 142336K, 0% used [0x00000000f5580000,0x00000000f5580000,0x00000000fe080000)
  from space 14336K, 18% used [0x00000000fe080000,0x00000000fe31e3d0,0x00000000fee80000)
  to   space 14336K, 0% used [0x00000000ff100000,0x00000000ff100000,0x00000000fff00000)
 ParOldGen       total 79360K, used 55013K [0x00000000e0000000, 0x00000000e4d80000, 0x00000000f5580000)
  object space 79360K, 69% used [0x00000000e0000000,0x00000000e35b9700,0x00000000e4d80000)
 Metaspace       used 93876K, capacity 100470K, committed 100736K, reserved 1136640K
  class space    used 11187K, capacity 13175K, committed 13184K, reserved 1048576K
}
Event: 1323.350 GC heap before
{Heap before GC invocations=78 (full 17):
 PSYoungGen      total 156672K, used 2680K [0x00000000f5580000, 0x00000000fff00000, 0x0000000100000000)
  eden space 142336K, 0% used [0x00000000f5580000,0x00000000f5580000,0x00000000fe080000)
  from space 14336K, 18% used [0x00000000fe080000,0x00000000fe31e3d0,0x00000000fee80000)
  to   space 14336K, 0% used [0x00000000ff100000,0x00000000ff100000,0x00000000fff00000)
 ParOldGen       total 79360K, used 55013K [0x00000000e0000000, 0x00000000e4d80000, 0x00000000f5580000)
  object space 79360K, 69% used [0x00000000e0000000,0x00000000e35b9700,0x00000000e4d80000)
 Metaspace       used 93876K, capacity 100470K, committed 100736K, reserved 1136640K
  class space    used 11187K, capacity 13175K, committed 13184K, reserved 1048576K
Event: 1323.769 GC heap after
Heap after GC invocations=78 (full 17):
 PSYoungGen      total 156672K, used 0K [0x00000000f5580000, 0x00000000fff00000, 0x0000000100000000)
  eden space 142336K, 0% used [0x00000000f5580000,0x00000000f5580000,0x00000000fe080000)
  from space 14336K, 0% used [0x00000000fe080000,0x00000000fe080000,0x00000000fee80000)
  to   space 14336K, 0% used [0x00000000ff100000,0x00000000ff100000,0x00000000fff00000)
 ParOldGen       total 79360K, used 53975K [0x00000000e0000000, 0x00000000e4d80000, 0x00000000f5580000)
  object space 79360K, 68% used [0x00000000e0000000,0x00000000e34b5e80,0x00000000e4d80000)
 Metaspace       used 93876K, capacity 100470K, committed 100736K, reserved 1136640K
  class space    used 11187K, capacity 13175K, committed 13184K, reserved 1048576K
}
Event: 1389.740 GC heap before
{Heap before GC invocations=79 (full 17):
 PSYoungGen      total 156672K, used 142336K [0x00000000f5580000, 0x00000000fff00000, 0x0000000100000000)
  eden space 142336K, 100% used [0x00000000f5580000,0x00000000fe080000,0x00000000fe080000)
  from space 14336K, 0% used [0x00000000fe080000,0x00000000fe080000,0x00000000fee80000)
  to   space 14336K, 0% used [0x00000000ff100000,0x00000000ff100000,0x00000000fff00000)
 ParOldGen       total 79360K, used 53975K [0x00000000e0000000, 0x00000000e4d80000, 0x00000000f5580000)
  object space 79360K, 68% used [0x00000000e0000000,0x00000000e34b5e80,0x00000000e4d80000)
 Metaspace       used 96758K, capacity 103970K, committed 104192K, reserved 1140736K
  class space    used 11566K, capacity 13734K, committed 13824K, reserved 1048576K
Event: 1389.747 GC heap after
Heap after GC invocations=79 (full 17):
 PSYoungGen      total 159232K, used 6280K [0x00000000f5580000, 0x00000000ffe80000, 0x0000000100000000)
  eden space 145408K, 0% used [0x00000000f5580000,0x00000000f5580000,0x00000000fe380000)
  from space 13824K, 45% used [0x00000000ff100000,0x00000000ff7223e8,0x00000000ffe80000)
  to   space 13824K, 0% used [0x00000000fe380000,0x00000000fe380000,0x00000000ff100000)
 ParOldGen       total 79360K, used 53983K [0x00000000e0000000, 0x00000000e4d80000, 0x00000000f5580000)
  object space 79360K, 68% used [0x00000000e0000000,0x00000000e34b7e80,0x00000000e4d80000)
 Metaspace       used 96758K, capacity 103970K, committed 104192K, reserved 1140736K
  class space    used 11566K, capacity 13734K, committed 13824K, reserved 1048576K
}
Event: 1410.243 GC heap before
{Heap before GC invocations=80 (full 17):
 PSYoungGen      total 159232K, used 56312K [0x00000000f5580000, 0x00000000ffe80000, 0x0000000100000000)
  eden space 145408K, 34% used [0x00000000f5580000,0x00000000f865bc20,0x00000000fe380000)
  from space 13824K, 45% used [0x00000000ff100000,0x00000000ff7223e8,0x00000000ffe80000)
  to   space 13824K, 0% used [0x00000000fe380000,0x00000000fe380000,0x00000000ff100000)
 ParOldGen       total 79360K, used 53983K [0x00000000e0000000, 0x00000000e4d80000, 0x00000000f5580000)
  object space 79360K, 68% used [0x00000000e0000000,0x00000000e34b7e80,0x00000000e4d80000)
 Metaspace       used 97840K, capacity 105110K, committed 105344K, reserved 1140736K
  class space    used 11708K, capacity 13852K, committed 13952K, reserved 1048576K
Event: 1410.249 GC heap after
Heap after GC invocations=80 (full 17):
 PSYoungGen      total 151040K, used 5200K [0x00000000f5580000, 0x00000000ffc80000, 0x0000000100000000)
  eden space 145408K, 0% used [0x00000000f5580000,0x00000000f5580000,0x00000000fe380000)
  from space 5632K, 92% used [0x00000000fe380000,0x00000000fe894368,0x00000000fe900000)
  to   space 12800K, 0% used [0x00000000ff000000,0x00000000ff000000,0x00000000ffc80000)
 ParOldGen       total 79360K, used 53991K [0x00000000e0000000, 0x00000000e4d80000, 0x00000000f5580000)
  object space 79360K, 68% used [0x00000000e0000000,0x00000000e34b9e80,0x00000000e4d80000)
 Metaspace       used 97840K, capacity 105110K, committed 105344K, reserved 1140736K
  class space    used 11708K, capacity 13852K, committed 13952K, reserved 1048576K
}
Event: 1410.249 GC heap before
{Heap before GC invocations=81 (full 18):
 PSYoungGen      total 151040K, used 5200K [0x00000000f5580000, 0x00000000ffc80000, 0x0000000100000000)
  eden space 145408K, 0% used [0x00000000f5580000,0x00000000f5580000,0x00000000fe380000)
  from space 5632K, 92% used [0x00000000fe380000,0x00000000fe894368,0x00000000fe900000)
  to   space 12800K, 0% used [0x00000000ff000000,0x00000000ff000000,0x00000000ffc80000)
 ParOldGen       total 79360K, used 53991K [0x00000000e0000000, 0x00000000e4d80000, 0x00000000f5580000)
  object space 79360K, 68% used [0x00000000e0000000,0x00000000e34b9e80,0x00000000e4d80000)
 Metaspace       used 97840K, capacity 105110K, committed 105344K, reserved 1140736K
  class space    used 11708K, capacity 13852K, committed 13952K, reserved 1048576K
Event: 1410.811 GC heap after
Heap after GC invocations=81 (full 18):
 PSYoungGen      total 151040K, used 0K [0x00000000f5580000, 0x00000000ffc80000, 0x0000000100000000)
  eden space 145408K, 0% used [0x00000000f5580000,0x00000000f5580000,0x00000000fe380000)
  from space 5632K, 0% used [0x00000000fe380000,0x00000000fe380000,0x00000000fe900000)
  to   space 12800K, 0% used [0x00000000ff000000,0x00000000ff000000,0x00000000ffc80000)
 ParOldGen       total 79360K, used 56806K [0x00000000e0000000, 0x00000000e4d80000, 0x00000000f5580000)
  object space 79360K, 71% used [0x00000000e0000000,0x00000000e3779910,0x00000000e4d80000)
 Metaspace       used 97836K, capacity 105104K, committed 105344K, reserved 1140736K
  class space    used 11707K, capacity 13851K, committed 13952K, reserved 1048576K
}

Deoptimization events (10 events):
Event: 1452.455 Thread 0x000000001d9ab800 Uncommon trap: reason=unstable_if action=reinterpret pc=0x0000000005a366e8 method=org.eclipse.core.internal.jobs.WorkerPool.startJob(Lorg/eclipse/core/internal/jobs/Worker;)Lorg/eclipse/core/internal/jobs/InternalJob; @ 177
Event: 1452.455 Thread 0x000000001c651000 Uncommon trap: reason=unstable_if action=reinterpret pc=0x0000000005a366e8 method=org.eclipse.core.internal.jobs.WorkerPool.startJob(Lorg/eclipse/core/internal/jobs/Worker;)Lorg/eclipse/core/internal/jobs/InternalJob; @ 177
Event: 1452.455 Thread 0x000000001b65d000 Uncommon trap: reason=unstable_if action=reinterpret pc=0x0000000005a366e8 method=org.eclipse.core.internal.jobs.WorkerPool.startJob(Lorg/eclipse/core/internal/jobs/Worker;)Lorg/eclipse/core/internal/jobs/InternalJob; @ 177
Event: 1452.455 Thread 0x0000000016e41800 Uncommon trap: reason=unstable_if action=reinterpret pc=0x0000000005a366e8 method=org.eclipse.core.internal.jobs.WorkerPool.startJob(Lorg/eclipse/core/internal/jobs/Worker;)Lorg/eclipse/core/internal/jobs/InternalJob; @ 177
Event: 1452.456 Thread 0x000000001c64f800 Uncommon trap: reason=unstable_if action=reinterpret pc=0x0000000005a366e8 method=org.eclipse.core.internal.jobs.WorkerPool.startJob(Lorg/eclipse/core/internal/jobs/Worker;)Lorg/eclipse/core/internal/jobs/InternalJob; @ 177
Event: 1452.456 Thread 0x000000001c64c800 Uncommon trap: reason=unstable_if action=reinterpret pc=0x0000000005a366e8 method=org.eclipse.core.internal.jobs.WorkerPool.startJob(Lorg/eclipse/core/internal/jobs/Worker;)Lorg/eclipse/core/internal/jobs/InternalJob; @ 177
Event: 1452.456 Thread 0x0000000016e45800 Uncommon trap: reason=unstable_if action=reinterpret pc=0x0000000005a366e8 method=org.eclipse.core.internal.jobs.WorkerPool.startJob(Lorg/eclipse/core/internal/jobs/Worker;)Lorg/eclipse/core/internal/jobs/InternalJob; @ 177
Event: 1452.460 Thread 0x00000000027a2800 Uncommon trap: reason=unstable_if action=reinterpret pc=0x0000000002c2295c method=java.lang.ref.ReferenceQueue.poll()Ljava/lang/ref/Reference; @ 4
Event: 1452.587 Thread 0x00000000027a2800 Uncommon trap: reason=unstable_if action=reinterpret pc=0x0000000004ca37dc method=sun.reflect.UnsafeStaticObjectFieldAccessorImpl.set(Ljava/lang/Object;Ljava/lang/Object;)V @ 13
Event: 1452.588 Thread 0x000000001dedc000 Uncommon trap: reason=bimorphic action=maybe_recompile pc=0x000000000493b32c method=java.util.concurrent.CopyOnWriteArrayList.indexOf(Ljava/lang/Object;[Ljava/lang/Object;II)I @ 46

Internal exceptions (10 events):
Event: 1451.525 Thread 0x00000000027a2800 Implicit null exception at 0x00000000053d1e04 to 0x00000000053d31fd
Event: 1451.619 Thread 0x0000000016201800 Implicit null exception at 0x00000000049cdb82 to 0x00000000049cdd19
Event: 1451.682 Thread 0x000000001b669000 Exception <a 'java/lang/InterruptedException'> (0x00000000fc156c78) thrown at [C:\re\workspace\8-2-build-windows-amd64-cygwin\jdk8u45\3627\hotspot\src\share\vm\runtime\objectMonitor.cpp, line 1683]
Event: 1452.379 Thread 0x00000000027a2800 Implicit null exception at 0x00000000031f3117 to 0x00000000031f4b01
Event: 1452.466 Thread 0x00000000170c6000 Exception <a 'java/lang/InterruptedException': sleep interrupted> (0x00000000fc36bc28) thrown at [C:\re\workspace\8-2-build-windows-amd64-cygwin\jdk8u45\3627\hotspot\src\share\vm\prims\jvm.cpp, line 3211]
Event: 1452.469 Thread 0x000000001bce8000 Exception <a 'java/lang/InterruptedException'> (0x00000000fc421800) thrown at [C:\re\workspace\8-2-build-windows-amd64-cygwin\jdk8u45\3627\hotspot\src\share\vm\runtime\objectMonitor.cpp, line 1683]
Event: 1452.469 Thread 0x0000000016c73000 Exception <a 'java/lang/InterruptedException'> (0x00000000fc43a770) thrown at [C:\re\workspace\8-2-build-windows-amd64-cygwin\jdk8u45\3627\hotspot\src\share\vm\runtime\objectMonitor.cpp, line 1683]
Event: 1452.587 Thread 0x0000000016201800 Exception <a 'java/lang/InterruptedException'> (0x00000000fc6b89f0) thrown at [C:\re\workspace\8-2-build-windows-amd64-cygwin\jdk8u45\3627\hotspot\src\share\vm\runtime\objectMonitor.cpp, line 1683]
Event: 1452.587 Thread 0x00000000027a2800 Implicit null exception at 0x0000000004ca33d3 to 0x0000000004ca37c9
Event: 1452.589 Thread 0x000000001dedc000 Exception <a 'java/io/IOException'> (0x00000000fc6b93d0) thrown at [C:\re\workspace\8-2-build-windows-amd64-cygwin\jdk8u45\3627\hotspot\src\share\vm\prims\jni.cpp, line 709]

Events (10 events):
Event: 1452.588 Executing VM operation: RevokeBias done
Event: 1452.588 Thread 0x000000001dedc000 Uncommon trap: trap_request=0xffffffc6 fr.pc=0x000000000493b32c
Event: 1452.588 Thread 0x000000001dedc000 DEOPT PACKING pc=0x000000000493b32c sp=0x0000000040bbf290
Event: 1452.588 Thread 0x000000001dedc000 DEOPT UNPACKING pc=0x00000000028e582a sp=0x0000000040bbf248 mode 2
Event: 1452.588 Executing VM operation: RevokeBias
Event: 1452.588 Executing VM operation: RevokeBias done
Event: 1452.588 Executing VM operation: RevokeBias
Event: 1452.588 Executing VM operation: RevokeBias done
Event: 1452.589 Thread 0x000000001dedc000 Thread exited: 0x000000001dedc000
Event: 1452.589 Executing VM operation: Exit


Dynamic libraries:
0x0000000000400000 - 0x000000000044f000 	C:\Logiciels\Xilinx\SDK\2015.4\eclipse\win64.o\eclipse.exe
0x00007ff827750000 - 0x00007ff827911000 	C:\windows\SYSTEM32\ntdll.dll
0x00007ff827490000 - 0x00007ff82753d000 	C:\windows\system32\KERNEL32.DLL
0x00007ff823f30000 - 0x00007ff824118000 	C:\windows\system32\KERNELBASE.dll
0x00007ff826bc0000 - 0x00007ff826d16000 	C:\windows\system32\USER32.dll
0x00007ff824b50000 - 0x00007ff824cd6000 	C:\windows\system32\GDI32.dll
0x00007ff8273f0000 - 0x00007ff82748d000 	C:\windows\system32\msvcrt.dll
0x00007ff81d0f0000 - 0x00007ff81d364000 	C:\windows\WinSxS\amd64_microsoft.windows.common-controls_6595b64144ccf1df_6.0.10586.589_none_a2ddb3caa539acce\COMCTL32.dll
0x00007ff826ea0000 - 0x00007ff82711d000 	C:\windows\system32\combase.dll
0x00007ff827120000 - 0x00007ff82723c000 	C:\windows\system32\RPCRT4.dll
0x00007ff823e00000 - 0x00007ff823e6a000 	C:\windows\system32\bcryptPrimitives.dll
0x00007ff826370000 - 0x00007ff8263ab000 	C:\windows\system32\IMM32.DLL
0x0000000072000000 - 0x0000000072012000 	C:\Logiciels\Xilinx\SDK\2015.4\eclipse\win64.o\plugins\org.eclipse.equinox.launcher.win32.win32.x86_64_1.1.200.v20140116-2212\eclipse_1503.dll
0x00007ff8262c0000 - 0x00007ff826367000 	C:\windows\system32\ADVAPI32.dll
0x00007ff826d20000 - 0x00007ff826d7b000 	C:\windows\system32\sechost.dll
0x00007ff8230e0000 - 0x00007ff8230ea000 	C:\windows\SYSTEM32\VERSION.dll
0x00007ff822650000 - 0x00007ff8226e6000 	C:\windows\system32\uxtheme.dll
0x00007ff826a40000 - 0x00007ff826b9a000 	C:\windows\system32\MSCTF.dll
0x0000000066070000 - 0x00000000668f3000 	C:\Logiciels\Xilinx\SDK\2015.4\tps\win64\jre\bin\server\jvm.dll
0x00007ff8275b0000 - 0x00007ff8275b8000 	C:\windows\system32\PSAPI.DLL
0x00007ff812ed0000 - 0x00007ff812ed9000 	C:\windows\SYSTEM32\WSOCK32.dll
0x00007ff8222b0000 - 0x00007ff8222d3000 	C:\windows\SYSTEM32\WINMM.dll
0x0000000066c10000 - 0x0000000066ce2000 	C:\windows\SYSTEM32\MSVCR100.dll
0x00007ff827540000 - 0x00007ff8275ab000 	C:\windows\system32\WS2_32.dll
0x00007ff821cb0000 - 0x00007ff821cdc000 	C:\windows\SYSTEM32\WINMMBASE.dll
0x00007ff824a70000 - 0x00007ff824ab3000 	C:\windows\system32\cfgmgr32.dll
0x0000000065f30000 - 0x0000000065f3f000 	C:\Logiciels\Xilinx\SDK\2015.4\tps\win64\jre\bin\verify.dll
0x0000000065f00000 - 0x0000000065f29000 	C:\Logiciels\Xilinx\SDK\2015.4\tps\win64\jre\bin\java.dll
0x0000000065ee0000 - 0x0000000065ef6000 	C:\Logiciels\Xilinx\SDK\2015.4\tps\win64\jre\bin\zip.dll
0x00007ff824d60000 - 0x00007ff8262bc000 	C:\windows\system32\SHELL32.dll
0x00007ff824120000 - 0x00007ff824765000 	C:\windows\system32\windows.storage.dll
0x00007ff8276f0000 - 0x00007ff827742000 	C:\windows\system32\shlwapi.dll
0x00007ff823dc0000 - 0x00007ff823dcf000 	C:\windows\system32\kernel.appcore.dll
0x00007ff823e70000 - 0x00007ff823f25000 	C:\windows\system32\shcore.dll
0x00007ff823d70000 - 0x00007ff823dbb000 	C:\windows\system32\powrprof.dll
0x00007ff823dd0000 - 0x00007ff823de4000 	C:\windows\system32\profapi.dll
0x00007ff8236f0000 - 0x00007ff823707000 	C:\windows\SYSTEM32\CRYPTSP.dll
0x00007ff823380000 - 0x00007ff8233b4000 	C:\windows\system32\rsaenh.dll
0x00007ff823c00000 - 0x00007ff823c29000 	C:\windows\SYSTEM32\bcrypt.dll
0x00007ff8234d0000 - 0x00007ff8234ef000 	C:\windows\SYSTEM32\USERENV.dll
0x00007ff823810000 - 0x00007ff82381b000 	C:\windows\SYSTEM32\CRYPTBASE.dll
0x0000000065ec0000 - 0x0000000065eda000 	C:\Logiciels\Xilinx\SDK\2015.4\tps\win64\jre\bin\net.dll
0x00007ff823640000 - 0x00007ff82369c000 	C:\windows\system32\mswsock.dll
0x00007ff821410000 - 0x00007ff821448000 	C:\windows\SYSTEM32\IPHLPAPI.DLL
0x00007ff824ce0000 - 0x00007ff824ce8000 	C:\windows\system32\NSI.dll
0x00007ff81ecc0000 - 0x00007ff81ecd6000 	C:\windows\SYSTEM32\dhcpcsvc6.DLL
0x00007ff81eca0000 - 0x00007ff81ecba000 	C:\windows\SYSTEM32\dhcpcsvc.DLL
0x0000000065ea0000 - 0x0000000065eb1000 	C:\Logiciels\Xilinx\SDK\2015.4\tps\win64\jre\bin\nio.dll
0x00007ff818090000 - 0x00007ff8180a6000 	C:\windows\system32\napinsp.dll
0x00007ff817fb0000 - 0x00007ff817fca000 	C:\windows\system32\pnrpnsp.dll
0x00007ff821690000 - 0x00007ff8216a8000 	C:\windows\system32\NLAapi.dll
0x00007ff822470000 - 0x00007ff82251a000 	C:\windows\SYSTEM32\DNSAPI.dll
0x00007ff818110000 - 0x00007ff81811d000 	C:\windows\System32\winrnr.dll
0x00007ff81d600000 - 0x00007ff81d60a000 	C:\Windows\System32\rasadhlp.dll
0x00007ff81ecf0000 - 0x00007ff81ed57000 	C:\windows\System32\fwpuclnt.dll
0x000000001a1d0000 - 0x000000001a278000 	C:\Users\guvacc\.Xilinx\SDK\2015.4\org.eclipse.osgi\bundles\303\1\.cp\swt-win32-4335.dll
0x00007ff8263b0000 - 0x00007ff8264f3000 	C:\windows\system32\ole32.dll
0x00007ff8275c0000 - 0x00007ff827686000 	C:\windows\system32\OLEAUT32.dll
0x00007ff826d80000 - 0x00007ff826e8b000 	C:\windows\system32\comdlg32.dll
0x00007ff824ac0000 - 0x00007ff824b46000 	C:\windows\system32\FirewallAPI.dll
0x00007ff8247d0000 - 0x00007ff8247e7000 	C:\windows\system32\NETAPI32.dll
0x00007ff8248a0000 - 0x00007ff824a68000 	C:\windows\system32\CRYPT32.dll
0x00007ff823df0000 - 0x00007ff823e00000 	C:\windows\system32\MSASN1.dll
0x00007ff821200000 - 0x00007ff821218000 	C:\windows\SYSTEM32\USP10.dll
0x00007ff820370000 - 0x00007ff8203f4000 	C:\windows\SYSTEM32\WINSPOOL.DRV
0x00007ff817820000 - 0x00007ff817b18000 	C:\windows\SYSTEM32\WININET.dll
0x00007ff822290000 - 0x00007ff82229c000 	C:\windows\SYSTEM32\DAVHLPR.DLL
0x00007ff822870000 - 0x00007ff8228a2000 	C:\windows\SYSTEM32\fwbase.dll
0x00007ff8211c0000 - 0x00007ff8211e2000 	C:\windows\system32\dwmapi.dll
0x00007ff820a20000 - 0x00007ff820ba6000 	C:\windows\SYSTEM32\propsys.dll
0x00007ff826500000 - 0x00007ff8265a7000 	C:\windows\system32\clbcatq.dll
0x000000001a290000 - 0x000000001a2ae000 	C:\Users\guvacc\.Xilinx\SDK\2015.4\org.eclipse.osgi\bundles\303\1\.cp\swt-gdip-win32-4335.dll
0x00007ff81c610000 - 0x00007ff81c7b8000 	C:\windows\WinSxS\amd64_microsoft.windows.gdiplus_6595b64144ccf1df_1.1.10586.589_none_d3c8a6afffcc269c\gdiplus.dll
0x00007ff81b010000 - 0x00007ff81b1c1000 	C:\windows\SYSTEM32\WindowsCodecs.dll
0x00007ff81fd10000 - 0x00007ff81fd21000 	C:\Users\guvacc\.Xilinx\SDK\2015.4\org.eclipse.osgi\bundles\124\1\.cp\jWinHttp-1.0.0.dll
0x00007ff820bb0000 - 0x00007ff820c78000 	C:\windows\SYSTEM32\WINHTTP.dll
0x00007ff821150000 - 0x00007ff8211ba000 	C:\windows\SYSTEM32\oleacc.dll
0x00007ff81bf50000 - 0x00007ff81bf8e000 	C:\windows\system32\mlang.dll
0x00007ff817090000 - 0x00007ff8170da000 	C:\windows\system32\dataexchange.dll
0x00007ff81f0a0000 - 0x00007ff81f348000 	C:\windows\system32\d3d11.dll
0x00007ff81e640000 - 0x00007ff81e723000 	C:\windows\system32\dcomp.dll
0x00007ff81f9e0000 - 0x00007ff81fa82000 	C:\windows\system32\dxgi.dll
0x00007ff822550000 - 0x00007ff822650000 	C:\windows\system32\twinapi.appcore.dll
0x00007ff80bc50000 - 0x00007ff80c923000 	C:\Windows\System32\ieframe.dll
0x00007ff81b410000 - 0x00007ff81b798000 	C:\Windows\System32\iertutil.dll
0x00007ff824cf0000 - 0x00007ff824d5f000 	C:\windows\system32\coml2.dll
0x00007ff8175f0000 - 0x00007ff8177a7000 	C:\windows\SYSTEM32\urlmon.dll
0x0000000180000000 - 0x0000000180012000 	C:\Users\guvacc\.Xilinx\SDK\2015.4\org.eclipse.osgi\bundles\121\1\.cp\os\win32\x86_64\localfile_1_0_0.dll
0x00007ff823c30000 - 0x00007ff823cc9000 	C:\windows\SYSTEM32\sxs.dll
0x00007fffdca10000 - 0x00007fffde19f000 	C:\Windows\System32\mshtml.dll
0x00007ff8239f0000 - 0x00007ff823a1d000 	C:\windows\SYSTEM32\SspiCli.dll
0x00007ff815b10000 - 0x00007ff815b31000 	C:\windows\SYSTEM32\srpapi.dll
0x00007ff808510000 - 0x00007ff8086c2000 	C:\windows\SYSTEM32\ieapfltr.dll
0x00007ff81d370000 - 0x00007ff81d380000 	C:\windows\system32\msimtf.dll
0x00007ff823110000 - 0x00007ff82311c000 	C:\windows\SYSTEM32\Secur32.dll
0x00007ff806390000 - 0x00007ff8064ec000 	C:\Windows\System32\uiautomationcore.dll
0x00007ff821a50000 - 0x00007ff821a65000 	C:\windows\SYSTEM32\ondemandconnroutehelper.dll
0x00007ff81ed60000 - 0x00007ff81ed6b000 	C:\windows\SYSTEM32\WINNSI.DLL
0x00007ff814f10000 - 0x00007ff815455000 	C:\windows\SYSTEM32\d2d1.dll
0x00007ff81ba70000 - 0x00007ff81bcd0000 	C:\windows\SYSTEM32\DWrite.dll
0x00007ff8195b0000 - 0x00007ff819678000 	C:\windows\system32\jscript.dll
0x00007ff81ec30000 - 0x00007ff81ec6a000 	C:\windows\SYSTEM32\msls31.dll
0x00007ff8194b0000 - 0x00007ff8195aa000 	C:\Windows\System32\DDRAW.dll
0x00007ff821fe0000 - 0x00007ff821fe8000 	C:\Windows\System32\DCIMAN32.dll
0x00007ff8211f0000 - 0x00007ff8211ff000 	C:\Logiciels\Xilinx\SDK\2015.4\lib\win64.o\librdi_repo_manager.dll
0x00007ff81d420000 - 0x00007ff81d44a000 	C:\Logiciels\Xilinx\SDK\2015.4\lib\win64.o\libisl_sysinfo.dll
0x00007fffdaed0000 - 0x00007fffdb0bc000 	C:\Logiciels\Xilinx\SDK\2015.4\lib\win64.o\librdi_hsm.dll
0x00007fffdbbc0000 - 0x00007fffdc54d000 	C:\Logiciels\Xilinx\SDK\2015.4\lib\win64.o\librdi_common.dll
0x00007ff803d20000 - 0x00007ff803d74000 	C:\Logiciels\Xilinx\SDK\2015.4\lib\win64.o\librdi_commonxillic.dll
0x00007ff8159d0000 - 0x00007ff815a77000 	C:\windows\SYSTEM32\MSVCP110.dll
0x00007ff816a90000 - 0x00007ff816b64000 	C:\windows\SYSTEM32\MSVCR110.dll
0x00007fffdb9a0000 - 0x00007fffdbbbe000 	C:\Logiciels\Xilinx\SDK\2015.4\lib\win64.o\libXil_lmgr11.dll
0x00007ff819480000 - 0x00007ff8194a2000 	C:\Logiciels\Xilinx\SDK\2015.4\lib\win64.o\libboost_filesystem.dll
0x00007ff824770000 - 0x00007ff8247c5000 	C:\windows\system32\WINTRUST.dll
0x00007ff81fd00000 - 0x00007ff81fd09000 	C:\Logiciels\Xilinx\SDK\2015.4\lib\win64.o\libboost_system.dll
0x00007fffdf910000 - 0x00007fffdfa0a000 	C:\Logiciels\Xilinx\SDK\2015.4\lib\win64.o\libboost_regex.dll
0x00007fffdb630000 - 0x00007fffdb99e000 	C:\Logiciels\Xilinx\SDK\2015.4\lib\win64.o\libCOIN-all.dll
0x00007ff81f7f0000 - 0x00007ff81f800000 	C:\Logiciels\Xilinx\SDK\2015.4\lib\win64.o\libboost_date_time.dll
0x00007ff802f40000 - 0x00007ff802fb4000 	C:\Logiciels\Xilinx\SDK\2015.4\lib\win64.o\libboost_program_options.dll
0x00007ff81be70000 - 0x00007ff81be83000 	C:\Logiciels\Xilinx\SDK\2015.4\lib\win64.o\libboost_signals.dll
0x00007ff81ebe0000 - 0x00007ff81ebeb000 	C:\Logiciels\Xilinx\SDK\2015.4\lib\win64.o\libboost_xilinx.dll
0x00007ff800060000 - 0x00007ff8000e0000 	C:\Logiciels\Xilinx\SDK\2015.4\lib\win64.o\libhdlpsolve.dll
0x00007ff817470000 - 0x00007ff81748d000 	C:\Logiciels\Xilinx\SDK\2015.4\lib\win64.o\libboost_thread.dll
0x00007fffe2ba0000 - 0x00007fffe2c3a000 	C:\Logiciels\Xilinx\SDK\2015.4\lib\win64.o\libhdxml.dll
0x00007fffdb1f0000 - 0x00007fffdb624e00 	C:\Logiciels\Xilinx\SDK\2015.4\lib\win64.o\libisl_iostreams.dll
0x00007ff816a70000 - 0x00007ff816a85000 	C:\Logiciels\Xilinx\SDK\2015.4\lib\win64.o\pthreadVC2.dll
0x00007fffdb0c0000 - 0x00007fffdb1f0000 	C:\Logiciels\Xilinx\SDK\2015.4\lib\win64.o\librdi_curl.dll
0x00007ff811620000 - 0x00007ff811638000 	C:\Logiciels\Xilinx\SDK\2015.4\lib\win64.o\librdiconfig.dll

VM Arguments:
jvm_args: -Dcom.xilinx.sdk.args.hwspec=C:/temp/inf3995-02/tp/tp3/tp3.sdk/design_1_wrapper.hdf -Xms64m -Xmx512m & 
java_command: <unknown>
java_class_path (initial): C:\Logiciels\Xilinx\SDK\2015.4\eclipse\win64.o\\plugins/org.eclipse.equinox.launcher_1.3.0.v20130327-1440.jar
Launcher Type: generic

Environment Variables:
JAVA_HOME=C:\Program Files\Java\jdk1.8.0_92
USERNAME=guvacc
OS=Windows_NT
PROCESSOR_IDENTIFIER=Intel64 Family 6 Model 30 Stepping 5, GenuineIntel



---------------  S Y S T E M  ---------------

OS: Windows 10.0 , 64 bit Build 10586 (10.0.10586.589)

CPU:total 8 (4 cores per cpu, 2 threads per core) family 6 model 30 stepping 5, cmov, cx8, fxsr, mmx, sse, sse2, sse3, ssse3, sse4.1, sse4.2, popcnt, ht, tsc, tscinvbit

Memory: 4k page, physical 16709000k(12292084k free), swap 19199368k(14718228k free)

vm_info: Java HotSpot(TM) 64-Bit Server VM (25.45-b02) for windows-amd64 JRE (1.8.0_45-b15), built on Apr 30 2015 12:40:44 by "java_re" with MS VC++ 10.0 (VS2010)

time: Mon Sep 26 16:23:29 2016
elapsed time: 1453 seconds (0d 0h 24m 13s)

