#
# A fatal error has been detected by the Java Runtime Environment:
#
#  EXCEPTION_UNCAUGHT_CXX_EXCEPTION (0xe06d7363) at pc=0x00007ff8f0eb1f28, pid=400, tid=13572
#
# JRE version: Java(TM) SE Runtime Environment (8.0_45-b15) (build 1.8.0_45-b15)
# Java VM: Java HotSpot(TM) 64-Bit Server VM (25.45-b02 mixed mode windows-amd64 compressed oops)
# Problematic frame:
# C  [KERNELBASE.dll+0x71f28]
#
# Failed to write core dump. Minidumps are not enabled by default on client versions of Windows
#
# If you would like to submit a bug report, please visit:
#   http://bugreport.java.com/bugreport/crash.jsp
#

---------------  T H R E A D  ---------------

Current thread (0x0000000013b57800):  VMThread [stack: 0x0000000014be0000,0x0000000014ce0000] [id=13572]

siginfo: ExceptionCode=0xe06d7363, ExceptionInformation=0x0000000019930520 0x0000000014cdf388 0x00007ff8e2582cb8 0x00007ff8e24d0000 

Registers:
RAX=0x0000000000000000, RBX=0x00007ff8e2582cb8, RCX=0x0000000000000000, RDX=0x0000000000000000
RSP=0x0000000014cdf1d0, RBP=0x0000000014cdf310, RSI=0x00000000ffffffff, RDI=0x0000000025ad63e0
R8 =0x0000000000000000, R9 =0x0000000000000000, R10=0x0000000000000000, R11=0x0000000000000000
R12=0x0000000000000001, R13=0x0000000000000008, R14=0x0000000000000000, R15=0xffffffffffffffff
RIP=0x00007ff8f0eb1f28, EFLAGS=0x0000000000000206

Top of Stack: (sp=0x0000000014cdf1d0)
0x0000000014cdf1d0:   0000000000000000 00007ff8e2582cb8
0x0000000014cdf1e0:   00000000ffffffff 0000000025ad63e0
0x0000000014cdf1f0:   00000001e06d7363 0000000000000000
0x0000000014cdf200:   00007ff8f0eb1f28 00007ff800000004
0x0000000014cdf210:   0000000019930520 0000000014cdf388
0x0000000014cdf220:   00007ff8e2582cb8 00007ff8e24d0000
0x0000000014cdf230:   0000000000000001 0000000025ad63e0
0x0000000014cdf240:   00000000ffffffff 0000000014cdf320
0x0000000014cdf250:   0000000014cdf310 00007ff8f470782f
0x0000000014cdf260:   0000000000000008 0000000000000000
0x0000000014cdf270:   0000000000002000 0000000000000008
0x0000000014cdf280:   00007ff8e2599000 00007ff8e24d0000
0x0000000014cdf290:   0000db77390729b0 00000000000003ff
0x0000000014cdf2a0:   00007ff8e2582cb8 00007ff8e252e92c
0x0000000014cdf2b0:   00000000c0000001 0000000000000008
0x0000000014cdf2c0:   0000000000000001 0000000025ad63e0 

Instructions: (pc=0x00007ff8f0eb1f28)
0x00007ff8f0eb1f08:   49 8b d1 44 0f 47 c0 44 89 44 24 38 49 c1 e0 03
0x00007ff8f0eb1f18:   e8 27 b2 00 00 48 8d 4c 24 20 ff 15 c8 a7 05 00
0x00007ff8f0eb1f28:   48 8b 8c 24 c0 00 00 00 48 33 cc e8 98 7a 00 00
0x00007ff8f0eb1f38:   48 81 c4 d8 00 00 00 c3 83 64 24 38 00 eb d6 cc 


Register to memory mapping:

RAX=0x0000000000000000 is an unknown value
RBX=0x00007ff8e2582cb8 is an unknown value
RCX=0x0000000000000000 is an unknown value
RDX=0x0000000000000000 is an unknown value
RSP=0x0000000014cdf1d0 is an unknown value
RBP=0x0000000014cdf310 is an unknown value
RSI=0x00000000ffffffff is an unallocated location in the heap
RDI=0x0000000025ad63e0 is an unknown value
R8 =0x0000000000000000 is an unknown value
R9 =0x0000000000000000 is an unknown value
R10=0x0000000000000000 is an unknown value
R11=0x0000000000000000 is an unknown value
R12=0x0000000000000001 is an unknown value
R13=0x0000000000000008 is an unknown value
R14=0x0000000000000000 is an unknown value
R15=0xffffffffffffffff is an unknown value


Stack: [0x0000000014be0000,0x0000000014ce0000],  sp=0x0000000014cdf1d0,  free space=1020k
Native frames: (J=compiled Java code, j=interpreted, Vv=VM code, C=native code)
C  [KERNELBASE.dll+0x71f28]
C  [MSVCR110.dll+0x5e92c]
C  [MSVCR110.dll+0x1315c]
C  [MSVCR110.dll+0x136a9]
C  [MSVCR110.dll+0x13e9c]
C  [MSVCR110.dll+0x239e]
C  [MSVCR110.dll+0xaf9e]
C  [MSVCP110.dll+0x397b9]
C  [librdi_common.dll+0x14283e]
C  [librdi_common.dll+0x141449]
C  0x00007ff8ed1e2400
C  0x00007ff8ed1e2682
C  [ntdll.dll+0x152c8]
C  [ntdll.dll+0x5b2ea]
C  [ntdll.dll+0x5b17a]
C  [KERNEL32.DLL+0x24d8a]
C  [MSVCR100.dll+0x20ccd]
V  [jvm.dll+0x20f135]
V  [jvm.dll+0x247ef7]
V  [jvm.dll+0x247196]
V  [jvm.dll+0x247631]
V  [jvm.dll+0x24784e]
V  [jvm.dll+0x29853a]
C  [MSVCR100.dll+0x21d9f]
C  [MSVCR100.dll+0x21e3b]
C  [KERNEL32.DLL+0x18102]
C  [ntdll.dll+0x5c5b4]

VM_Operation (0x000000000014f500): Exit, mode: safepoint, requested by thread 0x00000000025c2800


---------------  P R O C E S S  ---------------

Java Threads: ( => current thread )
  0x000000001f246800 JavaThread "Spawner Reaper" daemon [_thread_in_native, id=17608, stack(0x0000000053cd0000,0x0000000053dd0000)]
  0x000000001f247800 JavaThread "Thread-1614" [_thread_in_native, id=17168, stack(0x00000000537d0000,0x00000000538d0000)]
  0x0000000016ebe000 JavaThread "pool-2-thread-10" [_thread_blocked, id=16560, stack(0x0000000066fd0000,0x00000000670d0000)]
  0x0000000018d87000 JavaThread "pool-2-thread-9" [_thread_blocked, id=16572, stack(0x00000000652d0000,0x00000000653d0000)]
  0x0000000016eb5800 JavaThread "pool-2-thread-8" [_thread_blocked, id=14976, stack(0x00000000631d0000,0x00000000632d0000)]
  0x0000000018d87800 JavaThread "pool-2-thread-7" [_thread_blocked, id=17260, stack(0x00000000602d0000,0x00000000603d0000)]
  0x00000000214d3000 JavaThread "pool-2-thread-6" [_thread_blocked, id=17364, stack(0x00000000562d0000,0x00000000563d0000)]
  0x0000000016ec1800 JavaThread "pool-2-thread-5" [_thread_blocked, id=17276, stack(0x0000000054bd0000,0x0000000054cd0000)]
  0x0000000018d84000 JavaThread "pool-2-thread-4" [_thread_blocked, id=15344, stack(0x0000000051dd0000,0x0000000051ed0000)]
  0x0000000016ebd000 JavaThread "pool-2-thread-3" [_thread_blocked, id=16108, stack(0x000000004c2d0000,0x000000004c3d0000)]
  0x0000000016eb8000 JavaThread "pool-2-thread-2" [_thread_blocked, id=16164, stack(0x000000003d8d0000,0x000000003d9d0000)]
  0x0000000016ebb000 JavaThread "pool-2-thread-1" [_thread_blocked, id=15508, stack(0x000000003c7d0000,0x000000003c8d0000)]
  0x0000000018d86000 JavaThread "Thread-48" daemon [_thread_blocked, id=15524, stack(0x0000000036bd0000,0x0000000036cd0000)]
  0x00000000214c6000 JavaThread "TCF Locator DNS Lookup" daemon [_thread_blocked, id=7552, stack(0x0000000022fa0000,0x00000000230a0000)]
  0x00000000214c7800 JavaThread "TCF Locator Timer" daemon [_thread_blocked, id=8680, stack(0x0000000022ea0000,0x0000000022fa0000)]
  0x000000001f20f000 JavaThread "TCF Locator Receiver" daemon [_thread_in_native, id=4276, stack(0x0000000022da0000,0x0000000022ea0000)]
  0x000000001f214000 JavaThread "TCF Timer Dispatcher" daemon [_thread_blocked, id=10064, stack(0x0000000022ba0000,0x0000000022ca0000)]
  0x000000001652e000 JavaThread "EMF Reference Cleaner" daemon [_thread_blocked, id=13284, stack(0x00000000181c0000,0x00000000182c0000)]
  0x0000000015410800 JavaThread "Service Thread" daemon [_thread_blocked, id=11420, stack(0x00000000157e0000,0x00000000158e0000)]
  0x0000000013ba7800 JavaThread "C1 CompilerThread2" daemon [_thread_blocked, id=11248, stack(0x00000000152e0000,0x00000000153e0000)]
  0x0000000013b96000 JavaThread "C2 CompilerThread1" daemon [_thread_blocked, id=11804, stack(0x00000000151e0000,0x00000000152e0000)]
  0x0000000013b93000 JavaThread "C2 CompilerThread0" daemon [_thread_blocked, id=9024, stack(0x00000000150e0000,0x00000000151e0000)]
  0x0000000013b90000 JavaThread "Attach Listener" daemon [_thread_blocked, id=12980, stack(0x0000000014fe0000,0x00000000150e0000)]
  0x0000000013b8f000 JavaThread "Signal Dispatcher" daemon [_thread_blocked, id=13044, stack(0x0000000014ee0000,0x0000000014fe0000)]
  0x00000000026b8800 JavaThread "Finalizer" daemon [_thread_blocked, id=10348, stack(0x0000000014de0000,0x0000000014ee0000)]
  0x00000000026b0800 JavaThread "Reference Handler" daemon [_thread_blocked, id=13664, stack(0x0000000014ce0000,0x0000000014de0000)]
  0x00000000025c2800 JavaThread "main" [_thread_blocked, id=11068, stack(0x0000000000050000,0x0000000000150000)]

Other Threads:
=>0x0000000013b57800 VMThread [stack: 0x0000000014be0000,0x0000000014ce0000] [id=13572]

VM state:at safepoint (shutting down)

VM Mutex/Monitor currently owned by a thread:  ([mutex/lock_event])
[0x000000000276e960] Threads_lock - owner thread: 0x0000000013b57800

Heap:
 PSYoungGen      total 26112K, used 12272K [0x00000000f5580000, 0x00000000f7180000, 0x0000000100000000)
  eden space 23552K, 46% used [0x00000000f5580000,0x00000000f604a4a0,0x00000000f6c80000)
  from space 2560K, 47% used [0x00000000f6f00000,0x00000000f7031c60,0x00000000f7180000)
  to   space 2560K, 0% used [0x00000000f6c80000,0x00000000f6c80000,0x00000000f6f00000)
 ParOldGen       total 103936K, used 59746K [0x00000000e0000000, 0x00000000e6580000, 0x00000000f5580000)
  object space 103936K, 57% used [0x00000000e0000000,0x00000000e3a58900,0x00000000e6580000)
 Metaspace       used 105898K, capacity 113004K, committed 113280K, reserved 1148928K
  class space    used 12446K, capacity 14718K, committed 14720K, reserved 1048576K

Card table byte_map: [0x0000000011b30000,0x0000000011c40000] byte_map_base: 0x0000000011430000

Marking Bits: (ParMarkBitMap*) 0x000000006c374040
 Begin Bits: [0x00000000120f0000, 0x00000000128f0000)
 End Bits:   [0x00000000128f0000, 0x00000000130f0000)

Polling page: 0x0000000000560000

CodeCache: size=245760Kb used=87853Kb max_used=87871Kb free=157906Kb
 bounds [0x0000000002770000, 0x0000000007e00000, 0x0000000011770000]
 total_blobs=21830 nmethods=20944 adapters=792
 compilation: enabled

Compilation events (10 events):
Event: 8913.910 Thread 0x0000000013ba7800 nmethod 28938 0x0000000007de3b90 code [0x0000000007de3ee0, 0x0000000007de61c8]
Event: 8913.911 Thread 0x0000000013ba7800 28941       1       org.eclipse.osgi.internal.loader.BundleLoaderProxy::getBasicBundleLoader (5 bytes)
Event: 8913.911 Thread 0x0000000013ba7800 nmethod 28941 0x00000000039a4890 code [0x00000000039a49e0, 0x00000000039a4af0]
Event: 8913.912 Thread 0x0000000013ba7800 28942       1       org.eclipse.osgi.internal.loader.BundleLoaderProxy::getBundleData (5 bytes)
Event: 8913.912 Thread 0x0000000013ba7800 nmethod 28942 0x0000000007dc5210 code [0x0000000007dc5360, 0x0000000007dc5470]
Event: 8913.939 Thread 0x0000000013ba7800 28943   !   3       org.eclipse.osgi.internal.baseadaptor.BaseStorage::compact (215 bytes)
Event: 8913.941 Thread 0x0000000013ba7800 nmethod 28943 0x0000000007de7090 code [0x0000000007de74e0, 0x0000000007de99a8]
Event: 8913.952 Thread 0x0000000013b93000 nmethod 28919 0x0000000007def550 code [0x0000000007def8a0, 0x0000000007df2700]
Event: 8913.977 Thread 0x0000000013ba7800 28944       3       org.eclipse.osgi.framework.internal.core.AbstractBundle::close (52 bytes)
Event: 8913.977 Thread 0x0000000013ba7800 nmethod 28944 0x00000000035eb390 code [0x00000000035eb5c0, 0x00000000035ec2c8]

GC Heap History (10 events):
Event: 8476.990 GC heap before
{Heap before GC invocations=390 (full 18):
 PSYoungGen      total 26624K, used 24900K [0x00000000f5580000, 0x00000000f7280000, 0x0000000100000000)
  eden space 23552K, 99% used [0x00000000f5580000,0x00000000f6c7f730,0x00000000f6c80000)
  from space 3072K, 43% used [0x00000000f6c80000,0x00000000f6dd1c60,0x00000000f6f80000)
  to   space 3072K, 0% used [0x00000000f6f80000,0x00000000f6f80000,0x00000000f7280000)
 ParOldGen       total 103936K, used 59738K [0x00000000e0000000, 0x00000000e6580000, 0x00000000f5580000)
  object space 103936K, 57% used [0x00000000e0000000,0x00000000e3a56900,0x00000000e6580000)
 Metaspace       used 105297K, capacity 112678K, committed 112768K, reserved 1146880K
  class space    used 12383K, capacity 14717K, committed 14720K, reserved 1048576K
Event: 8476.993 GC heap after
Heap after GC invocations=390 (full 18):
 PSYoungGen      total 25600K, used 1255K [0x00000000f5580000, 0x00000000f7180000, 0x0000000100000000)
  eden space 23552K, 0% used [0x00000000f5580000,0x00000000f5580000,0x00000000f6c80000)
  from space 2048K, 61% used [0x00000000f6f80000,0x00000000f70b9c60,0x00000000f7180000)
  to   space 2560K, 0% used [0x00000000f6c80000,0x00000000f6c80000,0x00000000f6f00000)
 ParOldGen       total 103936K, used 59738K [0x00000000e0000000, 0x00000000e6580000, 0x00000000f5580000)
  object space 103936K, 57% used [0x00000000e0000000,0x00000000e3a56900,0x00000000e6580000)
 Metaspace       used 105297K, capacity 112678K, committed 112768K, reserved 1146880K
  class space    used 12383K, capacity 14717K, committed 14720K, reserved 1048576K
}
Event: 8812.741 GC heap before
{Heap before GC invocations=391 (full 18):
 PSYoungGen      total 25600K, used 24807K [0x00000000f5580000, 0x00000000f7180000, 0x0000000100000000)
  eden space 23552K, 100% used [0x00000000f5580000,0x00000000f6c80000,0x00000000f6c80000)
  from space 2048K, 61% used [0x00000000f6f80000,0x00000000f70b9c60,0x00000000f7180000)
  to   space 2560K, 0% used [0x00000000f6c80000,0x00000000f6c80000,0x00000000f6f00000)
 ParOldGen       total 103936K, used 59738K [0x00000000e0000000, 0x00000000e6580000, 0x00000000f5580000)
  object space 103936K, 57% used [0x00000000e0000000,0x00000000e3a56900,0x00000000e6580000)
 Metaspace       used 105298K, capacity 112678K, committed 112768K, reserved 1146880K
  class space    used 12383K, capacity 14717K, committed 14720K, reserved 1048576K
Event: 8812.744 GC heap after
Heap after GC invocations=391 (full 18):
 PSYoungGen      total 26112K, used 1287K [0x00000000f5580000, 0x00000000f7180000, 0x0000000100000000)
  eden space 23552K, 0% used [0x00000000f5580000,0x00000000f5580000,0x00000000f6c80000)
  from space 2560K, 50% used [0x00000000f6c80000,0x00000000f6dc1c60,0x00000000f6f00000)
  to   space 2560K, 0% used [0x00000000f6f00000,0x00000000f6f00000,0x00000000f7180000)
 ParOldGen       total 103936K, used 59738K [0x00000000e0000000, 0x00000000e6580000, 0x00000000f5580000)
  object space 103936K, 57% used [0x00000000e0000000,0x00000000e3a56900,0x00000000e6580000)
 Metaspace       used 105298K, capacity 112678K, committed 112768K, reserved 1146880K
  class space    used 12383K, capacity 14717K, committed 14720K, reserved 1048576K
}
Event: 8911.708 GC heap before
{Heap before GC invocations=392 (full 18):
 PSYoungGen      total 26112K, used 24839K [0x00000000f5580000, 0x00000000f7180000, 0x0000000100000000)
  eden space 23552K, 100% used [0x00000000f5580000,0x00000000f6c80000,0x00000000f6c80000)
  from space 2560K, 50% used [0x00000000f6c80000,0x00000000f6dc1c60,0x00000000f6f00000)
  to   space 2560K, 0% used [0x00000000f6f00000,0x00000000f6f00000,0x00000000f7180000)
 ParOldGen       total 103936K, used 59738K [0x00000000e0000000, 0x00000000e6580000, 0x00000000f5580000)
  object space 103936K, 57% used [0x00000000e0000000,0x00000000e3a56900,0x00000000e6580000)
 Metaspace       used 105453K, capacity 112742K, committed 113024K, reserved 1146880K
  class space    used 12404K, capacity 14717K, committed 14720K, reserved 1048576K
Event: 8911.711 GC heap after
Heap after GC invocations=392 (full 18):
 PSYoungGen      total 26112K, used 1127K [0x00000000f5580000, 0x00000000f7180000, 0x0000000100000000)
  eden space 23552K, 0% used [0x00000000f5580000,0x00000000f5580000,0x00000000f6c80000)
  from space 2560K, 44% used [0x00000000f6f00000,0x00000000f7019c60,0x00000000f7180000)
  to   space 2560K, 0% used [0x00000000f6c80000,0x00000000f6c80000,0x00000000f6f00000)
 ParOldGen       total 103936K, used 59738K [0x00000000e0000000, 0x00000000e6580000, 0x00000000f5580000)
  object space 103936K, 57% used [0x00000000e0000000,0x00000000e3a56900,0x00000000e6580000)
 Metaspace       used 105453K, capacity 112742K, committed 113024K, reserved 1146880K
  class space    used 12404K, capacity 14717K, committed 14720K, reserved 1048576K
}
Event: 8912.659 GC heap before
{Heap before GC invocations=393 (full 18):
 PSYoungGen      total 26112K, used 24679K [0x00000000f5580000, 0x00000000f7180000, 0x0000000100000000)
  eden space 23552K, 100% used [0x00000000f5580000,0x00000000f6c80000,0x00000000f6c80000)
  from space 2560K, 44% used [0x00000000f6f00000,0x00000000f7019c60,0x00000000f7180000)
  to   space 2560K, 0% used [0x00000000f6c80000,0x00000000f6c80000,0x00000000f6f00000)
 ParOldGen       total 103936K, used 59738K [0x00000000e0000000, 0x00000000e6580000, 0x00000000f5580000)
  object space 103936K, 57% used [0x00000000e0000000,0x00000000e3a56900,0x00000000e6580000)
 Metaspace       used 105470K, capacity 112742K, committed 113024K, reserved 1146880K
  class space    used 12404K, capacity 14717K, committed 14720K, reserved 1048576K
Event: 8912.662 GC heap after
Heap after GC invocations=393 (full 18):
 PSYoungGen      total 26112K, used 1063K [0x00000000f5580000, 0x00000000f7180000, 0x0000000100000000)
  eden space 23552K, 0% used [0x00000000f5580000,0x00000000f5580000,0x00000000f6c80000)
  from space 2560K, 41% used [0x00000000f6c80000,0x00000000f6d89c60,0x00000000f6f00000)
  to   space 2560K, 0% used [0x00000000f6f00000,0x00000000f6f00000,0x00000000f7180000)
 ParOldGen       total 103936K, used 59746K [0x00000000e0000000, 0x00000000e6580000, 0x00000000f5580000)
  object space 103936K, 57% used [0x00000000e0000000,0x00000000e3a58900,0x00000000e6580000)
 Metaspace       used 105470K, capacity 112742K, committed 113024K, reserved 1146880K
  class space    used 12404K, capacity 14717K, committed 14720K, reserved 1048576K
}
Event: 8912.935 GC heap before
{Heap before GC invocations=394 (full 18):
 PSYoungGen      total 26112K, used 24615K [0x00000000f5580000, 0x00000000f7180000, 0x0000000100000000)
  eden space 23552K, 100% used [0x00000000f5580000,0x00000000f6c80000,0x00000000f6c80000)
  from space 2560K, 41% used [0x00000000f6c80000,0x00000000f6d89c60,0x00000000f6f00000)
  to   space 2560K, 0% used [0x00000000f6f00000,0x00000000f6f00000,0x00000000f7180000)
 ParOldGen       total 103936K, used 59746K [0x00000000e0000000, 0x00000000e6580000, 0x00000000f5580000)
  object space 103936K, 57% used [0x00000000e0000000,0x00000000e3a58900,0x00000000e6580000)
 Metaspace       used 105555K, capacity 112742K, committed 113024K, reserved 1146880K
  class space    used 12413K, capacity 14717K, committed 14720K, reserved 1048576K
Event: 8912.939 GC heap after
Heap after GC invocations=394 (full 18):
 PSYoungGen      total 26112K, used 1223K [0x00000000f5580000, 0x00000000f7180000, 0x0000000100000000)
  eden space 23552K, 0% used [0x00000000f5580000,0x00000000f5580000,0x00000000f6c80000)
  from space 2560K, 47% used [0x00000000f6f00000,0x00000000f7031c60,0x00000000f7180000)
  to   space 2560K, 0% used [0x00000000f6c80000,0x00000000f6c80000,0x00000000f6f00000)
 ParOldGen       total 103936K, used 59746K [0x00000000e0000000, 0x00000000e6580000, 0x00000000f5580000)
  object space 103936K, 57% used [0x00000000e0000000,0x00000000e3a58900,0x00000000e6580000)
 Metaspace       used 105555K, capacity 112742K, committed 113024K, reserved 1146880K
  class space    used 12413K, capacity 14717K, committed 14720K, reserved 1048576K
}

Deoptimization events (10 events):
Event: 8913.879 Thread 0x00000000025c2800 Uncommon trap: reason=unstable_if action=reinterpret pc=0x0000000005250088 method=sun.misc.URLClassPath$JarLoader.findResource(Ljava/lang/String;Z)Ljava/net/URL; @ 8
Event: 8913.896 Thread 0x0000000016196800 Uncommon trap: reason=unstable_if action=reinterpret pc=0x000000000316a750 method=org.eclipse.osgi.framework.internal.core.BundleContextImpl.dispatchEvent(Ljava/lang/Object;Ljava/lang/Object;ILjava/lang/Object;)V @ 16
Event: 8913.897 Thread 0x000000001f242000 Uncommon trap: reason=unstable_if action=reinterpret pc=0x0000000003d01d48 method=org.eclipse.core.internal.jobs.JobManager.nextJob()Lorg/eclipse/core/runtime/jobs/Job; @ 80
Event: 8913.897 Thread 0x000000001f242000 Uncommon trap: reason=unstable_if action=reinterpret pc=0x00000000058c07a0 method=org.eclipse.core.internal.jobs.WorkerPool.startJob(Lorg/eclipse/core/internal/jobs/Worker;)Lorg/eclipse/core/internal/jobs/InternalJob; @ 177
Event: 8913.897 Thread 0x000000001f249000 Uncommon trap: reason=unstable_if action=reinterpret pc=0x00000000058c07a0 method=org.eclipse.core.internal.jobs.WorkerPool.startJob(Lorg/eclipse/core/internal/jobs/Worker;)Lorg/eclipse/core/internal/jobs/InternalJob; @ 177
Event: 8913.897 Thread 0x000000001f243000 Uncommon trap: reason=unstable_if action=reinterpret pc=0x00000000058c07a0 method=org.eclipse.core.internal.jobs.WorkerPool.startJob(Lorg/eclipse/core/internal/jobs/Worker;)Lorg/eclipse/core/internal/jobs/InternalJob; @ 177
Event: 8913.897 Thread 0x000000001f245000 Uncommon trap: reason=unstable_if action=reinterpret pc=0x00000000058c07a0 method=org.eclipse.core.internal.jobs.WorkerPool.startJob(Lorg/eclipse/core/internal/jobs/Worker;)Lorg/eclipse/core/internal/jobs/InternalJob; @ 177
Event: 8913.898 Thread 0x0000000016ebb800 Uncommon trap: reason=unstable_if action=reinterpret pc=0x00000000058c07a0 method=org.eclipse.core.internal.jobs.WorkerPool.startJob(Lorg/eclipse/core/internal/jobs/Worker;)Lorg/eclipse/core/internal/jobs/InternalJob; @ 177
Event: 8913.898 Thread 0x000000001f249800 Uncommon trap: reason=unstable_if action=reinterpret pc=0x00000000058c07a0 method=org.eclipse.core.internal.jobs.WorkerPool.startJob(Lorg/eclipse/core/internal/jobs/Worker;)Lorg/eclipse/core/internal/jobs/InternalJob; @ 177
Event: 8913.977 Thread 0x00000000025c2800 Uncommon trap: reason=unstable_if action=reinterpret pc=0x0000000004bd0b0c method=sun.reflect.UnsafeStaticObjectFieldAccessorImpl.set(Ljava/lang/Object;Ljava/lang/Object;)V @ 13

Internal exceptions (10 events):
Event: 8913.308 Thread 0x00000000025c2800 Implicit null exception at 0x00000000030a9373 to 0x00000000030aac9d
Event: 8913.871 Thread 0x00000000025c2800 Implicit null exception at 0x0000000002cdf057 to 0x0000000002cdf54d
Event: 8913.876 Thread 0x00000000025c2800 Implicit null exception at 0x00000000078846f1 to 0x00000000078847ad
Event: 8913.878 Thread 0x00000000025c2800 Exception <a 'java/lang/NullPointerException'> (0x00000000f5d09238) thrown at [C:\re\workspace\8-2-build-windows-amd64-cygwin\jdk8u45\3627\hotspot\src\share\vm\prims\jvm.cpp, line 1386]
Event: 8913.909 Thread 0x0000000015cfc800 Exception <a 'java/lang/InterruptedException': sleep interrupted> (0x00000000f5e8fe70) thrown at [C:\re\workspace\8-2-build-windows-amd64-cygwin\jdk8u45\3627\hotspot\src\share\vm\prims\jvm.cpp, line 3211]
Event: 8913.910 Thread 0x000000001f212800 Exception <a 'java/lang/InterruptedException'> (0x00000000f5e90648) thrown at [C:\re\workspace\8-2-build-windows-amd64-cygwin\jdk8u45\3627\hotspot\src\share\vm\runtime\objectMonitor.cpp, line 1683]
Event: 8913.910 Thread 0x0000000015f46000 Exception <a 'java/lang/InterruptedException'> (0x00000000f5e98b10) thrown at [C:\re\workspace\8-2-build-windows-amd64-cygwin\jdk8u45\3627\hotspot\src\share\vm\runtime\objectMonitor.cpp, line 1683]
Event: 8913.977 Thread 0x0000000016196800 Exception <a 'java/lang/InterruptedException'> (0x00000000f5e8f910) thrown at [C:\re\workspace\8-2-build-windows-amd64-cygwin\jdk8u45\3627\hotspot\src\share\vm\runtime\objectMonitor.cpp, line 1683]
Event: 8913.977 Thread 0x00000000025c2800 Implicit null exception at 0x0000000004bd07fd to 0x0000000004bd0af9
Event: 8913.978 Thread 0x000000001f248000 Exception <a 'java/io/IOException'> (0x00000000f603d488) thrown at [C:\re\workspace\8-2-build-windows-amd64-cygwin\jdk8u45\3627\hotspot\src\share\vm\prims\jni.cpp, line 709]

Events (10 events):
Event: 8913.977 loading class java/util/IdentityHashMap$IdentityHashMapIterator
Event: 8913.977 loading class java/util/IdentityHashMap$IdentityHashMapIterator done
Event: 8913.977 loading class java/util/IdentityHashMap$KeyIterator done
Event: 8913.978 Thread 0x000000001f248000 Thread added: 0x000000001f248000
Event: 8913.978 Executing VM operation: RevokeBias
Event: 8913.978 Executing VM operation: RevokeBias done
Event: 8913.978 Executing VM operation: RevokeBias
Event: 8913.978 Executing VM operation: RevokeBias done
Event: 8913.978 Thread 0x000000001f248000 Thread exited: 0x000000001f248000
Event: 8913.979 Executing VM operation: Exit


Dynamic libraries:
0x0000000000400000 - 0x000000000044f000 	C:\Logiciels\Xilinx\SDK\2015.4\eclipse\win64.o\eclipse.exe
0x00007ff8f46d0000 - 0x00007ff8f4891000 	C:\windows\SYSTEM32\ntdll.dll
0x00007ff8f3040000 - 0x00007ff8f30ed000 	C:\windows\system32\KERNEL32.DLL
0x00007ff8f0e40000 - 0x00007ff8f1028000 	C:\windows\system32\KERNELBASE.dll
0x00007ff8f3240000 - 0x00007ff8f3396000 	C:\windows\system32\USER32.dll
0x00007ff8f3a60000 - 0x00007ff8f3be6000 	C:\windows\system32\GDI32.dll
0x00007ff8f35e0000 - 0x00007ff8f367d000 	C:\windows\system32\msvcrt.dll
0x00007ff8ecac0000 - 0x00007ff8ecd34000 	C:\windows\WinSxS\amd64_microsoft.windows.common-controls_6595b64144ccf1df_6.0.10586.589_none_a2ddb3caa539acce\COMCTL32.dll
0x00007ff8f3680000 - 0x00007ff8f38fd000 	C:\windows\system32\combase.dll
0x00007ff8f3cb0000 - 0x00007ff8f3dcc000 	C:\windows\system32\RPCRT4.dll
0x00007ff8f1030000 - 0x00007ff8f109a000 	C:\windows\system32\bcryptPrimitives.dll
0x00007ff8f33a0000 - 0x00007ff8f33db000 	C:\windows\system32\IMM32.DLL
0x0000000072000000 - 0x0000000072012000 	C:\Logiciels\Xilinx\SDK\2015.4\eclipse\win64.o\plugins\org.eclipse.equinox.launcher.win32.win32.x86_64_1.1.200.v20140116-2212\eclipse_1503.dll
0x00007ff8f4280000 - 0x00007ff8f4327000 	C:\windows\system32\ADVAPI32.dll
0x00007ff8f4330000 - 0x00007ff8f438b000 	C:\windows\system32\sechost.dll
0x00007ff8f00c0000 - 0x00007ff8f00ca000 	C:\windows\SYSTEM32\VERSION.dll
0x00007ff8ef5d0000 - 0x00007ff8ef666000 	C:\windows\system32\uxtheme.dll
0x00007ff8f3900000 - 0x00007ff8f3a5a000 	C:\windows\system32\MSCTF.dll
0x000000006bb70000 - 0x000000006c3f3000 	C:\Logiciels\Xilinx\SDK\2015.4\tps\win64\jre\bin\server\jvm.dll
0x00007ff8f3030000 - 0x00007ff8f3038000 	C:\windows\system32\PSAPI.DLL
0x00007ff8e8e20000 - 0x00007ff8e8e29000 	C:\windows\SYSTEM32\WSOCK32.dll
0x00007ff8ef190000 - 0x00007ff8ef1b3000 	C:\windows\SYSTEM32\WINMM.dll
0x000000006e500000 - 0x000000006e5d2000 	C:\windows\SYSTEM32\MSVCR100.dll
0x00007ff8f34a0000 - 0x00007ff8f350b000 	C:\windows\system32\WS2_32.dll
0x00007ff8ef160000 - 0x00007ff8ef18c000 	C:\windows\SYSTEM32\WINMMBASE.dll
0x00007ff8f17e0000 - 0x00007ff8f1823000 	C:\windows\system32\cfgmgr32.dll
0x000000006ba30000 - 0x000000006ba3f000 	C:\Logiciels\Xilinx\SDK\2015.4\tps\win64\jre\bin\verify.dll
0x000000006ba00000 - 0x000000006ba29000 	C:\Logiciels\Xilinx\SDK\2015.4\tps\win64\jre\bin\java.dll
0x000000006b9e0000 - 0x000000006b9f6000 	C:\Logiciels\Xilinx\SDK\2015.4\tps\win64\jre\bin\zip.dll
0x00007ff8f1ad0000 - 0x00007ff8f302c000 	C:\windows\system32\SHELL32.dll
0x00007ff8f10a0000 - 0x00007ff8f16e5000 	C:\windows\system32\windows.storage.dll
0x00007ff8f3bf0000 - 0x00007ff8f3c42000 	C:\windows\system32\shlwapi.dll
0x00007ff8f0d00000 - 0x00007ff8f0d0f000 	C:\windows\system32\kernel.appcore.dll
0x00007ff8f0d80000 - 0x00007ff8f0e35000 	C:\windows\system32\shcore.dll
0x00007ff8f0d10000 - 0x00007ff8f0d5b000 	C:\windows\system32\powrprof.dll
0x00007ff8f0d60000 - 0x00007ff8f0d74000 	C:\windows\system32\profapi.dll
0x00007ff8f06c0000 - 0x00007ff8f06d7000 	C:\windows\SYSTEM32\CRYPTSP.dll
0x00007ff8f0360000 - 0x00007ff8f0394000 	C:\windows\system32\rsaenh.dll
0x00007ff8f08f0000 - 0x00007ff8f0919000 	C:\windows\SYSTEM32\bcrypt.dll
0x00007ff8f04b0000 - 0x00007ff8f04cf000 	C:\windows\SYSTEM32\USERENV.dll
0x00007ff8f07e0000 - 0x00007ff8f07eb000 	C:\windows\SYSTEM32\CRYPTBASE.dll
0x000000006b9c0000 - 0x000000006b9da000 	C:\Logiciels\Xilinx\SDK\2015.4\tps\win64\jre\bin\net.dll
0x00007ff8f0610000 - 0x00007ff8f066c000 	C:\windows\system32\mswsock.dll
0x00007ff8ee2a0000 - 0x00007ff8ee2d8000 	C:\windows\SYSTEM32\IPHLPAPI.DLL
0x00007ff8f33e0000 - 0x00007ff8f33e8000 	C:\windows\system32\NSI.dll
0x00007ff8ee280000 - 0x00007ff8ee296000 	C:\windows\SYSTEM32\dhcpcsvc6.DLL
0x00007ff8ed180000 - 0x00007ff8ed19a000 	C:\windows\SYSTEM32\dhcpcsvc.DLL
0x000000006b9a0000 - 0x000000006b9b1000 	C:\Logiciels\Xilinx\SDK\2015.4\tps\win64\jre\bin\nio.dll
0x00007ff8e8d30000 - 0x00007ff8e8d46000 	C:\windows\system32\napinsp.dll
0x00007ff8e8d70000 - 0x00007ff8e8d8a000 	C:\windows\system32\pnrpnsp.dll
0x00007ff8ee940000 - 0x00007ff8ee958000 	C:\windows\system32\NLAapi.dll
0x00007ff8ef420000 - 0x00007ff8ef4ca000 	C:\windows\SYSTEM32\DNSAPI.dll
0x00007ff8e8e00000 - 0x00007ff8e8e0d000 	C:\windows\System32\winrnr.dll
0x00007ff8e93e0000 - 0x00007ff8e93ea000 	C:\Windows\System32\rasadhlp.dll
0x00007ff8ee440000 - 0x00007ff8ee4a7000 	C:\windows\System32\fwpuclnt.dll
0x00000000182c0000 - 0x0000000018368000 	C:\Users\guvacc\.Xilinx\SDK\2015.4\org.eclipse.osgi\bundles\303\1\.cp\swt-win32-4335.dll
0x00007ff8f30f0000 - 0x00007ff8f3233000 	C:\windows\system32\ole32.dll
0x00007ff8f3510000 - 0x00007ff8f35d6000 	C:\windows\system32\OLEAUT32.dll
0x00007ff8f4390000 - 0x00007ff8f449b000 	C:\windows\system32\comdlg32.dll
0x00007ff8f1750000 - 0x00007ff8f17d6000 	C:\windows\system32\FirewallAPI.dll
0x00007ff8f1ab0000 - 0x00007ff8f1ac7000 	C:\windows\system32\NETAPI32.dll
0x00007ff8f18e0000 - 0x00007ff8f1aa8000 	C:\windows\system32\CRYPT32.dll
0x00007ff8e7d70000 - 0x00007ff8e7df4000 	C:\windows\SYSTEM32\WINSPOOL.DRV
0x00007ff8f0cf0000 - 0x00007ff8f0d00000 	C:\windows\system32\MSASN1.dll
0x00007ff8e6bb0000 - 0x00007ff8e6bc8000 	C:\windows\SYSTEM32\USP10.dll
0x00007ff8e46d0000 - 0x00007ff8e49c8000 	C:\windows\SYSTEM32\WININET.dll
0x00007ff8ef1d0000 - 0x00007ff8ef1dc000 	C:\windows\SYSTEM32\DAVHLPR.DLL
0x00007ff8ef850000 - 0x00007ff8ef882000 	C:\windows\SYSTEM32\fwbase.dll
0x00007ff8ef130000 - 0x00007ff8ef152000 	C:\windows\system32\dwmapi.dll
0x00007ff8ed750000 - 0x00007ff8ed8d6000 	C:\windows\SYSTEM32\propsys.dll
0x00007ff8f33f0000 - 0x00007ff8f3497000 	C:\windows\system32\clbcatq.dll
0x0000000017ec0000 - 0x0000000017ede000 	C:\Users\guvacc\.Xilinx\SDK\2015.4\org.eclipse.osgi\bundles\303\1\.cp\swt-gdip-win32-4335.dll
0x00007ff8ecdc0000 - 0x00007ff8ecf68000 	C:\windows\WinSxS\amd64_microsoft.windows.gdiplus_6595b64144ccf1df_1.1.10586.589_none_d3c8a6afffcc269c\gdiplus.dll
0x00007ff8dc560000 - 0x00007ff8dc711000 	C:\windows\SYSTEM32\WindowsCodecs.dll
0x00007ff8db680000 - 0x00007ff8db691000 	C:\Users\guvacc\.Xilinx\SDK\2015.4\org.eclipse.osgi\bundles\124\1\.cp\jWinHttp-1.0.0.dll
0x00007ff8edd30000 - 0x00007ff8eddf8000 	C:\windows\SYSTEM32\WINHTTP.dll
0x00007ff8ec410000 - 0x00007ff8ec47a000 	C:\windows\SYSTEM32\oleacc.dll
0x00007ff8e0670000 - 0x00007ff8e06ae000 	C:\windows\system32\mlang.dll
0x00007ff8e0210000 - 0x00007ff8e025a000 	C:\windows\system32\dataexchange.dll
0x00007ff8eeaf0000 - 0x00007ff8eebd3000 	C:\windows\system32\dcomp.dll
0x00007ff8ec810000 - 0x00007ff8ecab8000 	C:\windows\system32\d3d11.dll
0x00007ff8ed8e0000 - 0x00007ff8ed982000 	C:\windows\system32\dxgi.dll
0x00007ff8ef4d0000 - 0x00007ff8ef5d0000 	C:\windows\system32\twinapi.appcore.dll
0x00007ff8d6090000 - 0x00007ff8d6d63000 	C:\Windows\System32\ieframe.dll
0x00007ff8eae00000 - 0x00007ff8eb188000 	C:\Windows\System32\iertutil.dll
0x00007ff8f4660000 - 0x00007ff8f46cf000 	C:\windows\system32\coml2.dll
0x00007ff8e41d0000 - 0x00007ff8e4387000 	C:\windows\SYSTEM32\urlmon.dll
0x00007ff8f0bb0000 - 0x00007ff8f0c49000 	C:\windows\SYSTEM32\sxs.dll
0x00007ff8aa610000 - 0x00007ff8abd9f000 	C:\Windows\System32\mshtml.dll
0x00007ff8f0a00000 - 0x00007ff8f0a2d000 	C:\windows\SYSTEM32\SspiCli.dll
0x00007ff8ed280000 - 0x00007ff8ed2a1000 	C:\windows\SYSTEM32\srpapi.dll
0x00007ff8d1ab0000 - 0x00007ff8d1c62000 	C:\windows\SYSTEM32\ieapfltr.dll
0x00007ff8ed270000 - 0x00007ff8ed280000 	C:\windows\system32\msimtf.dll
0x00007ff8f00f0000 - 0x00007ff8f00fc000 	C:\windows\SYSTEM32\Secur32.dll
0x00007ff8ec5a0000 - 0x00007ff8ec6fc000 	C:\Windows\System32\uiautomationcore.dll
0x00007ff8e0090000 - 0x00007ff8e00a5000 	C:\windows\SYSTEM32\ondemandconnroutehelper.dll
0x00007ff8ee4b0000 - 0x00007ff8ee4bb000 	C:\windows\SYSTEM32\WINNSI.DLL
0x00007ff8db890000 - 0x00007ff8dbdd5000 	C:\windows\SYSTEM32\d2d1.dll
0x00007ff8e6da0000 - 0x00007ff8e7000000 	C:\windows\SYSTEM32\DWrite.dll
0x00007ff8acf70000 - 0x00007ff8ad038000 	C:\windows\system32\jscript.dll
0x00007ff8db0b0000 - 0x00007ff8db0ea000 	C:\windows\SYSTEM32\msls31.dll
0x00007ff8ace70000 - 0x00007ff8acf6a000 	C:\Windows\System32\DDRAW.dll
0x00007ff8ed070000 - 0x00007ff8ed078000 	C:\Windows\System32\DCIMAN32.dll
0x00007ff8ec590000 - 0x00007ff8ec59f000 	C:\Logiciels\Xilinx\SDK\2015.4\lib\win64.o\librdi_repo_manager.dll
0x00007ff8ceac0000 - 0x00007ff8ceaea000 	C:\Logiciels\Xilinx\SDK\2015.4\lib\win64.o\libisl_sysinfo.dll
0x00007ff8acd90000 - 0x00007ff8acde4000 	C:\Logiciels\Xilinx\SDK\2015.4\lib\win64.o\librdi_commonxillic.dll
0x00007ff8ed370000 - 0x00007ff8ed417000 	C:\windows\SYSTEM32\MSVCP110.dll
0x00007ff8e24d0000 - 0x00007ff8e25a4000 	C:\windows\SYSTEM32\MSVCR110.dll
0x00007ff8acba0000 - 0x00007ff8acd8c000 	C:\Logiciels\Xilinx\SDK\2015.4\lib\win64.o\librdi_hsm.dll
0x00007ff8ac210000 - 0x00007ff8acb9d000 	C:\Logiciels\Xilinx\SDK\2015.4\lib\win64.o\librdi_common.dll
0x00007ff8ac110000 - 0x00007ff8ac20a000 	C:\Logiciels\Xilinx\SDK\2015.4\lib\win64.o\libboost_regex.dll
0x00007ff8e93f0000 - 0x00007ff8e93f9000 	C:\Logiciels\Xilinx\SDK\2015.4\lib\win64.o\libboost_system.dll
0x00007ff8adb30000 - 0x00007ff8adb52000 	C:\Logiciels\Xilinx\SDK\2015.4\lib\win64.o\libboost_filesystem.dll
0x00007ff8ac0c0000 - 0x00007ff8ac103000 	C:\Logiciels\Xilinx\SDK\2015.4\lib\win64.o\librdi_hdf.dll
0x000000006ba40000 - 0x000000006bb67000 	C:\Logiciels\Xilinx\SDK\2015.4\lib\win64.o\tcl85t.dll
0x00007ff8abe60000 - 0x00007ff8ac0b5000 	C:\Logiciels\Xilinx\SDK\2015.4\lib\win64.o\librdi_ippcw.dll
0x00007ff8aa1d0000 - 0x00007ff8aa604e00 	C:\Logiciels\Xilinx\SDK\2015.4\lib\win64.o\libisl_iostreams.dll
0x00007ff8aa130000 - 0x00007ff8aa1ca000 	C:\Logiciels\Xilinx\SDK\2015.4\lib\win64.o\libhdxml.dll
0x0000000028ea0000 - 0x0000000029103000 	C:\Logiciels\Xilinx\SDK\2015.4\lib\win64.o\xerces-c_3_1.dll
0x00007ff8e8e10000 - 0x00007ff8e8e20000 	C:\Logiciels\Xilinx\SDK\2015.4\lib\win64.o\libboost_date_time.dll
0x00007ff8d0670000 - 0x00007ff8d0686000 	C:\Logiciels\Xilinx\SDK\2015.4\lib\win64.o\libboost_iostreams.dll
0x00007ff8abe30000 - 0x00007ff8abe53000 	C:\Logiciels\Xilinx\SDK\2015.4\lib\win64.o\libisl_iosutils.dll
0x00007ff8abe00000 - 0x00007ff8abe23000 	C:\Logiciels\Xilinx\SDK\2015.4\lib\win64.o\librdizlib.dll
0x00007ff8a9dc0000 - 0x00007ff8aa12e000 	C:\Logiciels\Xilinx\SDK\2015.4\lib\win64.o\libCOIN-all.dll
0x00007ff8a9ba0000 - 0x00007ff8a9dbe000 	C:\Logiciels\Xilinx\SDK\2015.4\lib\win64.o\libXil_lmgr11.dll
0x00007ff8f16f0000 - 0x00007ff8f1745000 	C:\windows\system32\WINTRUST.dll
0x00007ff8a9b20000 - 0x00007ff8a9b94000 	C:\Logiciels\Xilinx\SDK\2015.4\lib\win64.o\libboost_program_options.dll
0x00007ff8d0040000 - 0x00007ff8d0053000 	C:\Logiciels\Xilinx\SDK\2015.4\lib\win64.o\libboost_signals.dll

VM Arguments:
jvm_args: -Dcom.xilinx.sdk.args.hwspec=C:/temp/tp3/tp3.sdk/design_1_wrapper.hdf -Xms64m -Xmx512m & 
java_command: <unknown>
java_class_path (initial): C:\Logiciels\Xilinx\SDK\2015.4\eclipse\win64.o\\plugins/org.eclipse.equinox.launcher_1.3.0.v20130327-1440.jar
Launcher Type: generic

Environment Variables:
JAVA_HOME=C:\Program Files\Java\jdk1.8.0_92
USERNAME=guvacc
OS=Windows_NT
PROCESSOR_IDENTIFIER=Intel64 Family 6 Model 60 Stepping 3, GenuineIntel



---------------  S Y S T E M  ---------------

OS: Windows 10.0 , 64 bit Build 10586 (10.0.10586.589)

CPU:total 4 (4 cores per cpu, 1 threads per core) family 6 model 60 stepping 3, cmov, cx8, fxsr, mmx, sse, sse2, sse3, ssse3, sse4.1, sse4.2, popcnt, avx, avx2, aes, clmul, erms, lzcnt, tsc, tscinvbit, bmi1, bmi2

Memory: 4k page, physical 16680492k(11049836k free), swap 19170860k(12734156k free)

vm_info: Java HotSpot(TM) 64-Bit Server VM (25.45-b02) for windows-amd64 JRE (1.8.0_45-b15), built on Apr 30 2015 12:40:44 by "java_re" with MS VC++ 10.0 (VS2010)

time: Thu Sep 22 13:28:54 2016
elapsed time: 8914 seconds (0d 2h 28m 34s)

