#
# A fatal error has been detected by the Java Runtime Environment:
#
#  EXCEPTION_UNCAUGHT_CXX_EXCEPTION (0xe06d7363) at pc=0x00007ffced771f28, pid=24220, tid=25764
#
# JRE version: Java(TM) SE Runtime Environment (8.0_45-b15) (build 1.8.0_45-b15)
# Java VM: Java HotSpot(TM) 64-Bit Server VM (25.45-b02 mixed mode windows-amd64 compressed oops)
# Problematic frame:
# C  [KERNELBASE.dll+0x71f28]
#
# Failed to write core dump. Minidumps are not enabled by default on client versions of Windows
#
# If you would like to submit a bug report, please visit:
#   http://bugreport.java.com/bugreport/crash.jsp
#

---------------  T H R E A D  ---------------

Current thread (0x0000000014008000):  VMThread [stack: 0x0000000015ce0000,0x0000000015de0000] [id=25764]

siginfo: ExceptionCode=0xe06d7363, ExceptionInformation=0x0000000019930520 0x0000000015ddf388 0x00007ffcde2e2cb8 0x00007ffcde230000 

Registers:
RAX=0x0000000000000000, RBX=0x00007ffcde2e2cb8, RCX=0x0000000000000000, RDX=0x0000000000000000
RSP=0x0000000015ddf1d0, RBP=0x0000000015ddf310, RSI=0x00000000ffffffff, RDI=0x00000000005dd290
R8 =0x0000000000000000, R9 =0x0000000000000000, R10=0x0000000000000000, R11=0x0000000000000000
R12=0x0000000000000001, R13=0x0000000000000008, R14=0x0000000000000000, R15=0xffffffffffffffff
RIP=0x00007ffced771f28, EFLAGS=0x0000000000000202

Top of Stack: (sp=0x0000000015ddf1d0)
0x0000000015ddf1d0:   0000000000000006 00007ffcde2e2cb8
0x0000000015ddf1e0:   00000000ffffffff 00000000005dd290
0x0000000015ddf1f0:   00000001e06d7363 0000000000000000
0x0000000015ddf200:   00007ffced771f28 00007ffc00000004
0x0000000015ddf210:   0000000019930520 0000000015ddf388
0x0000000015ddf220:   00007ffcde2e2cb8 00007ffcde230000
0x0000000015ddf230:   0000000000000001 00000000005dd290
0x0000000015ddf240:   00000000ffffffff 0000000015ddf320
0x0000000015ddf250:   0000000015ddf310 00007ffcf0c3782f
0x0000000015ddf260:   0000000000000008 0000000000000000
0x0000000015ddf270:   0000000000002000 0000000000000008
0x0000000015ddf280:   00007ffcde2f9000 00007ffcde230000
0x0000000015ddf290:   0000f3245a5ab0bb 00000000000003ff
0x0000000015ddf2a0:   00007ffcde2e2cb8 00007ffcde28e92c
0x0000000015ddf2b0:   00000000c0000001 0000000000000008
0x0000000015ddf2c0:   0000000000000001 00000000005dd290 

Instructions: (pc=0x00007ffced771f28)
0x00007ffced771f08:   49 8b d1 44 0f 47 c0 44 89 44 24 38 49 c1 e0 03
0x00007ffced771f18:   e8 27 b2 00 00 48 8d 4c 24 20 ff 15 c8 a7 05 00
0x00007ffced771f28:   48 8b 8c 24 c0 00 00 00 48 33 cc e8 98 7a 00 00
0x00007ffced771f38:   48 81 c4 d8 00 00 00 c3 83 64 24 38 00 eb d6 cc 


Register to memory mapping:

RAX=0x0000000000000000 is an unknown value
RBX=0x00007ffcde2e2cb8 is an unknown value
RCX=0x0000000000000000 is an unknown value
RDX=0x0000000000000000 is an unknown value
RSP=0x0000000015ddf1d0 is an unknown value
RBP=0x0000000015ddf310 is an unknown value
RSI=0x00000000ffffffff is an unallocated location in the heap
RDI=0x00000000005dd290 is an unknown value
R8 =0x0000000000000000 is an unknown value
R9 =0x0000000000000000 is an unknown value
R10=0x0000000000000000 is an unknown value
R11=0x0000000000000000 is an unknown value
R12=0x0000000000000001 is an unknown value
R13=0x0000000000000008 is an unknown value
R14=0x0000000000000000 is an unknown value
R15=0xffffffffffffffff is an unknown value


Stack: [0x0000000015ce0000,0x0000000015de0000],  sp=0x0000000015ddf1d0,  free space=1020k
Native frames: (J=compiled Java code, j=interpreted, Vv=VM code, C=native code)
C  [KERNELBASE.dll+0x71f28]
C  [MSVCR110.dll+0x5e92c]
C  [MSVCR110.dll+0x1315c]
C  [MSVCR110.dll+0x136a9]
C  [MSVCR110.dll+0x13e9c]
C  [MSVCR110.dll+0x239e]
C  [MSVCR110.dll+0xaf9e]
C  [MSVCP110.dll+0x397b9]
C  [librdi_common.dll+0x14283e]
C  [librdi_common.dll+0x141449]
C  [librdi_target_manager.dll+0x2400]
C  [librdi_target_manager.dll+0x2682]
C  [ntdll.dll+0x152c8]
C  [ntdll.dll+0x5b2ea]
C  [ntdll.dll+0x5b17a]
C  [KERNEL32.DLL+0x24d8a]
C  [MSVCR100.dll+0x20ccd]
V  [jvm.dll+0x20f135]
V  [jvm.dll+0x247ef7]
V  [jvm.dll+0x247196]
V  [jvm.dll+0x247631]
V  [jvm.dll+0x24784e]
V  [jvm.dll+0x29853a]
C  [MSVCR100.dll+0x21d9f]
C  [MSVCR100.dll+0x21e3b]
C  [KERNEL32.DLL+0x18102]
C  [ntdll.dll+0x5c5b4]

VM_Operation (0x000000000014f500): Exit, mode: safepoint, requested by thread 0x00000000026a2800


---------------  P R O C E S S  ---------------

Java Threads: ( => current thread )
  0x000000001c28b000 JavaThread "Spawner Reaper" daemon [_thread_in_native, id=8468, stack(0x0000000037450000,0x0000000037550000)]
  0x0000000016018800 JavaThread "Thread-31" daemon [_thread_blocked, id=25744, stack(0x000000002df50000,0x000000002e050000)]
  0x00000000202b5800 JavaThread "TCF Locator DNS Lookup" daemon [_thread_blocked, id=25640, stack(0x0000000024830000,0x0000000024930000)]
  0x00000000202b5000 JavaThread "TCF Locator Timer" daemon [_thread_blocked, id=25832, stack(0x0000000024730000,0x0000000024830000)]
  0x0000000016017000 JavaThread "TCF Locator Receiver" daemon [_thread_in_native, id=25604, stack(0x0000000024630000,0x0000000024730000)]
  0x0000000016014800 JavaThread "TCF Timer Dispatcher" daemon [_thread_blocked, id=22204, stack(0x0000000024200000,0x0000000024300000)]
  0x0000000017896000 JavaThread "EMF Reference Cleaner" daemon [_thread_blocked, id=23424, stack(0x00000000194f0000,0x00000000195f0000)]
  0x0000000016067800 JavaThread "Service Thread" daemon [_thread_blocked, id=24920, stack(0x00000000169e0000,0x0000000016ae0000)]
  0x000000001601a000 JavaThread "C1 CompilerThread3" daemon [_thread_blocked, id=24128, stack(0x00000000168e0000,0x00000000169e0000)]
  0x0000000016015800 JavaThread "C2 CompilerThread2" daemon [_thread_blocked, id=14184, stack(0x00000000167e0000,0x00000000168e0000)]
  0x0000000016019000 JavaThread "C2 CompilerThread1" daemon [_thread_blocked, id=11700, stack(0x00000000166e0000,0x00000000167e0000)]
  0x0000000016012000 JavaThread "C2 CompilerThread0" daemon [_thread_blocked, id=13472, stack(0x00000000165e0000,0x00000000166e0000)]
  0x000000001600f800 JavaThread "Attach Listener" daemon [_thread_blocked, id=14316, stack(0x00000000164e0000,0x00000000165e0000)]
  0x000000001600d800 JavaThread "Signal Dispatcher" daemon [_thread_blocked, id=23904, stack(0x00000000163e0000,0x00000000164e0000)]
  0x000000000279a800 JavaThread "Finalizer" daemon [_thread_blocked, id=23884, stack(0x0000000015ee0000,0x0000000015fe0000)]
  0x000000001400c800 JavaThread "Reference Handler" daemon [_thread_blocked, id=26532, stack(0x0000000015de0000,0x0000000015ee0000)]
  0x00000000026a2800 JavaThread "main" [_thread_blocked, id=15712, stack(0x0000000000050000,0x0000000000150000)]

Other Threads:
=>0x0000000014008000 VMThread [stack: 0x0000000015ce0000,0x0000000015de0000] [id=25764]

VM state:at safepoint (shutting down)

VM Mutex/Monitor currently owned by a thread:  ([mutex/lock_event])
[0x000000000269e470] Threads_lock - owner thread: 0x0000000014008000

Heap:
 PSYoungGen      total 88064K, used 15108K [0x00000000f5580000, 0x00000000fc000000, 0x0000000100000000)
  eden space 72192K, 17% used [0x00000000f5580000,0x00000000f61b2a78,0x00000000f9c00000)
  from space 15872K, 16% used [0x00000000fb080000,0x00000000fb30e6d8,0x00000000fc000000)
  to   space 18432K, 0% used [0x00000000f9c00000,0x00000000f9c00000,0x00000000fae00000)
 ParOldGen       total 103424K, used 62521K [0x00000000e0000000, 0x00000000e6500000, 0x00000000f5580000)
  object space 103424K, 60% used [0x00000000e0000000,0x00000000e3d0e7b0,0x00000000e6500000)
 Metaspace       used 96332K, capacity 103178K, committed 103552K, reserved 1138688K
  class space    used 11781K, capacity 13832K, committed 13952K, reserved 1048576K

Card table byte_map: [0x0000000011b60000,0x0000000011c70000] byte_map_base: 0x0000000011460000

Marking Bits: (ParMarkBitMap*) 0x0000000075234040
 Begin Bits: [0x0000000012520000, 0x0000000012d20000)
 End Bits:   [0x0000000012d20000, 0x0000000013520000)

Polling page: 0x00000000021d0000

CodeCache: size=245760Kb used=49166Kb max_used=49170Kb free=196593Kb
 bounds [0x00000000027a0000, 0x0000000005800000, 0x00000000117a0000]
 total_blobs=14075 nmethods=13210 adapters=772
 compilation: enabled

Compilation events (10 events):
Event: 971.103 Thread 0x000000001601a000 nmethod 16622 0x00000000057eab10 code [0x00000000057eaf60, 0x00000000057eda68]
Event: 971.103 Thread 0x000000001601a000 16619       1       org.eclipse.osgi.internal.loader.BundleLoaderProxy::getBasicBundleLoader (5 bytes)
Event: 971.103 Thread 0x000000001601a000 nmethod 16619 0x0000000004b25250 code [0x0000000004b253a0, 0x0000000004b254b0]
Event: 971.103 Thread 0x000000001601a000 16620       1       org.eclipse.osgi.internal.loader.BundleLoaderProxy::getBundleData (5 bytes)
Event: 971.103 Thread 0x000000001601a000 nmethod 16620 0x0000000004bb8c90 code [0x0000000004bb8de0, 0x0000000004bb8ef0]
Event: 971.132 Thread 0x0000000016012000 nmethod 16583 0x00000000057f3f50 code [0x00000000057f4300, 0x00000000057f77a0]
Event: 971.153 Thread 0x000000001601a000 16623   !   3       org.eclipse.osgi.internal.baseadaptor.BaseStorage::compact (215 bytes)
Event: 971.155 Thread 0x000000001601a000 nmethod 16623 0x00000000057f0150 code [0x00000000057f05a0, 0x00000000057f2a68]
Event: 971.215 Thread 0x000000001601a000 16624       3       org.eclipse.osgi.framework.internal.core.AbstractBundle::close (52 bytes)
Event: 971.216 Thread 0x000000001601a000 nmethod 16624 0x0000000005046a10 code [0x0000000005046c40, 0x0000000005047948]

GC Heap History (10 events):
Event: 395.557 GC heap before
{Heap before GC invocations=41 (full 8):
 PSYoungGen      total 94208K, used 76983K [0x00000000f5580000, 0x00000000fc600000, 0x0000000100000000)
  eden space 73216K, 100% used [0x00000000f5580000,0x00000000f9d00000,0x00000000f9d00000)
  from space 20992K, 17% used [0x00000000fb180000,0x00000000fb52def0,0x00000000fc600000)
  to   space 20992K, 0% used [0x00000000f9d00000,0x00000000f9d00000,0x00000000fb180000)
 ParOldGen       total 103424K, used 58166K [0x00000000e0000000, 0x00000000e6500000, 0x00000000f5580000)
  object space 103424K, 56% used [0x00000000e0000000,0x00000000e38cd9f8,0x00000000e6500000)
 Metaspace       used 95125K, capacity 101976K, committed 102272K, reserved 1138688K
  class space    used 11683K, capacity 13669K, committed 13696K, reserved 1048576K
Event: 395.563 GC heap after
Heap after GC invocations=41 (full 8):
 PSYoungGen      total 79360K, used 5776K [0x00000000f5580000, 0x00000000fc480000, 0x0000000100000000)
  eden space 73216K, 0% used [0x00000000f5580000,0x00000000f5580000,0x00000000f9d00000)
  from space 6144K, 94% used [0x00000000f9d00000,0x00000000fa2a4020,0x00000000fa300000)
  to   space 19968K, 0% used [0x00000000fb100000,0x00000000fb100000,0x00000000fc480000)
 ParOldGen       total 103424K, used 58174K [0x00000000e0000000, 0x00000000e6500000, 0x00000000f5580000)
  object space 103424K, 56% used [0x00000000e0000000,0x00000000e38cf9f8,0x00000000e6500000)
 Metaspace       used 95125K, capacity 101976K, committed 102272K, reserved 1138688K
  class space    used 11683K, capacity 13669K, committed 13696K, reserved 1048576K
}
Event: 409.576 GC heap before
{Heap before GC invocations=42 (full 8):
 PSYoungGen      total 79360K, used 6683K [0x00000000f5580000, 0x00000000fc480000, 0x0000000100000000)
  eden space 73216K, 1% used [0x00000000f5580000,0x00000000f5662d98,0x00000000f9d00000)
  from space 6144K, 94% used [0x00000000f9d00000,0x00000000fa2a4020,0x00000000fa300000)
  to   space 19968K, 0% used [0x00000000fb100000,0x00000000fb100000,0x00000000fc480000)
 ParOldGen       total 103424K, used 58174K [0x00000000e0000000, 0x00000000e6500000, 0x00000000f5580000)
  object space 103424K, 56% used [0x00000000e0000000,0x00000000e38cf9f8,0x00000000e6500000)
 Metaspace       used 95130K, capacity 101976K, committed 102272K, reserved 1138688K
  class space    used 11683K, capacity 13669K, committed 13696K, reserved 1048576K
Event: 409.582 GC heap after
Heap after GC invocations=42 (full 8):
 PSYoungGen      total 92672K, used 5680K [0x00000000f5580000, 0x00000000fc380000, 0x0000000100000000)
  eden space 73728K, 0% used [0x00000000f5580000,0x00000000f5580000,0x00000000f9d80000)
  from space 18944K, 29% used [0x00000000fb100000,0x00000000fb68c020,0x00000000fc380000)
  to   space 19456K, 0% used [0x00000000f9d80000,0x00000000f9d80000,0x00000000fb080000)
 ParOldGen       total 103424K, used 58182K [0x00000000e0000000, 0x00000000e6500000, 0x00000000f5580000)
  object space 103424K, 56% used [0x00000000e0000000,0x00000000e38d19f8,0x00000000e6500000)
 Metaspace       used 95130K, capacity 101976K, committed 102272K, reserved 1138688K
  class space    used 11683K, capacity 13669K, committed 13696K, reserved 1048576K
}
Event: 409.582 GC heap before
{Heap before GC invocations=43 (full 9):
 PSYoungGen      total 92672K, used 5680K [0x00000000f5580000, 0x00000000fc380000, 0x0000000100000000)
  eden space 73728K, 0% used [0x00000000f5580000,0x00000000f5580000,0x00000000f9d80000)
  from space 18944K, 29% used [0x00000000fb100000,0x00000000fb68c020,0x00000000fc380000)
  to   space 19456K, 0% used [0x00000000f9d80000,0x00000000f9d80000,0x00000000fb080000)
 ParOldGen       total 103424K, used 58182K [0x00000000e0000000, 0x00000000e6500000, 0x00000000f5580000)
  object space 103424K, 56% used [0x00000000e0000000,0x00000000e38d19f8,0x00000000e6500000)
 Metaspace       used 95130K, capacity 101976K, committed 102272K, reserved 1138688K
  class space    used 11683K, capacity 13669K, committed 13696K, reserved 1048576K
Event: 410.126 GC heap after
Heap after GC invocations=43 (full 9):
 PSYoungGen      total 92672K, used 0K [0x00000000f5580000, 0x00000000fc380000, 0x0000000100000000)
  eden space 73728K, 0% used [0x00000000f5580000,0x00000000f5580000,0x00000000f9d80000)
  from space 18944K, 0% used [0x00000000fb100000,0x00000000fb100000,0x00000000fc380000)
  to   space 19456K, 0% used [0x00000000f9d80000,0x00000000f9d80000,0x00000000fb080000)
 ParOldGen       total 103424K, used 62505K [0x00000000e0000000, 0x00000000e6500000, 0x00000000f5580000)
  object space 103424K, 60% used [0x00000000e0000000,0x00000000e3d0a7b0,0x00000000e6500000)
 Metaspace       used 95130K, capacity 101976K, committed 102272K, reserved 1138688K
  class space    used 11683K, capacity 13669K, committed 13696K, reserved 1048576K
}
Event: 443.576 GC heap before
{Heap before GC invocations=44 (full 9):
 PSYoungGen      total 92672K, used 73728K [0x00000000f5580000, 0x00000000fc380000, 0x0000000100000000)
  eden space 73728K, 100% used [0x00000000f5580000,0x00000000f9d80000,0x00000000f9d80000)
  from space 18944K, 0% used [0x00000000fb100000,0x00000000fb100000,0x00000000fc380000)
  to   space 19456K, 0% used [0x00000000f9d80000,0x00000000f9d80000,0x00000000fb080000)
 ParOldGen       total 103424K, used 62505K [0x00000000e0000000, 0x00000000e6500000, 0x00000000f5580000)
  object space 103424K, 60% used [0x00000000e0000000,0x00000000e3d0a7b0,0x00000000e6500000)
 Metaspace       used 95409K, capacity 102456K, committed 102656K, reserved 1138688K
  class space    used 11687K, capacity 13701K, committed 13824K, reserved 1048576K
Event: 443.580 GC heap after
Heap after GC invocations=44 (full 9):
 PSYoungGen      total 93184K, used 2926K [0x00000000f5580000, 0x00000000fc300000, 0x0000000100000000)
  eden space 73728K, 0% used [0x00000000f5580000,0x00000000f5580000,0x00000000f9d80000)
  from space 19456K, 15% used [0x00000000f9d80000,0x00000000fa05ba00,0x00000000fb080000)
  to   space 18944K, 0% used [0x00000000fb080000,0x00000000fb080000,0x00000000fc300000)
 ParOldGen       total 103424K, used 62513K [0x00000000e0000000, 0x00000000e6500000, 0x00000000f5580000)
  object space 103424K, 60% used [0x00000000e0000000,0x00000000e3d0c7b0,0x00000000e6500000)
 Metaspace       used 95409K, capacity 102456K, committed 102656K, reserved 1138688K
  class space    used 11687K, capacity 13701K, committed 13824K, reserved 1048576K
}
Event: 969.785 GC heap before
{Heap before GC invocations=45 (full 9):
 PSYoungGen      total 93184K, used 76654K [0x00000000f5580000, 0x00000000fc300000, 0x0000000100000000)
  eden space 73728K, 100% used [0x00000000f5580000,0x00000000f9d80000,0x00000000f9d80000)
  from space 19456K, 15% used [0x00000000f9d80000,0x00000000fa05ba00,0x00000000fb080000)
  to   space 18944K, 0% used [0x00000000fb080000,0x00000000fb080000,0x00000000fc300000)
 ParOldGen       total 103424K, used 62513K [0x00000000e0000000, 0x00000000e6500000, 0x00000000f5580000)
  object space 103424K, 60% used [0x00000000e0000000,0x00000000e3d0c7b0,0x00000000e6500000)
 Metaspace       used 95979K, capacity 102916K, committed 103168K, reserved 1138688K
  class space    used 11743K, capacity 13767K, committed 13824K, reserved 1048576K
Event: 969.792 GC heap after
Heap after GC invocations=45 (full 9):
 PSYoungGen      total 88064K, used 2617K [0x00000000f5580000, 0x00000000fc000000, 0x0000000100000000)
  eden space 72192K, 0% used [0x00000000f5580000,0x00000000f5580000,0x00000000f9c00000)
  from space 15872K, 16% used [0x00000000fb080000,0x00000000fb30e6d8,0x00000000fc000000)
  to   space 18432K, 0% used [0x00000000f9c00000,0x00000000f9c00000,0x00000000fae00000)
 ParOldGen       total 103424K, used 62521K [0x00000000e0000000, 0x00000000e6500000, 0x00000000f5580000)
  object space 103424K, 60% used [0x00000000e0000000,0x00000000e3d0e7b0,0x00000000e6500000)
 Metaspace       used 95979K, capacity 102916K, committed 103168K, reserved 1138688K
  class space    used 11743K, capacity 13767K, committed 13824K, reserved 1048576K
}

Deoptimization events (10 events):
Event: 970.442 Thread 0x0000000016017800 Uncommon trap: reason=unstable_if action=reinterpret pc=0x0000000003aa271c method=java.nio.charset.CharsetEncoder.encode(Ljava/nio/CharBuffer;Ljava/nio/ByteBuffer;Z)Ljava/nio/charset/CoderResult; @ 105
Event: 970.449 Thread 0x00000000026a2800 Uncommon trap: reason=unstable_if action=reinterpret pc=0x000000000419e1f8 method=org.eclipse.ui.internal.UILockListener.isUI()Z @ 7
Event: 970.449 Thread 0x00000000026a2800 Uncommon trap: reason=unstable_if action=reinterpret pc=0x0000000002b0ee88 method=org.eclipse.swt.graphics.Resource.dispose()V @ 15
Event: 970.984 Thread 0x00000000026a2800 Uncommon trap: reason=unstable_if action=reinterpret pc=0x0000000003554c6c method=org.eclipse.core.runtime.internal.adaptor.EclipseLazyStarter.shouldActivateFor(Ljava/lang/String;Lorg/eclipse/osgi/baseadaptor/BaseData;Lorg/eclipse/core/runtime/internal/ada~koàSXŽ@
Event: 971.041 Thread 0x00000000219b8800 Uncommon trap: reason=unstable_if action=reinterpret pc=0x0000000002a19fec method=org.eclipse.core.runtime.internal.adaptor.EclipseLazyStarter.postFindLocalClass(Ljava/lang/String;Ljava/lang/Class;Lorg/eclipse/osgi/baseadaptor/loader/ClasspathManager;)V @ ï÷+;uXŽ@
Event: 971.057 Thread 0x00000000219b8800 Uncommon trap: reason=unstable_if action=reinterpret pc=0x0000000002a30474 method=org.eclipse.core.internal.resources.MarkerSet.get(J)Lorg/eclipse/core/internal/resources/IMarkerSetElement; @ 88
Event: 971.084 Thread 0x00000000202b6800 Uncommon trap: reason=unstable_if action=reinterpret pc=0x0000000004ce0444 method=org.eclipse.core.internal.jobs.JobManager.nextJob()Lorg/eclipse/core/runtime/jobs/Job; @ 80
Event: 971.084 Thread 0x000000001a61e000 Uncommon trap: reason=unstable_if action=reinterpret pc=0x0000000004ce0444 method=org.eclipse.core.internal.jobs.JobManager.nextJob()Lorg/eclipse/core/runtime/jobs/Job; @ 80
Event: 971.216 Thread 0x00000000026a2800 Uncommon trap: reason=unstable_if action=reinterpret pc=0x000000000385e81c method=sun.reflect.UnsafeStaticObjectFieldAccessorImpl.set(Ljava/lang/Object;Ljava/lang/Object;)V @ 13
Event: 971.216 Thread 0x00000000026a2800 Uncommon trap: reason=unstable_if action=reinterpret pc=0x0000000003868f68 method=sun.reflect.UnsafeStaticObjectFieldAccessorImpl.set(Ljava/lang/Object;Ljava/lang/Object;)V @ 13

Internal exceptions (10 events):
Event: 971.015 Thread 0x00000000219b8800 Exception <a 'java/io/IOException'> (0x00000000f5d4b7f0) thrown at [C:\re\workspace\8-2-build-windows-amd64-cygwin\jdk8u45\3627\hotspot\src\share\vm\prims\jni.cpp, line 709]
Event: 971.015 Thread 0x00000000219b8800 Exception <a 'java/io/IOException'> (0x00000000f5d4b9f8) thrown at [C:\re\workspace\8-2-build-windows-amd64-cygwin\jdk8u45\3627\hotspot\src\share\vm\prims\jni.cpp, line 709]
Event: 971.057 Thread 0x00000000219b8800 Implicit null exception at 0x0000000002a2fe92 to 0x0000000002a30459
Event: 971.098 Thread 0x0000000017050000 Exception <a 'java/lang/InterruptedException': sleep interrupted> (0x00000000f5f3f780) thrown at [C:\re\workspace\8-2-build-windows-amd64-cygwin\jdk8u45\3627\hotspot\src\share\vm\prims\jvm.cpp, line 3211]
Event: 971.099 Thread 0x0000000021156000 Exception <a 'java/lang/InterruptedException'> (0x00000000f5f99b10) thrown at [C:\re\workspace\8-2-build-windows-amd64-cygwin\jdk8u45\3627\hotspot\src\share\vm\runtime\objectMonitor.cpp, line 1683]
Event: 971.099 Thread 0x0000000016ddf000 Exception <a 'java/lang/InterruptedException'> (0x00000000f5fb7068) thrown at [C:\re\workspace\8-2-build-windows-amd64-cygwin\jdk8u45\3627\hotspot\src\share\vm\runtime\objectMonitor.cpp, line 1683]
Event: 971.215 Thread 0x000000001773d800 Exception <a 'java/lang/InterruptedException'> (0x00000000f5f3f600) thrown at [C:\re\workspace\8-2-build-windows-amd64-cygwin\jdk8u45\3627\hotspot\src\share\vm\runtime\objectMonitor.cpp, line 1683]
Event: 971.216 Thread 0x00000000026a2800 Implicit null exception at 0x000000000385e417 to 0x000000000385e809
Event: 971.216 Thread 0x00000000026a2800 Implicit null exception at 0x0000000003868e5a to 0x0000000003868f55
Event: 971.217 Thread 0x000000001c286000 Exception <a 'java/io/IOException'> (0x00000000f61a2538) thrown at [C:\re\workspace\8-2-build-windows-amd64-cygwin\jdk8u45\3627\hotspot\src\share\vm\prims\jni.cpp, line 709]

Events (10 events):
Event: 971.216 loading class java/util/IdentityHashMap$IdentityHashMapIterator
Event: 971.216 loading class java/util/IdentityHashMap$IdentityHashMapIterator done
Event: 971.216 loading class java/util/IdentityHashMap$KeyIterator done
Event: 971.216 Thread 0x000000001c286000 Thread added: 0x000000001c286000
Event: 971.217 Executing VM operation: RevokeBias
Event: 971.217 Executing VM operation: RevokeBias done
Event: 971.217 Executing VM operation: RevokeBias
Event: 971.217 Executing VM operation: RevokeBias done
Event: 971.217 Thread 0x000000001c286000 Thread exited: 0x000000001c286000
Event: 971.218 Executing VM operation: Exit


Dynamic libraries:
0x0000000000400000 - 0x000000000044f000 	C:\Logiciels\Xilinx\SDK\2015.4\eclipse\win64.o\eclipse.exe
0x00007ffcf0c00000 - 0x00007ffcf0dc1000 	C:\windows\SYSTEM32\ntdll.dll
0x00007ffcee000000 - 0x00007ffcee0ad000 	C:\windows\system32\KERNEL32.DLL
0x00007ffced700000 - 0x00007ffced8e8000 	C:\windows\system32\KERNELBASE.dll
0x00007ffcee0b0000 - 0x00007ffcee206000 	C:\windows\system32\USER32.dll
0x00007ffcf0390000 - 0x00007ffcf0516000 	C:\windows\system32\GDI32.dll
0x00007ffcf0080000 - 0x00007ffcf011d000 	C:\windows\system32\msvcrt.dll
0x00007ffce51b0000 - 0x00007ffce5424000 	C:\windows\WinSxS\amd64_microsoft.windows.common-controls_6595b64144ccf1df_6.0.10586.589_none_a2ddb3caa539acce\COMCTL32.dll
0x00007ffcee750000 - 0x00007ffcee9cd000 	C:\windows\system32\combase.dll
0x00007ffcf0910000 - 0x00007ffcf0a2c000 	C:\windows\system32\RPCRT4.dll
0x00007ffced340000 - 0x00007ffced3aa000 	C:\windows\system32\bcryptPrimitives.dll
0x00007ffcf0350000 - 0x00007ffcf038b000 	C:\windows\system32\IMM32.DLL
0x0000000072000000 - 0x0000000072012000 	C:\Logiciels\Xilinx\SDK\2015.4\eclipse\win64.o\plugins\org.eclipse.equinox.launcher.win32.win32.x86_64_1.1.200.v20140116-2212\eclipse_1503.dll
0x00007ffcf0a40000 - 0x00007ffcf0ae7000 	C:\windows\system32\ADVAPI32.dll
0x00007ffcf0890000 - 0x00007ffcf08eb000 	C:\windows\system32\sechost.dll
0x00007ffcec5f0000 - 0x00007ffcec5fa000 	C:\windows\SYSTEM32\VERSION.dll
0x00007ffceb870000 - 0x00007ffceb906000 	C:\windows\system32\uxtheme.dll
0x00007ffcf06d0000 - 0x00007ffcf082a000 	C:\windows\system32\MSCTF.dll
0x0000000074a30000 - 0x00000000752b3000 	C:\Logiciels\Xilinx\SDK\2015.4\tps\win64\jre\bin\server\jvm.dll
0x00007ffcf0250000 - 0x00007ffcf0258000 	C:\windows\system32\PSAPI.DLL
0x00007ffce3850000 - 0x00007ffce3859000 	C:\windows\SYSTEM32\WSOCK32.dll
0x00007ffceb540000 - 0x00007ffceb563000 	C:\windows\SYSTEM32\WINMM.dll
0x0000000075620000 - 0x00000000756f2000 	C:\windows\SYSTEM32\MSVCR100.dll
0x00007ffcf0260000 - 0x00007ffcf02cb000 	C:\windows\system32\WS2_32.dll
0x00007ffceac30000 - 0x00007ffceac5c000 	C:\windows\SYSTEM32\WINMMBASE.dll
0x00007ffced3b0000 - 0x00007ffced3f3000 	C:\windows\system32\cfgmgr32.dll
0x00000000748f0000 - 0x00000000748ff000 	C:\Logiciels\Xilinx\SDK\2015.4\tps\win64\jre\bin\verify.dll
0x00000000748c0000 - 0x00000000748e9000 	C:\Logiciels\Xilinx\SDK\2015.4\tps\win64\jre\bin\java.dll
0x00000000748a0000 - 0x00000000748b6000 	C:\Logiciels\Xilinx\SDK\2015.4\tps\win64\jre\bin\zip.dll
0x00007ffcee9d0000 - 0x00007ffceff2c000 	C:\windows\system32\SHELL32.dll
0x00007ffced8f0000 - 0x00007ffcedf35000 	C:\windows\system32\windows.storage.dll
0x00007ffcf0830000 - 0x00007ffcf0882000 	C:\windows\system32\shlwapi.dll
0x00007ffced220000 - 0x00007ffced22f000 	C:\windows\system32\kernel.appcore.dll
0x00007ffcedf40000 - 0x00007ffcedff5000 	C:\windows\system32\shcore.dll
0x00007ffced260000 - 0x00007ffced2ab000 	C:\windows\system32\powrprof.dll
0x00007ffced230000 - 0x00007ffced244000 	C:\windows\system32\profapi.dll
0x00007ffcecc00000 - 0x00007ffcecc17000 	C:\windows\SYSTEM32\CRYPTSP.dll
0x00007ffcec890000 - 0x00007ffcec8c4000 	C:\windows\system32\rsaenh.dll
0x00007ffcece20000 - 0x00007ffcece49000 	C:\windows\SYSTEM32\bcrypt.dll
0x00007ffcec9e0000 - 0x00007ffcec9ff000 	C:\windows\SYSTEM32\USERENV.dll
0x00007ffcecd20000 - 0x00007ffcecd2b000 	C:\windows\SYSTEM32\CRYPTBASE.dll
0x0000000074880000 - 0x000000007489a000 	C:\Logiciels\Xilinx\SDK\2015.4\tps\win64\jre\bin\net.dll
0x00007ffcecb50000 - 0x00007ffcecbac000 	C:\windows\system32\mswsock.dll
0x00007ffce7010000 - 0x00007ffce7048000 	C:\windows\SYSTEM32\IPHLPAPI.DLL
0x00007ffcf0a30000 - 0x00007ffcf0a38000 	C:\windows\system32\NSI.dll
0x00007ffce6ff0000 - 0x00007ffce7006000 	C:\windows\SYSTEM32\dhcpcsvc6.DLL
0x00007ffce6fd0000 - 0x00007ffce6fea000 	C:\windows\SYSTEM32\dhcpcsvc.DLL
0x0000000074860000 - 0x0000000074871000 	C:\Logiciels\Xilinx\SDK\2015.4\tps\win64\jre\bin\nio.dll
0x00007ffce49a0000 - 0x00007ffce49b6000 	C:\windows\system32\napinsp.dll
0x00007ffce49c0000 - 0x00007ffce49da000 	C:\windows\system32\pnrpnsp.dll
0x00007ffce4c00000 - 0x00007ffce4c18000 	C:\windows\system32\NLAapi.dll
0x00007ffceba10000 - 0x00007ffcebaba000 	C:\windows\SYSTEM32\DNSAPI.dll
0x00007ffce4da0000 - 0x00007ffce4dad000 	C:\windows\System32\winrnr.dll
0x00007ffce5940000 - 0x00007ffce594a000 	C:\Windows\System32\rasadhlp.dll
0x00007ffce6f10000 - 0x00007ffce6f77000 	C:\windows\System32\fwpuclnt.dll
0x0000000018fc0000 - 0x0000000019068000 	C:\Users\guvacc\.Xilinx\SDK\2015.4\org.eclipse.osgi\bundles\303\1\.cp\swt-win32-4335.dll
0x00007ffceff30000 - 0x00007ffcf0073000 	C:\windows\system32\ole32.dll
0x00007ffcf0180000 - 0x00007ffcf0246000 	C:\windows\system32\OLEAUT32.dll
0x00007ffcf0af0000 - 0x00007ffcf0bfb000 	C:\windows\system32\comdlg32.dll
0x00007ffced2b0000 - 0x00007ffced336000 	C:\windows\system32\FirewallAPI.dll
0x00007ffced400000 - 0x00007ffced417000 	C:\windows\system32\NETAPI32.dll
0x00007ffced530000 - 0x00007ffced6f8000 	C:\windows\system32\CRYPT32.dll
0x00007ffced250000 - 0x00007ffced260000 	C:\windows\system32\MSASN1.dll
0x00007ffce6de0000 - 0x00007ffce6e64000 	C:\windows\SYSTEM32\WINSPOOL.DRV
0x00007ffceabd0000 - 0x00007ffceabe8000 	C:\windows\SYSTEM32\USP10.dll
0x00007ffce0a60000 - 0x00007ffce0d58000 	C:\windows\SYSTEM32\WININET.dll
0x00007ffce51a0000 - 0x00007ffce51ac000 	C:\windows\SYSTEM32\DAVHLPR.DLL
0x00007ffcebd20000 - 0x00007ffcebd52000 	C:\windows\SYSTEM32\fwbase.dll
0x00007ffcea370000 - 0x00007ffcea392000 	C:\windows\system32\dwmapi.dll
0x00007ffcead60000 - 0x00007ffceaee6000 	C:\windows\SYSTEM32\propsys.dll
0x00007ffcee6a0000 - 0x00007ffcee747000 	C:\windows\system32\clbcatq.dll
0x00000000190d0000 - 0x00000000190ee000 	C:\Users\guvacc\.Xilinx\SDK\2015.4\org.eclipse.osgi\bundles\303\1\.cp\swt-gdip-win32-4335.dll
0x00007ffce7680000 - 0x00007ffce7828000 	C:\windows\WinSxS\amd64_microsoft.windows.gdiplus_6595b64144ccf1df_1.1.10586.589_none_d3c8a6afffcc269c\gdiplus.dll
0x00007ffce6990000 - 0x00007ffce6b41000 	C:\windows\SYSTEM32\WindowsCodecs.dll
0x0000000180000000 - 0x0000000180012000 	C:\Users\guvacc\.Xilinx\SDK\2015.4\org.eclipse.osgi\bundles\121\1\.cp\os\win32\x86_64\localfile_1_0_0.dll
0x00007ffceab50000 - 0x00007ffceab61000 	C:\Users\guvacc\.Xilinx\SDK\2015.4\org.eclipse.osgi\bundles\124\1\.cp\jWinHttp-1.0.0.dll
0x00007ffceb010000 - 0x00007ffceb0d8000 	C:\windows\SYSTEM32\WINHTTP.dll
0x00007ffce9d20000 - 0x00007ffce9d8a000 	C:\windows\SYSTEM32\oleacc.dll
0x00007ffceab40000 - 0x00007ffceab4f000 	C:\Logiciels\Xilinx\SDK\2015.4\lib\win64.o\librdi_repo_manager.dll
0x00007ffceaa70000 - 0x00007ffceaa9a000 	C:\Logiciels\Xilinx\SDK\2015.4\lib\win64.o\libisl_sysinfo.dll
0x00007ffca9450000 - 0x00007ffca963c000 	C:\Logiciels\Xilinx\SDK\2015.4\lib\win64.o\librdi_hsm.dll
0x00007ffcea9b0000 - 0x00007ffceaa57000 	C:\windows\SYSTEM32\MSVCP110.dll
0x00007ffcde230000 - 0x00007ffcde304000 	C:\windows\SYSTEM32\MSVCR110.dll
0x00007ffca8ac0000 - 0x00007ffca944d000 	C:\Logiciels\Xilinx\SDK\2015.4\lib\win64.o\librdi_common.dll
0x00007ffccace0000 - 0x00007ffccad34000 	C:\Logiciels\Xilinx\SDK\2015.4\lib\win64.o\librdi_commonxillic.dll
0x00007ffcdd2f0000 - 0x00007ffcdd312000 	C:\Logiciels\Xilinx\SDK\2015.4\lib\win64.o\libboost_filesystem.dll
0x00007ffca89c0000 - 0x00007ffca8aba000 	C:\Logiciels\Xilinx\SDK\2015.4\lib\win64.o\libboost_regex.dll
0x00007ffceab30000 - 0x00007ffceab39000 	C:\Logiciels\Xilinx\SDK\2015.4\lib\win64.o\libboost_system.dll
0x00007ffca8760000 - 0x00007ffca89b5000 	C:\Logiciels\Xilinx\SDK\2015.4\lib\win64.o\librdi_ippcw.dll
0x0000000074900000 - 0x0000000074a27000 	C:\Logiciels\Xilinx\SDK\2015.4\lib\win64.o\tcl85t.dll
0x00007ffca83f0000 - 0x00007ffca875e000 	C:\Logiciels\Xilinx\SDK\2015.4\lib\win64.o\libCOIN-all.dll
0x00007ffccac90000 - 0x00007ffccacd3000 	C:\Logiciels\Xilinx\SDK\2015.4\lib\win64.o\librdi_hdf.dll
0x00007ffce93c0000 - 0x00007ffce93d3000 	C:\Logiciels\Xilinx\SDK\2015.4\lib\win64.o\libboost_signals.dll
0x00007ffcc8fa0000 - 0x00007ffcc9014000 	C:\Logiciels\Xilinx\SDK\2015.4\lib\win64.o\libboost_program_options.dll
0x00007ffceaa60000 - 0x00007ffceaa70000 	C:\Logiciels\Xilinx\SDK\2015.4\lib\win64.o\libboost_date_time.dll
0x00007ffce9280000 - 0x00007ffce928b000 	C:\Logiciels\Xilinx\SDK\2015.4\lib\win64.o\libboost_xilinx.dll
0x00007ffce8cd0000 - 0x00007ffce8ced000 	C:\Logiciels\Xilinx\SDK\2015.4\lib\win64.o\libboost_thread.dll
0x00007ffcc72c0000 - 0x00007ffcc7340000 	C:\Logiciels\Xilinx\SDK\2015.4\lib\win64.o\libhdlpsolve.dll
0x00007ffca7f10000 - 0x00007ffca7faa000 	C:\Logiciels\Xilinx\SDK\2015.4\lib\win64.o\libhdxml.dll
0x00007ffca7fb0000 - 0x00007ffca83e4e00 	C:\Logiciels\Xilinx\SDK\2015.4\lib\win64.o\libisl_iostreams.dll
0x00007ffca7de0000 - 0x00007ffca7f10000 	C:\Logiciels\Xilinx\SDK\2015.4\lib\win64.o\librdi_curl.dll
0x00007ffce02d0000 - 0x00007ffce02e8000 	C:\Logiciels\Xilinx\SDK\2015.4\lib\win64.o\librdiconfig.dll
0x00007ffcdab70000 - 0x00007ffcdab93000 	C:\Logiciels\Xilinx\SDK\2015.4\lib\win64.o\librdizlib.dll
0x00007ffce08a0000 - 0x00007ffce0a57000 	C:\windows\SYSTEM32\urlmon.dll
0x00007ffce8f10000 - 0x00007ffce8f33000 	C:\windows\SYSTEM32\VCOMP110.DLL
0x0000000025d70000 - 0x0000000025fd3000 	C:\Logiciels\Xilinx\SDK\2015.4\lib\win64.o\xerces-c_3_1.dll
0x00007ffca7bc0000 - 0x00007ffca7dde000 	C:\Logiciels\Xilinx\SDK\2015.4\lib\win64.o\libXil_lmgr11.dll
0x00007ffced420000 - 0x00007ffced475000 	C:\windows\system32\WINTRUST.dll
0x00007ffce9220000 - 0x00007ffce922b000 	C:\Logiciels\Xilinx\SDK\2015.4\lib\win64.o\libboost_chrono.dll
0x00007ffcdfb90000 - 0x00007ffcdfba6000 	C:\Logiciels\Xilinx\SDK\2015.4\lib\win64.o\libboost_iostreams.dll
0x00007ffcda940000 - 0x00007ffcda963000 	C:\Logiciels\Xilinx\SDK\2015.4\lib\win64.o\libisl_iosutils.dll
0x00007ffce88d0000 - 0x00007ffce8c58000 	C:\windows\SYSTEM32\iertutil.dll
0x00007ffcdf720000 - 0x00007ffcdf735000 	C:\Logiciels\Xilinx\SDK\2015.4\lib\win64.o\pthreadVC2.dll
0x00007ffceabf0000 - 0x00007ffceabf7000 	C:\windows\SYSTEM32\msimg32.dll
0x00007ffcdc920000 - 0x00007ffcdc970000 	C:\windows\SYSTEM32\edputil.dll
0x00007ffca6b70000 - 0x00007ffca7380000 	C:\Logiciels\Xilinx\SDK\2015.4\lib\win64.o\libXil_lmgr11FNP.dll
0x00007ffcee210000 - 0x00007ffcee639000 	C:\windows\system32\SETUPAPI.dll
0x00007ffcdfbe0000 - 0x00007ffcdfbec000 	C:\windows\SYSTEM32\snmpapi.dll
0x00007ffcecf30000 - 0x00007ffcecf5d000 	C:\windows\SYSTEM32\SspiCli.dll
0x00007ffcec4f0000 - 0x00007ffcec521000 	C:\windows\SYSTEM32\ntmarta.dll
0x00007ffce7050000 - 0x00007ffce705b000 	C:\windows\SYSTEM32\WINNSI.DLL
0x000000001d8e0000 - 0x000000001d8e3000 	C:\windows\SYSTEM32\icmp.Dll
0x00007ffcdb0a0000 - 0x00007ffcdb0b6000 	C:\Logiciels\Xilinx\SDK\2015.4\eclipse\win64.o\plugins\org.eclipse.cdt.core.win32.x86_64_5.2.0.201402142303\os\win32\x86_64\spawner.dll
0x00007ffcea800000 - 0x00007ffcea80a000 	C:\Logiciels\Xilinx\SDK\2015.4\lib\win64.o\librdi_jtag_settings.dll
0x00007ffcdd510000 - 0x00007ffcdd539000 	C:\Logiciels\Xilinx\SDK\2015.4\lib\win64.o\librdi_debug_dialog.dll
0x00007ffce9180000 - 0x00007ffce9188000 	C:\Logiciels\Xilinx\SDK\2015.4\lib\win64.o\librdi_target_manager.dll
0x0000000071080000 - 0x00000000710a6000 	C:\Logiciels\Xilinx\SDK\2015.4\eclipse\win64.o\plugins\gnu.io.rxtx.win32.x86_64_2.1.7.3_v20071015\os\win32\x86_64\rxtxSerial.dll
0x00007ffceb9c0000 - 0x00007ffceb9e7000 	C:\windows\SYSTEM32\DEVOBJ.dll

VM Arguments:
jvm_args: -Dcom.xilinx.sdk.args.hwspec=C:/Temp/inf3995-02/TP2/tp2Code/adv7511_zed.sdk/system_top.hdf -Xms64m -Xmx512m & 
java_command: <unknown>
java_class_path (initial): C:\Logiciels\Xilinx\SDK\2015.4\eclipse\win64.o\\plugins/org.eclipse.equinox.launcher_1.3.0.v20130327-1440.jar
Launcher Type: generic

Environment Variables:
JAVA_HOME=C:\Program Files\Java\jdk1.8.0_92
USERNAME=guvacc
OS=Windows_NT
PROCESSOR_IDENTIFIER=Intel64 Family 6 Model 30 Stepping 5, GenuineIntel



---------------  S Y S T E M  ---------------

OS: Windows 10.0 , 64 bit Build 10586 (10.0.10586.589)

CPU:total 8 (4 cores per cpu, 2 threads per core) family 6 model 30 stepping 5, cmov, cx8, fxsr, mmx, sse, sse2, sse3, ssse3, sse4.1, sse4.2, popcnt, ht, tsc, tscinvbit

Memory: 4k page, physical 16708992k(12320248k free), swap 19199360k(14242820k free)

vm_info: Java HotSpot(TM) 64-Bit Server VM (25.45-b02) for windows-amd64 JRE (1.8.0_45-b15), built on Apr 30 2015 12:40:44 by "java_re" with MS VC++ 10.0 (VS2010)

time: Mon Sep 19 13:49:57 2016
elapsed time: 971 seconds (0d 0h 16m 11s)

