12:51:31 **** Auto Build of configuration Debug for project INF3995_TP2 ****
make all 
Building file: ../src/bitmap.c
Invoking: ARM gcc compiler
arm-xilinx-eabi-gcc -Wall -O0 -g3 -c -fmessage-length=0 -MT"src/bitmap.o" -I../../INF3995_TP2_bsp/ps7_cortexa9_0/include -MMD -MP -MF"src/bitmap.d" -MT"src/bitmap.d" -o "src/bitmap.o" "../src/bitmap.c"
Finished building: ../src/bitmap.c
 
Building file: ../src/cf_hdmi.c
Invoking: ARM gcc compiler
arm-xilinx-eabi-gcc -Wall -O0 -g3 -c -fmessage-length=0 -MT"src/cf_hdmi.o" -I../../INF3995_TP2_bsp/ps7_cortexa9_0/include -MMD -MP -MF"src/cf_hdmi.d" -MT"src/cf_hdmi.d" -o "src/cf_hdmi.o" "../src/cf_hdmi.c"
Finished building: ../src/cf_hdmi.c
 
Building file: ../src/main.c
Invoking: ARM gcc compiler
arm-xilinx-eabi-gcc -Wall -O0 -g3 -c -fmessage-length=0 -MT"src/main.o" -I../../INF3995_TP2_bsp/ps7_cortexa9_0/include -MMD -MP -MF"src/main.d" -MT"src/main.d" -o "src/main.o" "../src/main.c"
In file included from ../src/main.c:46:0:
../../INF3995_TP2_bsp/ps7_cortexa9_0/include/xbasic_types.h:115:2: warning: #warning The xbasics_type.h file is deprecated and users should use xil_types.h and xil_assert. [-Wcpp]
 #warning  The xbasics_type.h file is deprecated and users should use xil_types.h and xil_assert.
  ^
../../INF3995_TP2_bsp/ps7_cortexa9_0/include/xbasic_types.h:116:2: warning: #warning Please refer the Standalone BSP UG647 for further details [-Wcpp]
 #warning  Please refer the Standalone BSP UG647 for further details
  ^
../src/main.c:49:26: fatal error: atv_platform.h: No such file or directory
 #include "atv_platform.h"
                          ^
compilation terminated.
make: *** [src/main.o] Erreur 1

12:51:33 Build Finished (took 2s.22ms)

